[2019-08-07 09:30:17] local.ERROR: Swift_TransportException: Expected response code 250 but got code "553", with message "553 Mail from must equal authorized user
" in /var/www/html/xapi/vendor/swiftmailer/swiftmailer/lib/classes/Swift/Transport/AbstractSmtpTransport.php:457
Stack trace:
#0 /var/www/html/xapi/vendor/swiftmailer/swiftmailer/lib/classes/Swift/Transport/AbstractSmtpTransport.php(341): Swift_Transport_AbstractSmtpTransport->assertResponseCode('553 Mail from m...', Array)
#1 /var/www/html/xapi/vendor/swiftmailer/swiftmailer/lib/classes/Swift/Transport/EsmtpTransport.php(305): Swift_Transport_AbstractSmtpTransport->executeCommand('MAIL FROM:<1326...', Array, Array, false, NULL)
#2 /var/www/html/xapi/vendor/swiftmailer/swiftmailer/lib/classes/Swift/Transport/AbstractSmtpTransport.php(390): Swift_Transport_EsmtpTransport->executeCommand('DATA\r\n', Array, Array)
#3 /var/www/html/xapi/vendor/swiftmailer/swiftmailer/lib/classes/Swift/Transport/AbstractSmtpTransport.php(497): Swift_Transport_AbstractSmtpTransport->doDataCommand(Array)
#4 /var/www/html/xapi/vendor/swiftmailer/swiftmailer/lib/classes/Swift/Transport/AbstractSmtpTransport.php(516): Swift_Transport_AbstractSmtpTransport->doMailTransaction(Object(Swift_Message), '13265511353@163...', Array, Array)
#5 /var/www/html/xapi/vendor/swiftmailer/swiftmailer/lib/classes/Swift/Transport/AbstractSmtpTransport.php(206): Swift_Transport_AbstractSmtpTransport->sendTo(Object(Swift_Message), '13265511353@163...', Array, Array)
#6 /var/www/html/xapi/vendor/swiftmailer/swiftmailer/lib/classes/Swift/Mailer.php(71): Swift_Transport_AbstractSmtpTransport->send(Object(Swift_Message), Array)
#7 /var/www/html/xapi/vendor/illuminate/mail/Mailer.php(484): Swift_Mailer->send(Object(Swift_Message), Array)
#8 /var/www/html/xapi/vendor/illuminate/mail/Mailer.php(259): Illuminate\Mail\Mailer->sendSwiftMessage(Object(Swift_Message))
#9 /var/www/html/xapi/vendor/illuminate/mail/Mailer.php(183): Illuminate\Mail\Mailer->send(NULL, Array, Object(Closure))
#10 /var/www/html/xapi/vendor/illuminate/support/Facades/Facade.php(237): Illuminate\Mail\Mailer->raw('\xE6\x82\xA8\xE6\xAD\xA3\xE5\x9C\xA8\xE6\x89\xBE\xE5\x9B\x9E...', Object(Closure))
#11 /var/www/html/xapi/app/Services/Sms/Tasks/Email.php(36): Illuminate\Support\Facades\Facade::__callStatic('raw', Array)
#12 /var/www/html/xapi/app/Services/ServiceCaller.php(39): App\Services\Sms\Tasks\Email->run()
#13 /var/www/html/xapi/app/Services/ServiceCaller.php(25): App\Services\ServiceCaller::runTaskService(Object(App\Services\Sms\Tasks\Email))
#14 /var/www/html/xapi/app/Services/ServiceCaller.php(16): App\Services\ServiceCaller::callTaskService(Object(App\Services\Sms\Tasks\Email), Array)
#15 /var/www/html/xapi/app/Jobs/EmailJob.php(44): App\Services\ServiceCaller::call('task', Object(App\Services\Sms\Tasks\Email))
#16 [internal function]: App\Jobs\EmailJob->handle()
#17 /var/www/html/xapi/vendor/illuminate/container/BoundMethod.php(32): call_user_func_array(Array, Array)
#18 /var/www/html/xapi/vendor/illuminate/container/BoundMethod.php(90): Illuminate\Container\BoundMethod::Illuminate\Container\{closure}()
#19 /var/www/html/xapi/vendor/illuminate/container/BoundMethod.php(34): Illuminate\Container\BoundMethod::callBoundMethod(Object(Laravel\Lumen\Application), Array, Object(Closure))
#20 /var/www/html/xapi/vendor/illuminate/container/Container.php(576): Illuminate\Container\BoundMethod::call(Object(Laravel\Lumen\Application), Array, Array, NULL)
#21 /var/www/html/xapi/vendor/illuminate/bus/Dispatcher.php(94): Illuminate\Container\Container->call(Array)
#22 /var/www/html/xapi/vendor/illuminate/pipeline/Pipeline.php(128): Illuminate\Bus\Dispatcher->Illuminate\Bus\{closure}(Object(App\Jobs\EmailJob))
#23 /var/www/html/xapi/vendor/illuminate/pipeline/Pipeline.php(104): Illuminate\Pipeline\Pipeline->Illuminate\Pipeline\{closure}(Object(App\Jobs\EmailJob))
#24 /var/www/html/xapi/vendor/illuminate/bus/Dispatcher.php(98): Illuminate\Pipeline\Pipeline->then(Object(Closure))
#25 /var/www/html/xapi/vendor/illuminate/queue/CallQueuedHandler.php(49): Illuminate\Bus\Dispatcher->dispatchNow(Object(App\Jobs\EmailJob), false)
#26 /var/www/html/xapi/vendor/illuminate/queue/Jobs/Job.php(88): Illuminate\Queue\CallQueuedHandler->call(Object(Illuminate\Queue\Jobs\RedisJob), Array)
#27 /var/www/html/xapi/vendor/illuminate/queue/Worker.php(327): Illuminate\Queue\Jobs\Job->fire()
#28 /var/www/html/xapi/vendor/illuminate/queue/Worker.php(277): Illuminate\Queue\Worker->process('redis', Object(Illuminate\Queue\Jobs\RedisJob), Object(Illuminate\Queue\WorkerOptions))
#29 /var/www/html/xapi/vendor/illuminate/queue/Worker.php(118): Illuminate\Queue\Worker->runJob(Object(Illuminate\Queue\Jobs\RedisJob), 'redis', Object(Illuminate\Queue\WorkerOptions))
#30 /var/www/html/xapi/vendor/illuminate/queue/Console/WorkCommand.php(102): Illuminate\Queue\Worker->daemon('redis', 'default', Object(Illuminate\Queue\WorkerOptions))
#31 /var/www/html/xapi/vendor/illuminate/queue/Console/WorkCommand.php(86): Illuminate\Queue\Console\WorkCommand->runWorker('redis', 'default')
#32 [internal function]: Illuminate\Queue\Console\WorkCommand->handle()
#33 /var/www/html/xapi/vendor/illuminate/container/BoundMethod.php(32): call_user_func_array(Array, Array)
#34 /var/www/html/xapi/vendor/illuminate/container/BoundMethod.php(90): Illuminate\Container\BoundMethod::Illuminate\Container\{closure}()
#35 /var/www/html/xapi/vendor/illuminate/container/BoundMethod.php(34): Illuminate\Container\BoundMethod::callBoundMethod(Object(Laravel\Lumen\Application), Array, Object(Closure))
#36 /var/www/html/xapi/vendor/illuminate/container/Container.php(576): Illuminate\Container\BoundMethod::call(Object(Laravel\Lumen\Application), Array, Array, NULL)
#37 /var/www/html/xapi/vendor/illuminate/console/Command.php(183): Illuminate\Container\Container->call(Array)
#38 /var/www/html/xapi/vendor/symfony/console/Command/Command.php(255): Illuminate\Console\Command->execute(Object(Symfony\Component\Console\Input\ArgvInput), Object(Illuminate\Console\OutputStyle))
#39 /var/www/html/xapi/vendor/illuminate/console/Command.php(170): Symfony\Component\Console\Command\Command->run(Object(Symfony\Component\Console\Input\ArgvInput), Object(Illuminate\Console\OutputStyle))
#40 /var/www/html/xapi/vendor/symfony/console/Application.php(921): Illuminate\Console\Command->run(Object(Symfony\Component\Console\Input\ArgvInput), Object(Symfony\Component\Console\Output\ConsoleOutput))
#41 /var/www/html/xapi/vendor/symfony/console/Application.php(273): Symfony\Component\Console\Application->doRunCommand(Object(Illuminate\Queue\Console\WorkCommand), Object(Symfony\Component\Console\Input\ArgvInput), Object(Symfony\Component\Console\Output\ConsoleOutput))
#42 /var/www/html/xapi/vendor/symfony/console/Application.php(149): Symfony\Component\Console\Application->doRun(Object(Symfony\Component\Console\Input\ArgvInput), Object(Symfony\Component\Console\Output\ConsoleOutput))
#43 /var/www/html/xapi/vendor/illuminate/console/Application.php(90): Symfony\Component\Console\Application->run(Object(Symfony\Component\Console\Input\ArgvInput), Object(Symfony\Component\Console\Output\ConsoleOutput))
#44 /var/www/html/xapi/vendor/laravel/lumen-framework/src/Console/Kernel.php(115): Illuminate\Console\Application->run(Object(Symfony\Component\Console\Input\ArgvInput), Object(Symfony\Component\Console\Output\ConsoleOutput))
#45 /var/www/html/xapi/artisan(35): Laravel\Lumen\Console\Kernel->handle(Object(Symfony\Component\Console\Input\ArgvInput), Object(Symfony\Component\Console\Output\ConsoleOutput))
#46 {main} {"exception":"[object] (Swift_TransportException(code: 553): Expected response code 250 but got code \"553\", with message \"553 Mail from must equal authorized user
\" at /var/www/html/xapi/vendor/swiftmailer/swiftmailer/lib/classes/Swift/Transport/AbstractSmtpTransport.php:457)
[stacktrace]
#0 /var/www/html/xapi/vendor/swiftmailer/swiftmailer/lib/classes/Swift/Transport/AbstractSmtpTransport.php(341): Swift_Transport_AbstractSmtpTransport->assertResponseCode('553 Mail from m...', Array)
#1 /var/www/html/xapi/vendor/swiftmailer/swiftmailer/lib/classes/Swift/Transport/EsmtpTransport.php(305): Swift_Transport_AbstractSmtpTransport->executeCommand('MAIL FROM:<1326...', Array, Array, false, NULL)
#2 /var/www/html/xapi/vendor/swiftmailer/swiftmailer/lib/classes/Swift/Transport/AbstractSmtpTransport.php(390): Swift_Transport_EsmtpTransport->executeCommand('DATA\\
', Array, Array)
#3 /var/www/html/xapi/vendor/swiftmailer/swiftmailer/lib/classes/Swift/Transport/AbstractSmtpTransport.php(497): Swift_Transport_AbstractSmtpTransport->doDataCommand(Array)
#4 /var/www/html/xapi/vendor/swiftmailer/swiftmailer/lib/classes/Swift/Transport/AbstractSmtpTransport.php(516): Swift_Transport_AbstractSmtpTransport->doMailTransaction(Object(Swift_Message), '13265511353@163...', Array, Array)
#5 /var/www/html/xapi/vendor/swiftmailer/swiftmailer/lib/classes/Swift/Transport/AbstractSmtpTransport.php(206): Swift_Transport_AbstractSmtpTransport->sendTo(Object(Swift_Message), '13265511353@163...', Array, Array)
#6 /var/www/html/xapi/vendor/swiftmailer/swiftmailer/lib/classes/Swift/Mailer.php(71): Swift_Transport_AbstractSmtpTransport->send(Object(Swift_Message), Array)
#7 /var/www/html/xapi/vendor/illuminate/mail/Mailer.php(484): Swift_Mailer->send(Object(Swift_Message), Array)
#8 /var/www/html/xapi/vendor/illuminate/mail/Mailer.php(259): Illuminate\\Mail\\Mailer->sendSwiftMessage(Object(Swift_Message))
#9 /var/www/html/xapi/vendor/illuminate/mail/Mailer.php(183): Illuminate\\Mail\\Mailer->send(NULL, Array, Object(Closure))
#10 /var/www/html/xapi/vendor/illuminate/support/Facades/Facade.php(237): Illuminate\\Mail\\Mailer->raw('\\xE6\\x82\\xA8\\xE6\\xAD\\xA3\\xE5\\x9C\\xA8\\xE6\\x89\\xBE\\xE5\\x9B\\x9E...', Object(Closure))
#11 /var/www/html/xapi/app/Services/Sms/Tasks/Email.php(36): Illuminate\\Support\\Facades\\Facade::__callStatic('raw', Array)
#12 /var/www/html/xapi/app/Services/ServiceCaller.php(39): App\\Services\\Sms\\Tasks\\Email->run()
#13 /var/www/html/xapi/app/Services/ServiceCaller.php(25): App\\Services\\ServiceCaller::runTaskService(Object(App\\Services\\Sms\\Tasks\\Email))
#14 /var/www/html/xapi/app/Services/ServiceCaller.php(16): App\\Services\\ServiceCaller::callTaskService(Object(App\\Services\\Sms\\Tasks\\Email), Array)
#15 /var/www/html/xapi/app/Jobs/EmailJob.php(44): App\\Services\\ServiceCaller::call('task', Object(App\\Services\\Sms\\Tasks\\Email))
#16 [internal function]: App\\Jobs\\EmailJob->handle()
#17 /var/www/html/xapi/vendor/illuminate/container/BoundMethod.php(32): call_user_func_array(Array, Array)
#18 /var/www/html/xapi/vendor/illuminate/container/BoundMethod.php(90): Illuminate\\Container\\BoundMethod::Illuminate\\Container\\{closure}()
#19 /var/www/html/xapi/vendor/illuminate/container/BoundMethod.php(34): Illuminate\\Container\\BoundMethod::callBoundMethod(Object(Laravel\\Lumen\\Application), Array, Object(Closure))
#20 /var/www/html/xapi/vendor/illuminate/container/Container.php(576): Illuminate\\Container\\BoundMethod::call(Object(Laravel\\Lumen\\Application), Array, Array, NULL)
#21 /var/www/html/xapi/vendor/illuminate/bus/Dispatcher.php(94): Illuminate\\Container\\Container->call(Array)
#22 /var/www/html/xapi/vendor/illuminate/pipeline/Pipeline.php(128): Illuminate\\Bus\\Dispatcher->Illuminate\\Bus\\{closure}(Object(App\\Jobs\\EmailJob))
#23 /var/www/html/xapi/vendor/illuminate/pipeline/Pipeline.php(104): Illuminate\\Pipeline\\Pipeline->Illuminate\\Pipeline\\{closure}(Object(App\\Jobs\\EmailJob))
#24 /var/www/html/xapi/vendor/illuminate/bus/Dispatcher.php(98): Illuminate\\Pipeline\\Pipeline->then(Object(Closure))
#25 /var/www/html/xapi/vendor/illuminate/queue/CallQueuedHandler.php(49): Illuminate\\Bus\\Dispatcher->dispatchNow(Object(App\\Jobs\\EmailJob), false)
#26 /var/www/html/xapi/vendor/illuminate/queue/Jobs/Job.php(88): Illuminate\\Queue\\CallQueuedHandler->call(Object(Illuminate\\Queue\\Jobs\\RedisJob), Array)
#27 /var/www/html/xapi/vendor/illuminate/queue/Worker.php(327): Illuminate\\Queue\\Jobs\\Job->fire()
#28 /var/www/html/xapi/vendor/illuminate/queue/Worker.php(277): Illuminate\\Queue\\Worker->process('redis', Object(Illuminate\\Queue\\Jobs\\RedisJob), Object(Illuminate\\Queue\\WorkerOptions))
#29 /var/www/html/xapi/vendor/illuminate/queue/Worker.php(118): Illuminate\\Queue\\Worker->runJob(Object(Illuminate\\Queue\\Jobs\\RedisJob), 'redis', Object(Illuminate\\Queue\\WorkerOptions))
#30 /var/www/html/xapi/vendor/illuminate/queue/Console/WorkCommand.php(102): Illuminate\\Queue\\Worker->daemon('redis', 'default', Object(Illuminate\\Queue\\WorkerOptions))
#31 /var/www/html/xapi/vendor/illuminate/queue/Console/WorkCommand.php(86): Illuminate\\Queue\\Console\\WorkCommand->runWorker('redis', 'default')
#32 [internal function]: Illuminate\\Queue\\Console\\WorkCommand->handle()
#33 /var/www/html/xapi/vendor/illuminate/container/BoundMethod.php(32): call_user_func_array(Array, Array)
#34 /var/www/html/xapi/vendor/illuminate/container/BoundMethod.php(90): Illuminate\\Container\\BoundMethod::Illuminate\\Container\\{closure}()
#35 /var/www/html/xapi/vendor/illuminate/container/BoundMethod.php(34): Illuminate\\Container\\BoundMethod::callBoundMethod(Object(Laravel\\Lumen\\Application), Array, Object(Closure))
#36 /var/www/html/xapi/vendor/illuminate/container/Container.php(576): Illuminate\\Container\\BoundMethod::call(Object(Laravel\\Lumen\\Application), Array, Array, NULL)
#37 /var/www/html/xapi/vendor/illuminate/console/Command.php(183): Illuminate\\Container\\Container->call(Array)
#38 /var/www/html/xapi/vendor/symfony/console/Command/Command.php(255): Illuminate\\Console\\Command->execute(Object(Symfony\\Component\\Console\\Input\\ArgvInput), Object(Illuminate\\Console\\OutputStyle))
#39 /var/www/html/xapi/vendor/illuminate/console/Command.php(170): Symfony\\Component\\Console\\Command\\Command->run(Object(Symfony\\Component\\Console\\Input\\ArgvInput), Object(Illuminate\\Console\\OutputStyle))
#40 /var/www/html/xapi/vendor/symfony/console/Application.php(921): Illuminate\\Console\\Command->run(Object(Symfony\\Component\\Console\\Input\\ArgvInput), Object(Symfony\\Component\\Console\\Output\\ConsoleOutput))
#41 /var/www/html/xapi/vendor/symfony/console/Application.php(273): Symfony\\Component\\Console\\Application->doRunCommand(Object(Illuminate\\Queue\\Console\\WorkCommand), Object(Symfony\\Component\\Console\\Input\\ArgvInput), Object(Symfony\\Component\\Console\\Output\\ConsoleOutput))
#42 /var/www/html/xapi/vendor/symfony/console/Application.php(149): Symfony\\Component\\Console\\Application->doRun(Object(Symfony\\Component\\Console\\Input\\ArgvInput), Object(Symfony\\Component\\Console\\Output\\ConsoleOutput))
#43 /var/www/html/xapi/vendor/illuminate/console/Application.php(90): Symfony\\Component\\Console\\Application->run(Object(Symfony\\Component\\Console\\Input\\ArgvInput), Object(Symfony\\Component\\Console\\Output\\ConsoleOutput))
#44 /var/www/html/xapi/vendor/laravel/lumen-framework/src/Console/Kernel.php(115): Illuminate\\Console\\Application->run(Object(Symfony\\Component\\Console\\Input\\ArgvInput), Object(Symfony\\Component\\Console\\Output\\ConsoleOutput))
#45 /var/www/html/xapi/artisan(35): Laravel\\Lumen\\Console\\Kernel->handle(Object(Symfony\\Component\\Console\\Input\\ArgvInput), Object(Symfony\\Component\\Console\\Output\\ConsoleOutput))
#46 {main}
"} 
[2019-08-07 09:30:38] local.ERROR: Swift_TransportException: Expected response code 250 but got an empty response in /var/www/html/xapi/vendor/swiftmailer/swiftmailer/lib/classes/Swift/Transport/AbstractSmtpTransport.php:445
Stack trace:
#0 /var/www/html/xapi/vendor/swiftmailer/swiftmailer/lib/classes/Swift/Transport/AbstractSmtpTransport.php(341): Swift_Transport_AbstractSmtpTransport->assertResponseCode('', Array)
#1 /var/www/html/xapi/vendor/swiftmailer/swiftmailer/lib/classes/Swift/Transport/EsmtpTransport.php(305): Swift_Transport_AbstractSmtpTransport->executeCommand('HELO [127.0.0.1...', Array, Array, false, NULL)
#2 /var/www/html/xapi/vendor/swiftmailer/swiftmailer/lib/classes/Swift/Transport/AbstractSmtpTransport.php(365): Swift_Transport_EsmtpTransport->executeCommand('HELO [127.0.0.1...', Array)
#3 /var/www/html/xapi/vendor/swiftmailer/swiftmailer/lib/classes/Swift/Transport/EsmtpTransport.php(341): Swift_Transport_AbstractSmtpTransport->doHeloCommand()
#4 /var/www/html/xapi/vendor/swiftmailer/swiftmailer/lib/classes/Swift/Transport/AbstractSmtpTransport.php(148): Swift_Transport_EsmtpTransport->doHeloCommand()
#5 /var/www/html/xapi/vendor/swiftmailer/swiftmailer/lib/classes/Swift/Mailer.php(65): Swift_Transport_AbstractSmtpTransport->start()
#6 /var/www/html/xapi/vendor/illuminate/mail/Mailer.php(484): Swift_Mailer->send(Object(Swift_Message), Array)
#7 /var/www/html/xapi/vendor/illuminate/mail/Mailer.php(259): Illuminate\Mail\Mailer->sendSwiftMessage(Object(Swift_Message))
#8 /var/www/html/xapi/vendor/illuminate/mail/Mailer.php(183): Illuminate\Mail\Mailer->send(NULL, Array, Object(Closure))
#9 /var/www/html/xapi/vendor/illuminate/support/Facades/Facade.php(237): Illuminate\Mail\Mailer->raw('\xE6\x82\xA8\xE6\xAD\xA3\xE5\x9C\xA8\xE6\x89\xBE\xE5\x9B\x9E...', Object(Closure))
#10 /var/www/html/xapi/app/Services/Sms/Tasks/Email.php(36): Illuminate\Support\Facades\Facade::__callStatic('raw', Array)
#11 /var/www/html/xapi/app/Services/ServiceCaller.php(39): App\Services\Sms\Tasks\Email->run()
#12 /var/www/html/xapi/app/Services/ServiceCaller.php(25): App\Services\ServiceCaller::runTaskService(Object(App\Services\Sms\Tasks\Email))
#13 /var/www/html/xapi/app/Services/ServiceCaller.php(16): App\Services\ServiceCaller::callTaskService(Object(App\Services\Sms\Tasks\Email), Array)
#14 /var/www/html/xapi/app/Jobs/EmailJob.php(44): App\Services\ServiceCaller::call('task', Object(App\Services\Sms\Tasks\Email))
#15 [internal function]: App\Jobs\EmailJob->handle()
#16 /var/www/html/xapi/vendor/illuminate/container/BoundMethod.php(32): call_user_func_array(Array, Array)
#17 /var/www/html/xapi/vendor/illuminate/container/BoundMethod.php(90): Illuminate\Container\BoundMethod::Illuminate\Container\{closure}()
#18 /var/www/html/xapi/vendor/illuminate/container/BoundMethod.php(34): Illuminate\Container\BoundMethod::callBoundMethod(Object(Laravel\Lumen\Application), Array, Object(Closure))
#19 /var/www/html/xapi/vendor/illuminate/container/Container.php(576): Illuminate\Container\BoundMethod::call(Object(Laravel\Lumen\Application), Array, Array, NULL)
#20 /var/www/html/xapi/vendor/illuminate/bus/Dispatcher.php(94): Illuminate\Container\Container->call(Array)
#21 /var/www/html/xapi/vendor/illuminate/pipeline/Pipeline.php(128): Illuminate\Bus\Dispatcher->Illuminate\Bus\{closure}(Object(App\Jobs\EmailJob))
#22 /var/www/html/xapi/vendor/illuminate/pipeline/Pipeline.php(104): Illuminate\Pipeline\Pipeline->Illuminate\Pipeline\{closure}(Object(App\Jobs\EmailJob))
#23 /var/www/html/xapi/vendor/illuminate/bus/Dispatcher.php(98): Illuminate\Pipeline\Pipeline->then(Object(Closure))
#24 /var/www/html/xapi/vendor/illuminate/queue/CallQueuedHandler.php(49): Illuminate\Bus\Dispatcher->dispatchNow(Object(App\Jobs\EmailJob), false)
#25 /var/www/html/xapi/vendor/illuminate/queue/Jobs/Job.php(88): Illuminate\Queue\CallQueuedHandler->call(Object(Illuminate\Queue\Jobs\RedisJob), Array)
#26 /var/www/html/xapi/vendor/illuminate/queue/Worker.php(327): Illuminate\Queue\Jobs\Job->fire()
#27 /var/www/html/xapi/vendor/illuminate/queue/Worker.php(277): Illuminate\Queue\Worker->process('redis', Object(Illuminate\Queue\Jobs\RedisJob), Object(Illuminate\Queue\WorkerOptions))
#28 /var/www/html/xapi/vendor/illuminate/queue/Worker.php(118): Illuminate\Queue\Worker->runJob(Object(Illuminate\Queue\Jobs\RedisJob), 'redis', Object(Illuminate\Queue\WorkerOptions))
#29 /var/www/html/xapi/vendor/illuminate/queue/Console/WorkCommand.php(102): Illuminate\Queue\Worker->daemon('redis', 'default', Object(Illuminate\Queue\WorkerOptions))
#30 /var/www/html/xapi/vendor/illuminate/queue/Console/WorkCommand.php(86): Illuminate\Queue\Console\WorkCommand->runWorker('redis', 'default')
#31 [internal function]: Illuminate\Queue\Console\WorkCommand->handle()
#32 /var/www/html/xapi/vendor/illuminate/container/BoundMethod.php(32): call_user_func_array(Array, Array)
#33 /var/www/html/xapi/vendor/illuminate/container/BoundMethod.php(90): Illuminate\Container\BoundMethod::Illuminate\Container\{closure}()
#34 /var/www/html/xapi/vendor/illuminate/container/BoundMethod.php(34): Illuminate\Container\BoundMethod::callBoundMethod(Object(Laravel\Lumen\Application), Array, Object(Closure))
#35 /var/www/html/xapi/vendor/illuminate/container/Container.php(576): Illuminate\Container\BoundMethod::call(Object(Laravel\Lumen\Application), Array, Array, NULL)
#36 /var/www/html/xapi/vendor/illuminate/console/Command.php(183): Illuminate\Container\Container->call(Array)
#37 /var/www/html/xapi/vendor/symfony/console/Command/Command.php(255): Illuminate\Console\Command->execute(Object(Symfony\Component\Console\Input\ArgvInput), Object(Illuminate\Console\OutputStyle))
#38 /var/www/html/xapi/vendor/illuminate/console/Command.php(170): Symfony\Component\Console\Command\Command->run(Object(Symfony\Component\Console\Input\ArgvInput), Object(Illuminate\Console\OutputStyle))
#39 /var/www/html/xapi/vendor/symfony/console/Application.php(921): Illuminate\Console\Command->run(Object(Symfony\Component\Console\Input\ArgvInput), Object(Symfony\Component\Console\Output\ConsoleOutput))
#40 /var/www/html/xapi/vendor/symfony/console/Application.php(273): Symfony\Component\Console\Application->doRunCommand(Object(Illuminate\Queue\Console\WorkCommand), Object(Symfony\Component\Console\Input\ArgvInput), Object(Symfony\Component\Console\Output\ConsoleOutput))
#41 /var/www/html/xapi/vendor/symfony/console/Application.php(149): Symfony\Component\Console\Application->doRun(Object(Symfony\Component\Console\Input\ArgvInput), Object(Symfony\Component\Console\Output\ConsoleOutput))
#42 /var/www/html/xapi/vendor/illuminate/console/Application.php(90): Symfony\Component\Console\Application->run(Object(Symfony\Component\Console\Input\ArgvInput), Object(Symfony\Component\Console\Output\ConsoleOutput))
#43 /var/www/html/xapi/vendor/laravel/lumen-framework/src/Console/Kernel.php(115): Illuminate\Console\Application->run(Object(Symfony\Component\Console\Input\ArgvInput), Object(Symfony\Component\Console\Output\ConsoleOutput))
#44 /var/www/html/xapi/artisan(35): Laravel\Lumen\Console\Kernel->handle(Object(Symfony\Component\Console\Input\ArgvInput), Object(Symfony\Component\Console\Output\ConsoleOutput))
#45 {main} {"exception":"[object] (Swift_TransportException(code: 0): Expected response code 250 but got an empty response at /var/www/html/xapi/vendor/swiftmailer/swiftmailer/lib/classes/Swift/Transport/AbstractSmtpTransport.php:445)
[stacktrace]
#0 /var/www/html/xapi/vendor/swiftmailer/swiftmailer/lib/classes/Swift/Transport/AbstractSmtpTransport.php(341): Swift_Transport_AbstractSmtpTransport->assertResponseCode('', Array)
#1 /var/www/html/xapi/vendor/swiftmailer/swiftmailer/lib/classes/Swift/Transport/EsmtpTransport.php(305): Swift_Transport_AbstractSmtpTransport->executeCommand('HELO [127.0.0.1...', Array, Array, false, NULL)
#2 /var/www/html/xapi/vendor/swiftmailer/swiftmailer/lib/classes/Swift/Transport/AbstractSmtpTransport.php(365): Swift_Transport_EsmtpTransport->executeCommand('HELO [127.0.0.1...', Array)
#3 /var/www/html/xapi/vendor/swiftmailer/swiftmailer/lib/classes/Swift/Transport/EsmtpTransport.php(341): Swift_Transport_AbstractSmtpTransport->doHeloCommand()
#4 /var/www/html/xapi/vendor/swiftmailer/swiftmailer/lib/classes/Swift/Transport/AbstractSmtpTransport.php(148): Swift_Transport_EsmtpTransport->doHeloCommand()
#5 /var/www/html/xapi/vendor/swiftmailer/swiftmailer/lib/classes/Swift/Mailer.php(65): Swift_Transport_AbstractSmtpTransport->start()
#6 /var/www/html/xapi/vendor/illuminate/mail/Mailer.php(484): Swift_Mailer->send(Object(Swift_Message), Array)
#7 /var/www/html/xapi/vendor/illuminate/mail/Mailer.php(259): Illuminate\\Mail\\Mailer->sendSwiftMessage(Object(Swift_Message))
#8 /var/www/html/xapi/vendor/illuminate/mail/Mailer.php(183): Illuminate\\Mail\\Mailer->send(NULL, Array, Object(Closure))
#9 /var/www/html/xapi/vendor/illuminate/support/Facades/Facade.php(237): Illuminate\\Mail\\Mailer->raw('\\xE6\\x82\\xA8\\xE6\\xAD\\xA3\\xE5\\x9C\\xA8\\xE6\\x89\\xBE\\xE5\\x9B\\x9E...', Object(Closure))
#10 /var/www/html/xapi/app/Services/Sms/Tasks/Email.php(36): Illuminate\\Support\\Facades\\Facade::__callStatic('raw', Array)
#11 /var/www/html/xapi/app/Services/ServiceCaller.php(39): App\\Services\\Sms\\Tasks\\Email->run()
#12 /var/www/html/xapi/app/Services/ServiceCaller.php(25): App\\Services\\ServiceCaller::runTaskService(Object(App\\Services\\Sms\\Tasks\\Email))
#13 /var/www/html/xapi/app/Services/ServiceCaller.php(16): App\\Services\\ServiceCaller::callTaskService(Object(App\\Services\\Sms\\Tasks\\Email), Array)
#14 /var/www/html/xapi/app/Jobs/EmailJob.php(44): App\\Services\\ServiceCaller::call('task', Object(App\\Services\\Sms\\Tasks\\Email))
#15 [internal function]: App\\Jobs\\EmailJob->handle()
#16 /var/www/html/xapi/vendor/illuminate/container/BoundMethod.php(32): call_user_func_array(Array, Array)
#17 /var/www/html/xapi/vendor/illuminate/container/BoundMethod.php(90): Illuminate\\Container\\BoundMethod::Illuminate\\Container\\{closure}()
#18 /var/www/html/xapi/vendor/illuminate/container/BoundMethod.php(34): Illuminate\\Container\\BoundMethod::callBoundMethod(Object(Laravel\\Lumen\\Application), Array, Object(Closure))
#19 /var/www/html/xapi/vendor/illuminate/container/Container.php(576): Illuminate\\Container\\BoundMethod::call(Object(Laravel\\Lumen\\Application), Array, Array, NULL)
#20 /var/www/html/xapi/vendor/illuminate/bus/Dispatcher.php(94): Illuminate\\Container\\Container->call(Array)
#21 /var/www/html/xapi/vendor/illuminate/pipeline/Pipeline.php(128): Illuminate\\Bus\\Dispatcher->Illuminate\\Bus\\{closure}(Object(App\\Jobs\\EmailJob))
#22 /var/www/html/xapi/vendor/illuminate/pipeline/Pipeline.php(104): Illuminate\\Pipeline\\Pipeline->Illuminate\\Pipeline\\{closure}(Object(App\\Jobs\\EmailJob))
#23 /var/www/html/xapi/vendor/illuminate/bus/Dispatcher.php(98): Illuminate\\Pipeline\\Pipeline->then(Object(Closure))
#24 /var/www/html/xapi/vendor/illuminate/queue/CallQueuedHandler.php(49): Illuminate\\Bus\\Dispatcher->dispatchNow(Object(App\\Jobs\\EmailJob), false)
#25 /var/www/html/xapi/vendor/illuminate/queue/Jobs/Job.php(88): Illuminate\\Queue\\CallQueuedHandler->call(Object(Illuminate\\Queue\\Jobs\\RedisJob), Array)
#26 /var/www/html/xapi/vendor/illuminate/queue/Worker.php(327): Illuminate\\Queue\\Jobs\\Job->fire()
#27 /var/www/html/xapi/vendor/illuminate/queue/Worker.php(277): Illuminate\\Queue\\Worker->process('redis', Object(Illuminate\\Queue\\Jobs\\RedisJob), Object(Illuminate\\Queue\\WorkerOptions))
#28 /var/www/html/xapi/vendor/illuminate/queue/Worker.php(118): Illuminate\\Queue\\Worker->runJob(Object(Illuminate\\Queue\\Jobs\\RedisJob), 'redis', Object(Illuminate\\Queue\\WorkerOptions))
#29 /var/www/html/xapi/vendor/illuminate/queue/Console/WorkCommand.php(102): Illuminate\\Queue\\Worker->daemon('redis', 'default', Object(Illuminate\\Queue\\WorkerOptions))
#30 /var/www/html/xapi/vendor/illuminate/queue/Console/WorkCommand.php(86): Illuminate\\Queue\\Console\\WorkCommand->runWorker('redis', 'default')
#31 [internal function]: Illuminate\\Queue\\Console\\WorkCommand->handle()
#32 /var/www/html/xapi/vendor/illuminate/container/BoundMethod.php(32): call_user_func_array(Array, Array)
#33 /var/www/html/xapi/vendor/illuminate/container/BoundMethod.php(90): Illuminate\\Container\\BoundMethod::Illuminate\\Container\\{closure}()
#34 /var/www/html/xapi/vendor/illuminate/container/BoundMethod.php(34): Illuminate\\Container\\BoundMethod::callBoundMethod(Object(Laravel\\Lumen\\Application), Array, Object(Closure))
#35 /var/www/html/xapi/vendor/illuminate/container/Container.php(576): Illuminate\\Container\\BoundMethod::call(Object(Laravel\\Lumen\\Application), Array, Array, NULL)
#36 /var/www/html/xapi/vendor/illuminate/console/Command.php(183): Illuminate\\Container\\Container->call(Array)
#37 /var/www/html/xapi/vendor/symfony/console/Command/Command.php(255): Illuminate\\Console\\Command->execute(Object(Symfony\\Component\\Console\\Input\\ArgvInput), Object(Illuminate\\Console\\OutputStyle))
#38 /var/www/html/xapi/vendor/illuminate/console/Command.php(170): Symfony\\Component\\Console\\Command\\Command->run(Object(Symfony\\Component\\Console\\Input\\ArgvInput), Object(Illuminate\\Console\\OutputStyle))
#39 /var/www/html/xapi/vendor/symfony/console/Application.php(921): Illuminate\\Console\\Command->run(Object(Symfony\\Component\\Console\\Input\\ArgvInput), Object(Symfony\\Component\\Console\\Output\\ConsoleOutput))
#40 /var/www/html/xapi/vendor/symfony/console/Application.php(273): Symfony\\Component\\Console\\Application->doRunCommand(Object(Illuminate\\Queue\\Console\\WorkCommand), Object(Symfony\\Component\\Console\\Input\\ArgvInput), Object(Symfony\\Component\\Console\\Output\\ConsoleOutput))
#41 /var/www/html/xapi/vendor/symfony/console/Application.php(149): Symfony\\Component\\Console\\Application->doRun(Object(Symfony\\Component\\Console\\Input\\ArgvInput), Object(Symfony\\Component\\Console\\Output\\ConsoleOutput))
#42 /var/www/html/xapi/vendor/illuminate/console/Application.php(90): Symfony\\Component\\Console\\Application->run(Object(Symfony\\Component\\Console\\Input\\ArgvInput), Object(Symfony\\Component\\Console\\Output\\ConsoleOutput))
#43 /var/www/html/xapi/vendor/laravel/lumen-framework/src/Console/Kernel.php(115): Illuminate\\Console\\Application->run(Object(Symfony\\Component\\Console\\Input\\ArgvInput), Object(Symfony\\Component\\Console\\Output\\ConsoleOutput))
#44 /var/www/html/xapi/artisan(35): Laravel\\Lumen\\Console\\Kernel->handle(Object(Symfony\\Component\\Console\\Input\\ArgvInput), Object(Symfony\\Component\\Console\\Output\\ConsoleOutput))
#45 {main}
"} 
[2019-08-07 09:30:39] local.ERROR: Swift_TransportException: Expected response code 250 but got code "553", with message "553 Mail from must equal authorized user
" in /var/www/html/xapi/vendor/swiftmailer/swiftmailer/lib/classes/Swift/Transport/AbstractSmtpTransport.php:457
Stack trace:
#0 /var/www/html/xapi/vendor/swiftmailer/swiftmailer/lib/classes/Swift/Transport/AbstractSmtpTransport.php(341): Swift_Transport_AbstractSmtpTransport->assertResponseCode('553 Mail from m...', Array)
#1 /var/www/html/xapi/vendor/swiftmailer/swiftmailer/lib/classes/Swift/Transport/EsmtpTransport.php(305): Swift_Transport_AbstractSmtpTransport->executeCommand('MAIL FROM:<1326...', Array, Array, false, NULL)
#2 /var/www/html/xapi/vendor/swiftmailer/swiftmailer/lib/classes/Swift/Transport/AbstractSmtpTransport.php(390): Swift_Transport_EsmtpTransport->executeCommand('DATA\r\n', Array, Array)
#3 /var/www/html/xapi/vendor/swiftmailer/swiftmailer/lib/classes/Swift/Transport/AbstractSmtpTransport.php(497): Swift_Transport_AbstractSmtpTransport->doDataCommand(Array)
#4 /var/www/html/xapi/vendor/swiftmailer/swiftmailer/lib/classes/Swift/Transport/AbstractSmtpTransport.php(516): Swift_Transport_AbstractSmtpTransport->doMailTransaction(Object(Swift_Message), '13265511353@163...', Array, Array)
#5 /var/www/html/xapi/vendor/swiftmailer/swiftmailer/lib/classes/Swift/Transport/AbstractSmtpTransport.php(206): Swift_Transport_AbstractSmtpTransport->sendTo(Object(Swift_Message), '13265511353@163...', Array, Array)
#6 /var/www/html/xapi/vendor/swiftmailer/swiftmailer/lib/classes/Swift/Mailer.php(71): Swift_Transport_AbstractSmtpTransport->send(Object(Swift_Message), Array)
#7 /var/www/html/xapi/vendor/illuminate/mail/Mailer.php(484): Swift_Mailer->send(Object(Swift_Message), Array)
#8 /var/www/html/xapi/vendor/illuminate/mail/Mailer.php(259): Illuminate\Mail\Mailer->sendSwiftMessage(Object(Swift_Message))
#9 /var/www/html/xapi/vendor/illuminate/mail/Mailer.php(183): Illuminate\Mail\Mailer->send(NULL, Array, Object(Closure))
#10 /var/www/html/xapi/vendor/illuminate/support/Facades/Facade.php(237): Illuminate\Mail\Mailer->raw('\xE6\x82\xA8\xE6\xAD\xA3\xE5\x9C\xA8\xE6\x89\xBE\xE5\x9B\x9E...', Object(Closure))
#11 /var/www/html/xapi/app/Services/Sms/Tasks/Email.php(36): Illuminate\Support\Facades\Facade::__callStatic('raw', Array)
#12 /var/www/html/xapi/app/Services/ServiceCaller.php(39): App\Services\Sms\Tasks\Email->run()
#13 /var/www/html/xapi/app/Services/ServiceCaller.php(25): App\Services\ServiceCaller::runTaskService(Object(App\Services\Sms\Tasks\Email))
#14 /var/www/html/xapi/app/Services/ServiceCaller.php(16): App\Services\ServiceCaller::callTaskService(Object(App\Services\Sms\Tasks\Email), Array)
#15 /var/www/html/xapi/app/Jobs/EmailJob.php(44): App\Services\ServiceCaller::call('task', Object(App\Services\Sms\Tasks\Email))
#16 [internal function]: App\Jobs\EmailJob->handle()
#17 /var/www/html/xapi/vendor/illuminate/container/BoundMethod.php(32): call_user_func_array(Array, Array)
#18 /var/www/html/xapi/vendor/illuminate/container/BoundMethod.php(90): Illuminate\Container\BoundMethod::Illuminate\Container\{closure}()
#19 /var/www/html/xapi/vendor/illuminate/container/BoundMethod.php(34): Illuminate\Container\BoundMethod::callBoundMethod(Object(Laravel\Lumen\Application), Array, Object(Closure))
#20 /var/www/html/xapi/vendor/illuminate/container/Container.php(576): Illuminate\Container\BoundMethod::call(Object(Laravel\Lumen\Application), Array, Array, NULL)
#21 /var/www/html/xapi/vendor/illuminate/bus/Dispatcher.php(94): Illuminate\Container\Container->call(Array)
#22 /var/www/html/xapi/vendor/illuminate/pipeline/Pipeline.php(128): Illuminate\Bus\Dispatcher->Illuminate\Bus\{closure}(Object(App\Jobs\EmailJob))
#23 /var/www/html/xapi/vendor/illuminate/pipeline/Pipeline.php(104): Illuminate\Pipeline\Pipeline->Illuminate\Pipeline\{closure}(Object(App\Jobs\EmailJob))
#24 /var/www/html/xapi/vendor/illuminate/bus/Dispatcher.php(98): Illuminate\Pipeline\Pipeline->then(Object(Closure))
#25 /var/www/html/xapi/vendor/illuminate/queue/CallQueuedHandler.php(49): Illuminate\Bus\Dispatcher->dispatchNow(Object(App\Jobs\EmailJob), false)
#26 /var/www/html/xapi/vendor/illuminate/queue/Jobs/Job.php(88): Illuminate\Queue\CallQueuedHandler->call(Object(Illuminate\Queue\Jobs\RedisJob), Array)
#27 /var/www/html/xapi/vendor/illuminate/queue/Worker.php(327): Illuminate\Queue\Jobs\Job->fire()
#28 /var/www/html/xapi/vendor/illuminate/queue/Worker.php(277): Illuminate\Queue\Worker->process('redis', Object(Illuminate\Queue\Jobs\RedisJob), Object(Illuminate\Queue\WorkerOptions))
#29 /var/www/html/xapi/vendor/illuminate/queue/Worker.php(118): Illuminate\Queue\Worker->runJob(Object(Illuminate\Queue\Jobs\RedisJob), 'redis', Object(Illuminate\Queue\WorkerOptions))
#30 /var/www/html/xapi/vendor/illuminate/queue/Console/WorkCommand.php(102): Illuminate\Queue\Worker->daemon('redis', 'default', Object(Illuminate\Queue\WorkerOptions))
#31 /var/www/html/xapi/vendor/illuminate/queue/Console/WorkCommand.php(86): Illuminate\Queue\Console\WorkCommand->runWorker('redis', 'default')
#32 [internal function]: Illuminate\Queue\Console\WorkCommand->handle()
#33 /var/www/html/xapi/vendor/illuminate/container/BoundMethod.php(32): call_user_func_array(Array, Array)
#34 /var/www/html/xapi/vendor/illuminate/container/BoundMethod.php(90): Illuminate\Container\BoundMethod::Illuminate\Container\{closure}()
#35 /var/www/html/xapi/vendor/illuminate/container/BoundMethod.php(34): Illuminate\Container\BoundMethod::callBoundMethod(Object(Laravel\Lumen\Application), Array, Object(Closure))
#36 /var/www/html/xapi/vendor/illuminate/container/Container.php(576): Illuminate\Container\BoundMethod::call(Object(Laravel\Lumen\Application), Array, Array, NULL)
#37 /var/www/html/xapi/vendor/illuminate/console/Command.php(183): Illuminate\Container\Container->call(Array)
#38 /var/www/html/xapi/vendor/symfony/console/Command/Command.php(255): Illuminate\Console\Command->execute(Object(Symfony\Component\Console\Input\ArgvInput), Object(Illuminate\Console\OutputStyle))
#39 /var/www/html/xapi/vendor/illuminate/console/Command.php(170): Symfony\Component\Console\Command\Command->run(Object(Symfony\Component\Console\Input\ArgvInput), Object(Illuminate\Console\OutputStyle))
#40 /var/www/html/xapi/vendor/symfony/console/Application.php(921): Illuminate\Console\Command->run(Object(Symfony\Component\Console\Input\ArgvInput), Object(Symfony\Component\Console\Output\ConsoleOutput))
#41 /var/www/html/xapi/vendor/symfony/console/Application.php(273): Symfony\Component\Console\Application->doRunCommand(Object(Illuminate\Queue\Console\WorkCommand), Object(Symfony\Component\Console\Input\ArgvInput), Object(Symfony\Component\Console\Output\ConsoleOutput))
#42 /var/www/html/xapi/vendor/symfony/console/Application.php(149): Symfony\Component\Console\Application->doRun(Object(Symfony\Component\Console\Input\ArgvInput), Object(Symfony\Component\Console\Output\ConsoleOutput))
#43 /var/www/html/xapi/vendor/illuminate/console/Application.php(90): Symfony\Component\Console\Application->run(Object(Symfony\Component\Console\Input\ArgvInput), Object(Symfony\Component\Console\Output\ConsoleOutput))
#44 /var/www/html/xapi/vendor/laravel/lumen-framework/src/Console/Kernel.php(115): Illuminate\Console\Application->run(Object(Symfony\Component\Console\Input\ArgvInput), Object(Symfony\Component\Console\Output\ConsoleOutput))
#45 /var/www/html/xapi/artisan(35): Laravel\Lumen\Console\Kernel->handle(Object(Symfony\Component\Console\Input\ArgvInput), Object(Symfony\Component\Console\Output\ConsoleOutput))
#46 {main} {"exception":"[object] (Swift_TransportException(code: 553): Expected response code 250 but got code \"553\", with message \"553 Mail from must equal authorized user
\" at /var/www/html/xapi/vendor/swiftmailer/swiftmailer/lib/classes/Swift/Transport/AbstractSmtpTransport.php:457)
[stacktrace]
#0 /var/www/html/xapi/vendor/swiftmailer/swiftmailer/lib/classes/Swift/Transport/AbstractSmtpTransport.php(341): Swift_Transport_AbstractSmtpTransport->assertResponseCode('553 Mail from m...', Array)
#1 /var/www/html/xapi/vendor/swiftmailer/swiftmailer/lib/classes/Swift/Transport/EsmtpTransport.php(305): Swift_Transport_AbstractSmtpTransport->executeCommand('MAIL FROM:<1326...', Array, Array, false, NULL)
#2 /var/www/html/xapi/vendor/swiftmailer/swiftmailer/lib/classes/Swift/Transport/AbstractSmtpTransport.php(390): Swift_Transport_EsmtpTransport->executeCommand('DATA\\
', Array, Array)
#3 /var/www/html/xapi/vendor/swiftmailer/swiftmailer/lib/classes/Swift/Transport/AbstractSmtpTransport.php(497): Swift_Transport_AbstractSmtpTransport->doDataCommand(Array)
#4 /var/www/html/xapi/vendor/swiftmailer/swiftmailer/lib/classes/Swift/Transport/AbstractSmtpTransport.php(516): Swift_Transport_AbstractSmtpTransport->doMailTransaction(Object(Swift_Message), '13265511353@163...', Array, Array)
#5 /var/www/html/xapi/vendor/swiftmailer/swiftmailer/lib/classes/Swift/Transport/AbstractSmtpTransport.php(206): Swift_Transport_AbstractSmtpTransport->sendTo(Object(Swift_Message), '13265511353@163...', Array, Array)
#6 /var/www/html/xapi/vendor/swiftmailer/swiftmailer/lib/classes/Swift/Mailer.php(71): Swift_Transport_AbstractSmtpTransport->send(Object(Swift_Message), Array)
#7 /var/www/html/xapi/vendor/illuminate/mail/Mailer.php(484): Swift_Mailer->send(Object(Swift_Message), Array)
#8 /var/www/html/xapi/vendor/illuminate/mail/Mailer.php(259): Illuminate\\Mail\\Mailer->sendSwiftMessage(Object(Swift_Message))
#9 /var/www/html/xapi/vendor/illuminate/mail/Mailer.php(183): Illuminate\\Mail\\Mailer->send(NULL, Array, Object(Closure))
#10 /var/www/html/xapi/vendor/illuminate/support/Facades/Facade.php(237): Illuminate\\Mail\\Mailer->raw('\\xE6\\x82\\xA8\\xE6\\xAD\\xA3\\xE5\\x9C\\xA8\\xE6\\x89\\xBE\\xE5\\x9B\\x9E...', Object(Closure))
#11 /var/www/html/xapi/app/Services/Sms/Tasks/Email.php(36): Illuminate\\Support\\Facades\\Facade::__callStatic('raw', Array)
#12 /var/www/html/xapi/app/Services/ServiceCaller.php(39): App\\Services\\Sms\\Tasks\\Email->run()
#13 /var/www/html/xapi/app/Services/ServiceCaller.php(25): App\\Services\\ServiceCaller::runTaskService(Object(App\\Services\\Sms\\Tasks\\Email))
#14 /var/www/html/xapi/app/Services/ServiceCaller.php(16): App\\Services\\ServiceCaller::callTaskService(Object(App\\Services\\Sms\\Tasks\\Email), Array)
#15 /var/www/html/xapi/app/Jobs/EmailJob.php(44): App\\Services\\ServiceCaller::call('task', Object(App\\Services\\Sms\\Tasks\\Email))
#16 [internal function]: App\\Jobs\\EmailJob->handle()
#17 /var/www/html/xapi/vendor/illuminate/container/BoundMethod.php(32): call_user_func_array(Array, Array)
#18 /var/www/html/xapi/vendor/illuminate/container/BoundMethod.php(90): Illuminate\\Container\\BoundMethod::Illuminate\\Container\\{closure}()
#19 /var/www/html/xapi/vendor/illuminate/container/BoundMethod.php(34): Illuminate\\Container\\BoundMethod::callBoundMethod(Object(Laravel\\Lumen\\Application), Array, Object(Closure))
#20 /var/www/html/xapi/vendor/illuminate/container/Container.php(576): Illuminate\\Container\\BoundMethod::call(Object(Laravel\\Lumen\\Application), Array, Array, NULL)
#21 /var/www/html/xapi/vendor/illuminate/bus/Dispatcher.php(94): Illuminate\\Container\\Container->call(Array)
#22 /var/www/html/xapi/vendor/illuminate/pipeline/Pipeline.php(128): Illuminate\\Bus\\Dispatcher->Illuminate\\Bus\\{closure}(Object(App\\Jobs\\EmailJob))
#23 /var/www/html/xapi/vendor/illuminate/pipeline/Pipeline.php(104): Illuminate\\Pipeline\\Pipeline->Illuminate\\Pipeline\\{closure}(Object(App\\Jobs\\EmailJob))
#24 /var/www/html/xapi/vendor/illuminate/bus/Dispatcher.php(98): Illuminate\\Pipeline\\Pipeline->then(Object(Closure))
#25 /var/www/html/xapi/vendor/illuminate/queue/CallQueuedHandler.php(49): Illuminate\\Bus\\Dispatcher->dispatchNow(Object(App\\Jobs\\EmailJob), false)
#26 /var/www/html/xapi/vendor/illuminate/queue/Jobs/Job.php(88): Illuminate\\Queue\\CallQueuedHandler->call(Object(Illuminate\\Queue\\Jobs\\RedisJob), Array)
#27 /var/www/html/xapi/vendor/illuminate/queue/Worker.php(327): Illuminate\\Queue\\Jobs\\Job->fire()
#28 /var/www/html/xapi/vendor/illuminate/queue/Worker.php(277): Illuminate\\Queue\\Worker->process('redis', Object(Illuminate\\Queue\\Jobs\\RedisJob), Object(Illuminate\\Queue\\WorkerOptions))
#29 /var/www/html/xapi/vendor/illuminate/queue/Worker.php(118): Illuminate\\Queue\\Worker->runJob(Object(Illuminate\\Queue\\Jobs\\RedisJob), 'redis', Object(Illuminate\\Queue\\WorkerOptions))
#30 /var/www/html/xapi/vendor/illuminate/queue/Console/WorkCommand.php(102): Illuminate\\Queue\\Worker->daemon('redis', 'default', Object(Illuminate\\Queue\\WorkerOptions))
#31 /var/www/html/xapi/vendor/illuminate/queue/Console/WorkCommand.php(86): Illuminate\\Queue\\Console\\WorkCommand->runWorker('redis', 'default')
#32 [internal function]: Illuminate\\Queue\\Console\\WorkCommand->handle()
#33 /var/www/html/xapi/vendor/illuminate/container/BoundMethod.php(32): call_user_func_array(Array, Array)
#34 /var/www/html/xapi/vendor/illuminate/container/BoundMethod.php(90): Illuminate\\Container\\BoundMethod::Illuminate\\Container\\{closure}()
#35 /var/www/html/xapi/vendor/illuminate/container/BoundMethod.php(34): Illuminate\\Container\\BoundMethod::callBoundMethod(Object(Laravel\\Lumen\\Application), Array, Object(Closure))
#36 /var/www/html/xapi/vendor/illuminate/container/Container.php(576): Illuminate\\Container\\BoundMethod::call(Object(Laravel\\Lumen\\Application), Array, Array, NULL)
#37 /var/www/html/xapi/vendor/illuminate/console/Command.php(183): Illuminate\\Container\\Container->call(Array)
#38 /var/www/html/xapi/vendor/symfony/console/Command/Command.php(255): Illuminate\\Console\\Command->execute(Object(Symfony\\Component\\Console\\Input\\ArgvInput), Object(Illuminate\\Console\\OutputStyle))
#39 /var/www/html/xapi/vendor/illuminate/console/Command.php(170): Symfony\\Component\\Console\\Command\\Command->run(Object(Symfony\\Component\\Console\\Input\\ArgvInput), Object(Illuminate\\Console\\OutputStyle))
#40 /var/www/html/xapi/vendor/symfony/console/Application.php(921): Illuminate\\Console\\Command->run(Object(Symfony\\Component\\Console\\Input\\ArgvInput), Object(Symfony\\Component\\Console\\Output\\ConsoleOutput))
#41 /var/www/html/xapi/vendor/symfony/console/Application.php(273): Symfony\\Component\\Console\\Application->doRunCommand(Object(Illuminate\\Queue\\Console\\WorkCommand), Object(Symfony\\Component\\Console\\Input\\ArgvInput), Object(Symfony\\Component\\Console\\Output\\ConsoleOutput))
#42 /var/www/html/xapi/vendor/symfony/console/Application.php(149): Symfony\\Component\\Console\\Application->doRun(Object(Symfony\\Component\\Console\\Input\\ArgvInput), Object(Symfony\\Component\\Console\\Output\\ConsoleOutput))
#43 /var/www/html/xapi/vendor/illuminate/console/Application.php(90): Symfony\\Component\\Console\\Application->run(Object(Symfony\\Component\\Console\\Input\\ArgvInput), Object(Symfony\\Component\\Console\\Output\\ConsoleOutput))
#44 /var/www/html/xapi/vendor/laravel/lumen-framework/src/Console/Kernel.php(115): Illuminate\\Console\\Application->run(Object(Symfony\\Component\\Console\\Input\\ArgvInput), Object(Symfony\\Component\\Console\\Output\\ConsoleOutput))
#45 /var/www/html/xapi/artisan(35): Laravel\\Lumen\\Console\\Kernel->handle(Object(Symfony\\Component\\Console\\Input\\ArgvInput), Object(Symfony\\Component\\Console\\Output\\ConsoleOutput))
#46 {main}
"} 
[2019-08-07 09:31:01] local.ERROR: Swift_TransportException: Expected response code 250 but got an empty response in /var/www/html/xapi/vendor/swiftmailer/swiftmailer/lib/classes/Swift/Transport/AbstractSmtpTransport.php:445
Stack trace:
#0 /var/www/html/xapi/vendor/swiftmailer/swiftmailer/lib/classes/Swift/Transport/AbstractSmtpTransport.php(341): Swift_Transport_AbstractSmtpTransport->assertResponseCode('', Array)
#1 /var/www/html/xapi/vendor/swiftmailer/swiftmailer/lib/classes/Swift/Transport/EsmtpTransport.php(305): Swift_Transport_AbstractSmtpTransport->executeCommand('HELO [127.0.0.1...', Array, Array, false, NULL)
#2 /var/www/html/xapi/vendor/swiftmailer/swiftmailer/lib/classes/Swift/Transport/AbstractSmtpTransport.php(365): Swift_Transport_EsmtpTransport->executeCommand('HELO [127.0.0.1...', Array)
#3 /var/www/html/xapi/vendor/swiftmailer/swiftmailer/lib/classes/Swift/Transport/EsmtpTransport.php(341): Swift_Transport_AbstractSmtpTransport->doHeloCommand()
#4 /var/www/html/xapi/vendor/swiftmailer/swiftmailer/lib/classes/Swift/Transport/AbstractSmtpTransport.php(148): Swift_Transport_EsmtpTransport->doHeloCommand()
#5 /var/www/html/xapi/vendor/swiftmailer/swiftmailer/lib/classes/Swift/Mailer.php(65): Swift_Transport_AbstractSmtpTransport->start()
#6 /var/www/html/xapi/vendor/illuminate/mail/Mailer.php(484): Swift_Mailer->send(Object(Swift_Message), Array)
#7 /var/www/html/xapi/vendor/illuminate/mail/Mailer.php(259): Illuminate\Mail\Mailer->sendSwiftMessage(Object(Swift_Message))
#8 /var/www/html/xapi/vendor/illuminate/mail/Mailer.php(183): Illuminate\Mail\Mailer->send(NULL, Array, Object(Closure))
#9 /var/www/html/xapi/vendor/illuminate/support/Facades/Facade.php(237): Illuminate\Mail\Mailer->raw('\xE6\x82\xA8\xE6\xAD\xA3\xE5\x9C\xA8\xE6\x89\xBE\xE5\x9B\x9E...', Object(Closure))
#10 /var/www/html/xapi/app/Services/Sms/Tasks/Email.php(36): Illuminate\Support\Facades\Facade::__callStatic('raw', Array)
#11 /var/www/html/xapi/app/Services/ServiceCaller.php(39): App\Services\Sms\Tasks\Email->run()
#12 /var/www/html/xapi/app/Services/ServiceCaller.php(25): App\Services\ServiceCaller::runTaskService(Object(App\Services\Sms\Tasks\Email))
#13 /var/www/html/xapi/app/Services/ServiceCaller.php(16): App\Services\ServiceCaller::callTaskService(Object(App\Services\Sms\Tasks\Email), Array)
#14 /var/www/html/xapi/app/Jobs/EmailJob.php(44): App\Services\ServiceCaller::call('task', Object(App\Services\Sms\Tasks\Email))
#15 [internal function]: App\Jobs\EmailJob->handle()
#16 /var/www/html/xapi/vendor/illuminate/container/BoundMethod.php(32): call_user_func_array(Array, Array)
#17 /var/www/html/xapi/vendor/illuminate/container/BoundMethod.php(90): Illuminate\Container\BoundMethod::Illuminate\Container\{closure}()
#18 /var/www/html/xapi/vendor/illuminate/container/BoundMethod.php(34): Illuminate\Container\BoundMethod::callBoundMethod(Object(Laravel\Lumen\Application), Array, Object(Closure))
#19 /var/www/html/xapi/vendor/illuminate/container/Container.php(576): Illuminate\Container\BoundMethod::call(Object(Laravel\Lumen\Application), Array, Array, NULL)
#20 /var/www/html/xapi/vendor/illuminate/bus/Dispatcher.php(94): Illuminate\Container\Container->call(Array)
#21 /var/www/html/xapi/vendor/illuminate/pipeline/Pipeline.php(128): Illuminate\Bus\Dispatcher->Illuminate\Bus\{closure}(Object(App\Jobs\EmailJob))
#22 /var/www/html/xapi/vendor/illuminate/pipeline/Pipeline.php(104): Illuminate\Pipeline\Pipeline->Illuminate\Pipeline\{closure}(Object(App\Jobs\EmailJob))
#23 /var/www/html/xapi/vendor/illuminate/bus/Dispatcher.php(98): Illuminate\Pipeline\Pipeline->then(Object(Closure))
#24 /var/www/html/xapi/vendor/illuminate/queue/CallQueuedHandler.php(49): Illuminate\Bus\Dispatcher->dispatchNow(Object(App\Jobs\EmailJob), false)
#25 /var/www/html/xapi/vendor/illuminate/queue/Jobs/Job.php(88): Illuminate\Queue\CallQueuedHandler->call(Object(Illuminate\Queue\Jobs\RedisJob), Array)
#26 /var/www/html/xapi/vendor/illuminate/queue/Worker.php(327): Illuminate\Queue\Jobs\Job->fire()
#27 /var/www/html/xapi/vendor/illuminate/queue/Worker.php(277): Illuminate\Queue\Worker->process('redis', Object(Illuminate\Queue\Jobs\RedisJob), Object(Illuminate\Queue\WorkerOptions))
#28 /var/www/html/xapi/vendor/illuminate/queue/Worker.php(118): Illuminate\Queue\Worker->runJob(Object(Illuminate\Queue\Jobs\RedisJob), 'redis', Object(Illuminate\Queue\WorkerOptions))
#29 /var/www/html/xapi/vendor/illuminate/queue/Console/WorkCommand.php(102): Illuminate\Queue\Worker->daemon('redis', 'default', Object(Illuminate\Queue\WorkerOptions))
#30 /var/www/html/xapi/vendor/illuminate/queue/Console/WorkCommand.php(86): Illuminate\Queue\Console\WorkCommand->runWorker('redis', 'default')
#31 [internal function]: Illuminate\Queue\Console\WorkCommand->handle()
#32 /var/www/html/xapi/vendor/illuminate/container/BoundMethod.php(32): call_user_func_array(Array, Array)
#33 /var/www/html/xapi/vendor/illuminate/container/BoundMethod.php(90): Illuminate\Container\BoundMethod::Illuminate\Container\{closure}()
#34 /var/www/html/xapi/vendor/illuminate/container/BoundMethod.php(34): Illuminate\Container\BoundMethod::callBoundMethod(Object(Laravel\Lumen\Application), Array, Object(Closure))
#35 /var/www/html/xapi/vendor/illuminate/container/Container.php(576): Illuminate\Container\BoundMethod::call(Object(Laravel\Lumen\Application), Array, Array, NULL)
#36 /var/www/html/xapi/vendor/illuminate/console/Command.php(183): Illuminate\Container\Container->call(Array)
#37 /var/www/html/xapi/vendor/symfony/console/Command/Command.php(255): Illuminate\Console\Command->execute(Object(Symfony\Component\Console\Input\ArgvInput), Object(Illuminate\Console\OutputStyle))
#38 /var/www/html/xapi/vendor/illuminate/console/Command.php(170): Symfony\Component\Console\Command\Command->run(Object(Symfony\Component\Console\Input\ArgvInput), Object(Illuminate\Console\OutputStyle))
#39 /var/www/html/xapi/vendor/symfony/console/Application.php(921): Illuminate\Console\Command->run(Object(Symfony\Component\Console\Input\ArgvInput), Object(Symfony\Component\Console\Output\ConsoleOutput))
#40 /var/www/html/xapi/vendor/symfony/console/Application.php(273): Symfony\Component\Console\Application->doRunCommand(Object(Illuminate\Queue\Console\WorkCommand), Object(Symfony\Component\Console\Input\ArgvInput), Object(Symfony\Component\Console\Output\ConsoleOutput))
#41 /var/www/html/xapi/vendor/symfony/console/Application.php(149): Symfony\Component\Console\Application->doRun(Object(Symfony\Component\Console\Input\ArgvInput), Object(Symfony\Component\Console\Output\ConsoleOutput))
#42 /var/www/html/xapi/vendor/illuminate/console/Application.php(90): Symfony\Component\Console\Application->run(Object(Symfony\Component\Console\Input\ArgvInput), Object(Symfony\Component\Console\Output\ConsoleOutput))
#43 /var/www/html/xapi/vendor/laravel/lumen-framework/src/Console/Kernel.php(115): Illuminate\Console\Application->run(Object(Symfony\Component\Console\Input\ArgvInput), Object(Symfony\Component\Console\Output\ConsoleOutput))
#44 /var/www/html/xapi/artisan(35): Laravel\Lumen\Console\Kernel->handle(Object(Symfony\Component\Console\Input\ArgvInput), Object(Symfony\Component\Console\Output\ConsoleOutput))
#45 {main} {"exception":"[object] (Swift_TransportException(code: 0): Expected response code 250 but got an empty response at /var/www/html/xapi/vendor/swiftmailer/swiftmailer/lib/classes/Swift/Transport/AbstractSmtpTransport.php:445)
[stacktrace]
#0 /var/www/html/xapi/vendor/swiftmailer/swiftmailer/lib/classes/Swift/Transport/AbstractSmtpTransport.php(341): Swift_Transport_AbstractSmtpTransport->assertResponseCode('', Array)
#1 /var/www/html/xapi/vendor/swiftmailer/swiftmailer/lib/classes/Swift/Transport/EsmtpTransport.php(305): Swift_Transport_AbstractSmtpTransport->executeCommand('HELO [127.0.0.1...', Array, Array, false, NULL)
#2 /var/www/html/xapi/vendor/swiftmailer/swiftmailer/lib/classes/Swift/Transport/AbstractSmtpTransport.php(365): Swift_Transport_EsmtpTransport->executeCommand('HELO [127.0.0.1...', Array)
#3 /var/www/html/xapi/vendor/swiftmailer/swiftmailer/lib/classes/Swift/Transport/EsmtpTransport.php(341): Swift_Transport_AbstractSmtpTransport->doHeloCommand()
#4 /var/www/html/xapi/vendor/swiftmailer/swiftmailer/lib/classes/Swift/Transport/AbstractSmtpTransport.php(148): Swift_Transport_EsmtpTransport->doHeloCommand()
#5 /var/www/html/xapi/vendor/swiftmailer/swiftmailer/lib/classes/Swift/Mailer.php(65): Swift_Transport_AbstractSmtpTransport->start()
#6 /var/www/html/xapi/vendor/illuminate/mail/Mailer.php(484): Swift_Mailer->send(Object(Swift_Message), Array)
#7 /var/www/html/xapi/vendor/illuminate/mail/Mailer.php(259): Illuminate\\Mail\\Mailer->sendSwiftMessage(Object(Swift_Message))
#8 /var/www/html/xapi/vendor/illuminate/mail/Mailer.php(183): Illuminate\\Mail\\Mailer->send(NULL, Array, Object(Closure))
#9 /var/www/html/xapi/vendor/illuminate/support/Facades/Facade.php(237): Illuminate\\Mail\\Mailer->raw('\\xE6\\x82\\xA8\\xE6\\xAD\\xA3\\xE5\\x9C\\xA8\\xE6\\x89\\xBE\\xE5\\x9B\\x9E...', Object(Closure))
#10 /var/www/html/xapi/app/Services/Sms/Tasks/Email.php(36): Illuminate\\Support\\Facades\\Facade::__callStatic('raw', Array)
#11 /var/www/html/xapi/app/Services/ServiceCaller.php(39): App\\Services\\Sms\\Tasks\\Email->run()
#12 /var/www/html/xapi/app/Services/ServiceCaller.php(25): App\\Services\\ServiceCaller::runTaskService(Object(App\\Services\\Sms\\Tasks\\Email))
#13 /var/www/html/xapi/app/Services/ServiceCaller.php(16): App\\Services\\ServiceCaller::callTaskService(Object(App\\Services\\Sms\\Tasks\\Email), Array)
#14 /var/www/html/xapi/app/Jobs/EmailJob.php(44): App\\Services\\ServiceCaller::call('task', Object(App\\Services\\Sms\\Tasks\\Email))
#15 [internal function]: App\\Jobs\\EmailJob->handle()
#16 /var/www/html/xapi/vendor/illuminate/container/BoundMethod.php(32): call_user_func_array(Array, Array)
#17 /var/www/html/xapi/vendor/illuminate/container/BoundMethod.php(90): Illuminate\\Container\\BoundMethod::Illuminate\\Container\\{closure}()
#18 /var/www/html/xapi/vendor/illuminate/container/BoundMethod.php(34): Illuminate\\Container\\BoundMethod::callBoundMethod(Object(Laravel\\Lumen\\Application), Array, Object(Closure))
#19 /var/www/html/xapi/vendor/illuminate/container/Container.php(576): Illuminate\\Container\\BoundMethod::call(Object(Laravel\\Lumen\\Application), Array, Array, NULL)
#20 /var/www/html/xapi/vendor/illuminate/bus/Dispatcher.php(94): Illuminate\\Container\\Container->call(Array)
#21 /var/www/html/xapi/vendor/illuminate/pipeline/Pipeline.php(128): Illuminate\\Bus\\Dispatcher->Illuminate\\Bus\\{closure}(Object(App\\Jobs\\EmailJob))
#22 /var/www/html/xapi/vendor/illuminate/pipeline/Pipeline.php(104): Illuminate\\Pipeline\\Pipeline->Illuminate\\Pipeline\\{closure}(Object(App\\Jobs\\EmailJob))
#23 /var/www/html/xapi/vendor/illuminate/bus/Dispatcher.php(98): Illuminate\\Pipeline\\Pipeline->then(Object(Closure))
#24 /var/www/html/xapi/vendor/illuminate/queue/CallQueuedHandler.php(49): Illuminate\\Bus\\Dispatcher->dispatchNow(Object(App\\Jobs\\EmailJob), false)
#25 /var/www/html/xapi/vendor/illuminate/queue/Jobs/Job.php(88): Illuminate\\Queue\\CallQueuedHandler->call(Object(Illuminate\\Queue\\Jobs\\RedisJob), Array)
#26 /var/www/html/xapi/vendor/illuminate/queue/Worker.php(327): Illuminate\\Queue\\Jobs\\Job->fire()
#27 /var/www/html/xapi/vendor/illuminate/queue/Worker.php(277): Illuminate\\Queue\\Worker->process('redis', Object(Illuminate\\Queue\\Jobs\\RedisJob), Object(Illuminate\\Queue\\WorkerOptions))
#28 /var/www/html/xapi/vendor/illuminate/queue/Worker.php(118): Illuminate\\Queue\\Worker->runJob(Object(Illuminate\\Queue\\Jobs\\RedisJob), 'redis', Object(Illuminate\\Queue\\WorkerOptions))
#29 /var/www/html/xapi/vendor/illuminate/queue/Console/WorkCommand.php(102): Illuminate\\Queue\\Worker->daemon('redis', 'default', Object(Illuminate\\Queue\\WorkerOptions))
#30 /var/www/html/xapi/vendor/illuminate/queue/Console/WorkCommand.php(86): Illuminate\\Queue\\Console\\WorkCommand->runWorker('redis', 'default')
#31 [internal function]: Illuminate\\Queue\\Console\\WorkCommand->handle()
#32 /var/www/html/xapi/vendor/illuminate/container/BoundMethod.php(32): call_user_func_array(Array, Array)
#33 /var/www/html/xapi/vendor/illuminate/container/BoundMethod.php(90): Illuminate\\Container\\BoundMethod::Illuminate\\Container\\{closure}()
#34 /var/www/html/xapi/vendor/illuminate/container/BoundMethod.php(34): Illuminate\\Container\\BoundMethod::callBoundMethod(Object(Laravel\\Lumen\\Application), Array, Object(Closure))
#35 /var/www/html/xapi/vendor/illuminate/container/Container.php(576): Illuminate\\Container\\BoundMethod::call(Object(Laravel\\Lumen\\Application), Array, Array, NULL)
#36 /var/www/html/xapi/vendor/illuminate/console/Command.php(183): Illuminate\\Container\\Container->call(Array)
#37 /var/www/html/xapi/vendor/symfony/console/Command/Command.php(255): Illuminate\\Console\\Command->execute(Object(Symfony\\Component\\Console\\Input\\ArgvInput), Object(Illuminate\\Console\\OutputStyle))
#38 /var/www/html/xapi/vendor/illuminate/console/Command.php(170): Symfony\\Component\\Console\\Command\\Command->run(Object(Symfony\\Component\\Console\\Input\\ArgvInput), Object(Illuminate\\Console\\OutputStyle))
#39 /var/www/html/xapi/vendor/symfony/console/Application.php(921): Illuminate\\Console\\Command->run(Object(Symfony\\Component\\Console\\Input\\ArgvInput), Object(Symfony\\Component\\Console\\Output\\ConsoleOutput))
#40 /var/www/html/xapi/vendor/symfony/console/Application.php(273): Symfony\\Component\\Console\\Application->doRunCommand(Object(Illuminate\\Queue\\Console\\WorkCommand), Object(Symfony\\Component\\Console\\Input\\ArgvInput), Object(Symfony\\Component\\Console\\Output\\ConsoleOutput))
#41 /var/www/html/xapi/vendor/symfony/console/Application.php(149): Symfony\\Component\\Console\\Application->doRun(Object(Symfony\\Component\\Console\\Input\\ArgvInput), Object(Symfony\\Component\\Console\\Output\\ConsoleOutput))
#42 /var/www/html/xapi/vendor/illuminate/console/Application.php(90): Symfony\\Component\\Console\\Application->run(Object(Symfony\\Component\\Console\\Input\\ArgvInput), Object(Symfony\\Component\\Console\\Output\\ConsoleOutput))
#43 /var/www/html/xapi/vendor/laravel/lumen-framework/src/Console/Kernel.php(115): Illuminate\\Console\\Application->run(Object(Symfony\\Component\\Console\\Input\\ArgvInput), Object(Symfony\\Component\\Console\\Output\\ConsoleOutput))
#44 /var/www/html/xapi/artisan(35): Laravel\\Lumen\\Console\\Kernel->handle(Object(Symfony\\Component\\Console\\Input\\ArgvInput), Object(Symfony\\Component\\Console\\Output\\ConsoleOutput))
#45 {main}
"} 
[2019-08-07 09:41:08] local.ERROR: Swift_TransportException: Expected response code 250 but got code "553", with message "553 Mail from must equal authorized user
" in /var/www/html/xapi/vendor/swiftmailer/swiftmailer/lib/classes/Swift/Transport/AbstractSmtpTransport.php:457
Stack trace:
#0 /var/www/html/xapi/vendor/swiftmailer/swiftmailer/lib/classes/Swift/Transport/AbstractSmtpTransport.php(341): Swift_Transport_AbstractSmtpTransport->assertResponseCode('553 Mail from m...', Array)
#1 /var/www/html/xapi/vendor/swiftmailer/swiftmailer/lib/classes/Swift/Transport/EsmtpTransport.php(305): Swift_Transport_AbstractSmtpTransport->executeCommand('MAIL FROM:<1326...', Array, Array, false, NULL)
#2 /var/www/html/xapi/vendor/swiftmailer/swiftmailer/lib/classes/Swift/Transport/AbstractSmtpTransport.php(390): Swift_Transport_EsmtpTransport->executeCommand('DATA\r\n', Array, Array)
#3 /var/www/html/xapi/vendor/swiftmailer/swiftmailer/lib/classes/Swift/Transport/AbstractSmtpTransport.php(497): Swift_Transport_AbstractSmtpTransport->doDataCommand(Array)
#4 /var/www/html/xapi/vendor/swiftmailer/swiftmailer/lib/classes/Swift/Transport/AbstractSmtpTransport.php(516): Swift_Transport_AbstractSmtpTransport->doMailTransaction(Object(Swift_Message), '13265511353@163...', Array, Array)
#5 /var/www/html/xapi/vendor/swiftmailer/swiftmailer/lib/classes/Swift/Transport/AbstractSmtpTransport.php(206): Swift_Transport_AbstractSmtpTransport->sendTo(Object(Swift_Message), '13265511353@163...', Array, Array)
#6 /var/www/html/xapi/vendor/swiftmailer/swiftmailer/lib/classes/Swift/Mailer.php(71): Swift_Transport_AbstractSmtpTransport->send(Object(Swift_Message), Array)
#7 /var/www/html/xapi/vendor/illuminate/mail/Mailer.php(484): Swift_Mailer->send(Object(Swift_Message), Array)
#8 /var/www/html/xapi/vendor/illuminate/mail/Mailer.php(259): Illuminate\Mail\Mailer->sendSwiftMessage(Object(Swift_Message))
#9 /var/www/html/xapi/vendor/illuminate/mail/Mailer.php(183): Illuminate\Mail\Mailer->send(NULL, Array, Object(Closure))
#10 /var/www/html/xapi/vendor/illuminate/support/Facades/Facade.php(237): Illuminate\Mail\Mailer->raw('\xE6\x82\xA8\xE6\xAD\xA3\xE5\x9C\xA8\xE6\x89\xBE\xE5\x9B\x9E...', Object(Closure))
#11 /var/www/html/xapi/app/Services/Sms/Tasks/Email.php(36): Illuminate\Support\Facades\Facade::__callStatic('raw', Array)
#12 /var/www/html/xapi/app/Services/ServiceCaller.php(39): App\Services\Sms\Tasks\Email->run()
#13 /var/www/html/xapi/app/Services/ServiceCaller.php(25): App\Services\ServiceCaller::runTaskService(Object(App\Services\Sms\Tasks\Email))
#14 /var/www/html/xapi/app/Services/ServiceCaller.php(16): App\Services\ServiceCaller::callTaskService(Object(App\Services\Sms\Tasks\Email), Array)
#15 /var/www/html/xapi/app/Jobs/EmailJob.php(44): App\Services\ServiceCaller::call('task', Object(App\Services\Sms\Tasks\Email))
#16 [internal function]: App\Jobs\EmailJob->handle()
#17 /var/www/html/xapi/vendor/illuminate/container/BoundMethod.php(32): call_user_func_array(Array, Array)
#18 /var/www/html/xapi/vendor/illuminate/container/BoundMethod.php(90): Illuminate\Container\BoundMethod::Illuminate\Container\{closure}()
#19 /var/www/html/xapi/vendor/illuminate/container/BoundMethod.php(34): Illuminate\Container\BoundMethod::callBoundMethod(Object(Laravel\Lumen\Application), Array, Object(Closure))
#20 /var/www/html/xapi/vendor/illuminate/container/Container.php(576): Illuminate\Container\BoundMethod::call(Object(Laravel\Lumen\Application), Array, Array, NULL)
#21 /var/www/html/xapi/vendor/illuminate/bus/Dispatcher.php(94): Illuminate\Container\Container->call(Array)
#22 /var/www/html/xapi/vendor/illuminate/pipeline/Pipeline.php(128): Illuminate\Bus\Dispatcher->Illuminate\Bus\{closure}(Object(App\Jobs\EmailJob))
#23 /var/www/html/xapi/vendor/illuminate/pipeline/Pipeline.php(104): Illuminate\Pipeline\Pipeline->Illuminate\Pipeline\{closure}(Object(App\Jobs\EmailJob))
#24 /var/www/html/xapi/vendor/illuminate/bus/Dispatcher.php(98): Illuminate\Pipeline\Pipeline->then(Object(Closure))
#25 /var/www/html/xapi/vendor/illuminate/queue/CallQueuedHandler.php(49): Illuminate\Bus\Dispatcher->dispatchNow(Object(App\Jobs\EmailJob), false)
#26 /var/www/html/xapi/vendor/illuminate/queue/Jobs/Job.php(88): Illuminate\Queue\CallQueuedHandler->call(Object(Illuminate\Queue\Jobs\RedisJob), Array)
#27 /var/www/html/xapi/vendor/illuminate/queue/Worker.php(327): Illuminate\Queue\Jobs\Job->fire()
#28 /var/www/html/xapi/vendor/illuminate/queue/Worker.php(277): Illuminate\Queue\Worker->process('redis', Object(Illuminate\Queue\Jobs\RedisJob), Object(Illuminate\Queue\WorkerOptions))
#29 /var/www/html/xapi/vendor/illuminate/queue/Worker.php(118): Illuminate\Queue\Worker->runJob(Object(Illuminate\Queue\Jobs\RedisJob), 'redis', Object(Illuminate\Queue\WorkerOptions))
#30 /var/www/html/xapi/vendor/illuminate/queue/Console/WorkCommand.php(102): Illuminate\Queue\Worker->daemon('redis', 'default', Object(Illuminate\Queue\WorkerOptions))
#31 /var/www/html/xapi/vendor/illuminate/queue/Console/WorkCommand.php(86): Illuminate\Queue\Console\WorkCommand->runWorker('redis', 'default')
#32 [internal function]: Illuminate\Queue\Console\WorkCommand->handle()
#33 /var/www/html/xapi/vendor/illuminate/container/BoundMethod.php(32): call_user_func_array(Array, Array)
#34 /var/www/html/xapi/vendor/illuminate/container/BoundMethod.php(90): Illuminate\Container\BoundMethod::Illuminate\Container\{closure}()
#35 /var/www/html/xapi/vendor/illuminate/container/BoundMethod.php(34): Illuminate\Container\BoundMethod::callBoundMethod(Object(Laravel\Lumen\Application), Array, Object(Closure))
#36 /var/www/html/xapi/vendor/illuminate/container/Container.php(576): Illuminate\Container\BoundMethod::call(Object(Laravel\Lumen\Application), Array, Array, NULL)
#37 /var/www/html/xapi/vendor/illuminate/console/Command.php(183): Illuminate\Container\Container->call(Array)
#38 /var/www/html/xapi/vendor/symfony/console/Command/Command.php(255): Illuminate\Console\Command->execute(Object(Symfony\Component\Console\Input\ArgvInput), Object(Illuminate\Console\OutputStyle))
#39 /var/www/html/xapi/vendor/illuminate/console/Command.php(170): Symfony\Component\Console\Command\Command->run(Object(Symfony\Component\Console\Input\ArgvInput), Object(Illuminate\Console\OutputStyle))
#40 /var/www/html/xapi/vendor/symfony/console/Application.php(921): Illuminate\Console\Command->run(Object(Symfony\Component\Console\Input\ArgvInput), Object(Symfony\Component\Console\Output\ConsoleOutput))
#41 /var/www/html/xapi/vendor/symfony/console/Application.php(273): Symfony\Component\Console\Application->doRunCommand(Object(Illuminate\Queue\Console\WorkCommand), Object(Symfony\Component\Console\Input\ArgvInput), Object(Symfony\Component\Console\Output\ConsoleOutput))
#42 /var/www/html/xapi/vendor/symfony/console/Application.php(149): Symfony\Component\Console\Application->doRun(Object(Symfony\Component\Console\Input\ArgvInput), Object(Symfony\Component\Console\Output\ConsoleOutput))
#43 /var/www/html/xapi/vendor/illuminate/console/Application.php(90): Symfony\Component\Console\Application->run(Object(Symfony\Component\Console\Input\ArgvInput), Object(Symfony\Component\Console\Output\ConsoleOutput))
#44 /var/www/html/xapi/vendor/laravel/lumen-framework/src/Console/Kernel.php(115): Illuminate\Console\Application->run(Object(Symfony\Component\Console\Input\ArgvInput), Object(Symfony\Component\Console\Output\ConsoleOutput))
#45 /var/www/html/xapi/artisan(35): Laravel\Lumen\Console\Kernel->handle(Object(Symfony\Component\Console\Input\ArgvInput), Object(Symfony\Component\Console\Output\ConsoleOutput))
#46 {main} {"exception":"[object] (Swift_TransportException(code: 553): Expected response code 250 but got code \"553\", with message \"553 Mail from must equal authorized user
\" at /var/www/html/xapi/vendor/swiftmailer/swiftmailer/lib/classes/Swift/Transport/AbstractSmtpTransport.php:457)
[stacktrace]
#0 /var/www/html/xapi/vendor/swiftmailer/swiftmailer/lib/classes/Swift/Transport/AbstractSmtpTransport.php(341): Swift_Transport_AbstractSmtpTransport->assertResponseCode('553 Mail from m...', Array)
#1 /var/www/html/xapi/vendor/swiftmailer/swiftmailer/lib/classes/Swift/Transport/EsmtpTransport.php(305): Swift_Transport_AbstractSmtpTransport->executeCommand('MAIL FROM:<1326...', Array, Array, false, NULL)
#2 /var/www/html/xapi/vendor/swiftmailer/swiftmailer/lib/classes/Swift/Transport/AbstractSmtpTransport.php(390): Swift_Transport_EsmtpTransport->executeCommand('DATA\\
', Array, Array)
#3 /var/www/html/xapi/vendor/swiftmailer/swiftmailer/lib/classes/Swift/Transport/AbstractSmtpTransport.php(497): Swift_Transport_AbstractSmtpTransport->doDataCommand(Array)
#4 /var/www/html/xapi/vendor/swiftmailer/swiftmailer/lib/classes/Swift/Transport/AbstractSmtpTransport.php(516): Swift_Transport_AbstractSmtpTransport->doMailTransaction(Object(Swift_Message), '13265511353@163...', Array, Array)
#5 /var/www/html/xapi/vendor/swiftmailer/swiftmailer/lib/classes/Swift/Transport/AbstractSmtpTransport.php(206): Swift_Transport_AbstractSmtpTransport->sendTo(Object(Swift_Message), '13265511353@163...', Array, Array)
#6 /var/www/html/xapi/vendor/swiftmailer/swiftmailer/lib/classes/Swift/Mailer.php(71): Swift_Transport_AbstractSmtpTransport->send(Object(Swift_Message), Array)
#7 /var/www/html/xapi/vendor/illuminate/mail/Mailer.php(484): Swift_Mailer->send(Object(Swift_Message), Array)
#8 /var/www/html/xapi/vendor/illuminate/mail/Mailer.php(259): Illuminate\\Mail\\Mailer->sendSwiftMessage(Object(Swift_Message))
#9 /var/www/html/xapi/vendor/illuminate/mail/Mailer.php(183): Illuminate\\Mail\\Mailer->send(NULL, Array, Object(Closure))
#10 /var/www/html/xapi/vendor/illuminate/support/Facades/Facade.php(237): Illuminate\\Mail\\Mailer->raw('\\xE6\\x82\\xA8\\xE6\\xAD\\xA3\\xE5\\x9C\\xA8\\xE6\\x89\\xBE\\xE5\\x9B\\x9E...', Object(Closure))
#11 /var/www/html/xapi/app/Services/Sms/Tasks/Email.php(36): Illuminate\\Support\\Facades\\Facade::__callStatic('raw', Array)
#12 /var/www/html/xapi/app/Services/ServiceCaller.php(39): App\\Services\\Sms\\Tasks\\Email->run()
#13 /var/www/html/xapi/app/Services/ServiceCaller.php(25): App\\Services\\ServiceCaller::runTaskService(Object(App\\Services\\Sms\\Tasks\\Email))
#14 /var/www/html/xapi/app/Services/ServiceCaller.php(16): App\\Services\\ServiceCaller::callTaskService(Object(App\\Services\\Sms\\Tasks\\Email), Array)
#15 /var/www/html/xapi/app/Jobs/EmailJob.php(44): App\\Services\\ServiceCaller::call('task', Object(App\\Services\\Sms\\Tasks\\Email))
#16 [internal function]: App\\Jobs\\EmailJob->handle()
#17 /var/www/html/xapi/vendor/illuminate/container/BoundMethod.php(32): call_user_func_array(Array, Array)
#18 /var/www/html/xapi/vendor/illuminate/container/BoundMethod.php(90): Illuminate\\Container\\BoundMethod::Illuminate\\Container\\{closure}()
#19 /var/www/html/xapi/vendor/illuminate/container/BoundMethod.php(34): Illuminate\\Container\\BoundMethod::callBoundMethod(Object(Laravel\\Lumen\\Application), Array, Object(Closure))
#20 /var/www/html/xapi/vendor/illuminate/container/Container.php(576): Illuminate\\Container\\BoundMethod::call(Object(Laravel\\Lumen\\Application), Array, Array, NULL)
#21 /var/www/html/xapi/vendor/illuminate/bus/Dispatcher.php(94): Illuminate\\Container\\Container->call(Array)
#22 /var/www/html/xapi/vendor/illuminate/pipeline/Pipeline.php(128): Illuminate\\Bus\\Dispatcher->Illuminate\\Bus\\{closure}(Object(App\\Jobs\\EmailJob))
#23 /var/www/html/xapi/vendor/illuminate/pipeline/Pipeline.php(104): Illuminate\\Pipeline\\Pipeline->Illuminate\\Pipeline\\{closure}(Object(App\\Jobs\\EmailJob))
#24 /var/www/html/xapi/vendor/illuminate/bus/Dispatcher.php(98): Illuminate\\Pipeline\\Pipeline->then(Object(Closure))
#25 /var/www/html/xapi/vendor/illuminate/queue/CallQueuedHandler.php(49): Illuminate\\Bus\\Dispatcher->dispatchNow(Object(App\\Jobs\\EmailJob), false)
#26 /var/www/html/xapi/vendor/illuminate/queue/Jobs/Job.php(88): Illuminate\\Queue\\CallQueuedHandler->call(Object(Illuminate\\Queue\\Jobs\\RedisJob), Array)
#27 /var/www/html/xapi/vendor/illuminate/queue/Worker.php(327): Illuminate\\Queue\\Jobs\\Job->fire()
#28 /var/www/html/xapi/vendor/illuminate/queue/Worker.php(277): Illuminate\\Queue\\Worker->process('redis', Object(Illuminate\\Queue\\Jobs\\RedisJob), Object(Illuminate\\Queue\\WorkerOptions))
#29 /var/www/html/xapi/vendor/illuminate/queue/Worker.php(118): Illuminate\\Queue\\Worker->runJob(Object(Illuminate\\Queue\\Jobs\\RedisJob), 'redis', Object(Illuminate\\Queue\\WorkerOptions))
#30 /var/www/html/xapi/vendor/illuminate/queue/Console/WorkCommand.php(102): Illuminate\\Queue\\Worker->daemon('redis', 'default', Object(Illuminate\\Queue\\WorkerOptions))
#31 /var/www/html/xapi/vendor/illuminate/queue/Console/WorkCommand.php(86): Illuminate\\Queue\\Console\\WorkCommand->runWorker('redis', 'default')
#32 [internal function]: Illuminate\\Queue\\Console\\WorkCommand->handle()
#33 /var/www/html/xapi/vendor/illuminate/container/BoundMethod.php(32): call_user_func_array(Array, Array)
#34 /var/www/html/xapi/vendor/illuminate/container/BoundMethod.php(90): Illuminate\\Container\\BoundMethod::Illuminate\\Container\\{closure}()
#35 /var/www/html/xapi/vendor/illuminate/container/BoundMethod.php(34): Illuminate\\Container\\BoundMethod::callBoundMethod(Object(Laravel\\Lumen\\Application), Array, Object(Closure))
#36 /var/www/html/xapi/vendor/illuminate/container/Container.php(576): Illuminate\\Container\\BoundMethod::call(Object(Laravel\\Lumen\\Application), Array, Array, NULL)
#37 /var/www/html/xapi/vendor/illuminate/console/Command.php(183): Illuminate\\Container\\Container->call(Array)
#38 /var/www/html/xapi/vendor/symfony/console/Command/Command.php(255): Illuminate\\Console\\Command->execute(Object(Symfony\\Component\\Console\\Input\\ArgvInput), Object(Illuminate\\Console\\OutputStyle))
#39 /var/www/html/xapi/vendor/illuminate/console/Command.php(170): Symfony\\Component\\Console\\Command\\Command->run(Object(Symfony\\Component\\Console\\Input\\ArgvInput), Object(Illuminate\\Console\\OutputStyle))
#40 /var/www/html/xapi/vendor/symfony/console/Application.php(921): Illuminate\\Console\\Command->run(Object(Symfony\\Component\\Console\\Input\\ArgvInput), Object(Symfony\\Component\\Console\\Output\\ConsoleOutput))
#41 /var/www/html/xapi/vendor/symfony/console/Application.php(273): Symfony\\Component\\Console\\Application->doRunCommand(Object(Illuminate\\Queue\\Console\\WorkCommand), Object(Symfony\\Component\\Console\\Input\\ArgvInput), Object(Symfony\\Component\\Console\\Output\\ConsoleOutput))
#42 /var/www/html/xapi/vendor/symfony/console/Application.php(149): Symfony\\Component\\Console\\Application->doRun(Object(Symfony\\Component\\Console\\Input\\ArgvInput), Object(Symfony\\Component\\Console\\Output\\ConsoleOutput))
#43 /var/www/html/xapi/vendor/illuminate/console/Application.php(90): Symfony\\Component\\Console\\Application->run(Object(Symfony\\Component\\Console\\Input\\ArgvInput), Object(Symfony\\Component\\Console\\Output\\ConsoleOutput))
#44 /var/www/html/xapi/vendor/laravel/lumen-framework/src/Console/Kernel.php(115): Illuminate\\Console\\Application->run(Object(Symfony\\Component\\Console\\Input\\ArgvInput), Object(Symfony\\Component\\Console\\Output\\ConsoleOutput))
#45 /var/www/html/xapi/artisan(35): Laravel\\Lumen\\Console\\Kernel->handle(Object(Symfony\\Component\\Console\\Input\\ArgvInput), Object(Symfony\\Component\\Console\\Output\\ConsoleOutput))
#46 {main}
"} 
