[2019-07-30 07:56:07] local.ERROR: ErrorException: Undefined offset: 0 in /var/www/html/xapi/vendor/illuminate/support/Collection.php:2040
Stack trace:
#0 /var/www/html/xapi/vendor/illuminate/support/Collection.php(2040): Laravel\Lumen\Application->Laravel\Lumen\Concerns\{closure}(8, 'Undefined offse...', '/var/www/html/x...', 2040, Array)
#1 /var/www/html/xapi/app/Listeners/User/UserLikeVideoListener.php(21): Illuminate\Support\Collection->offsetGet(0)
#2 /var/www/html/xapi/app/Tools/Chain/ActionChain.php(16): App\Listeners\User\UserLikeVideoListener::App\Listeners\User\{closure}()
#3 [internal function]: App\Tools\Chain\ActionChain->App\Tools\Chain\{closure}()
#4 /var/www/html/xapi/app/Tools/Chain/ActionChain.php(25): call_user_func(Object(Closure))
#5 /var/www/html/xapi/app/Listeners/User/UserLikeVideoListener.php(12): App\Tools\Chain\ActionChain->do()
#6 [internal function]: App\Listeners\User\UserLikeVideoListener->handle(Object(App\Events\User\UserLikeVideoEvent))
#7 /var/www/html/xapi/vendor/illuminate/events/Dispatcher.php(366): call_user_func_array(Array, Array)
#8 /var/www/html/xapi/vendor/illuminate/events/Dispatcher.php(196): Illuminate\Events\Dispatcher->Illuminate\Events\{closure}('App\\Events\\User...', Array)
#9 /var/www/html/xapi/vendor/illuminate/support/Facades/Facade.php(237): Illuminate\Events\Dispatcher->dispatch('App\\Events\\User...')
#10 /var/www/html/xapi/app/Http/Controllers/UserController.php(63): Illuminate\Support\Facades\Facade::__callStatic('dispatch', Array)
#11 [internal function]: App\Http\Controllers\UserController->isLikeVideo('8370', 1, Object(Laravel\Lumen\Http\Request))
#12 /var/www/html/xapi/vendor/illuminate/container/BoundMethod.php(32): call_user_func_array(Array, Array)
#13 /var/www/html/xapi/vendor/illuminate/container/BoundMethod.php(90): Illuminate\Container\BoundMethod::Illuminate\Container\{closure}()
#14 /var/www/html/xapi/vendor/illuminate/container/BoundMethod.php(34): Illuminate\Container\BoundMethod::callBoundMethod(Object(Laravel\Lumen\Application), Array, Object(Closure))
#15 /var/www/html/xapi/vendor/illuminate/container/Container.php(576): Illuminate\Container\BoundMethod::call(Object(Laravel\Lumen\Application), Array, Array, NULL)
#16 /var/www/html/xapi/vendor/laravel/lumen-framework/src/Concerns/RoutesRequests.php(376): Illuminate\Container\Container->call(Array, Array)
#17 /var/www/html/xapi/vendor/laravel/lumen-framework/src/Concerns/RoutesRequests.php(319): Laravel\Lumen\Application->callControllerCallable(Array, Array)
#18 /var/www/html/xapi/vendor/laravel/lumen-framework/src/Concerns/RoutesRequests.php(278): Laravel\Lumen\Application->callControllerAction(Array)
#19 /var/www/html/xapi/vendor/laravel/lumen-framework/src/Concerns/RoutesRequests.php(263): Laravel\Lumen\Application->callActionOnArrayBasedRoute(Array)
#20 /var/www/html/xapi/vendor/laravel/lumen-framework/src/Concerns/RoutesRequests.php(233): Laravel\Lumen\Application->handleFoundRoute(Array)
#21 /var/www/html/xapi/vendor/laravel/lumen-framework/src/Concerns/RoutesRequests.php(169): Laravel\Lumen\Application->handleDispatcherResponse(Array)
#22 [internal function]: Laravel\Lumen\Application->Laravel\Lumen\Concerns\{closure}(Object(Laravel\Lumen\Http\Request))
#23 /var/www/html/xapi/vendor/laravel/lumen-framework/src/Routing/Pipeline.php(52): call_user_func(Object(Closure), Object(Laravel\Lumen\Http\Request))
#24 /var/www/html/xapi/app/Http/Middleware/CorsMiddleware.php(26): Laravel\Lumen\Routing\Pipeline->Laravel\Lumen\Routing\{closure}(Object(Laravel\Lumen\Http\Request))
#25 /var/www/html/xapi/vendor/illuminate/pipeline/Pipeline.php(163): App\Http\Middleware\CorsMiddleware->handle(Object(Laravel\Lumen\Http\Request), Object(Closure))
#26 [internal function]: Illuminate\Pipeline\Pipeline->Illuminate\Pipeline\{closure}(Object(Laravel\Lumen\Http\Request))
#27 /var/www/html/xapi/vendor/laravel/lumen-framework/src/Routing/Pipeline.php(32): call_user_func(Object(Closure), Object(Laravel\Lumen\Http\Request))
#28 /var/www/html/xapi/vendor/illuminate/pipeline/Pipeline.php(104): Laravel\Lumen\Routing\Pipeline->Laravel\Lumen\Routing\{closure}(Object(Laravel\Lumen\Http\Request))
#29 /var/www/html/xapi/vendor/laravel/lumen-framework/src/Concerns/RoutesRequests.php(413): Illuminate\Pipeline\Pipeline->then(Object(Closure))
#30 /var/www/html/xapi/vendor/laravel/lumen-framework/src/Concerns/RoutesRequests.php(171): Laravel\Lumen\Application->sendThroughPipeline(Array, Object(Closure))
#31 /var/www/html/xapi/vendor/laravel/lumen-framework/src/Concerns/RoutesRequests.php(108): Laravel\Lumen\Application->dispatch(NULL)
#32 /var/www/html/xapi/public/index.php(27): Laravel\Lumen\Application->run()
#33 {main} {"exception":"[object] (ErrorException(code: 0): Undefined offset: 0 at /var/www/html/xapi/vendor/illuminate/support/Collection.php:2040)
[stacktrace]
#0 /var/www/html/xapi/vendor/illuminate/support/Collection.php(2040): Laravel\\Lumen\\Application->Laravel\\Lumen\\Concerns\\{closure}(8, 'Undefined offse...', '/var/www/html/x...', 2040, Array)
#1 /var/www/html/xapi/app/Listeners/User/UserLikeVideoListener.php(21): Illuminate\\Support\\Collection->offsetGet(0)
#2 /var/www/html/xapi/app/Tools/Chain/ActionChain.php(16): App\\Listeners\\User\\UserLikeVideoListener::App\\Listeners\\User\\{closure}()
#3 [internal function]: App\\Tools\\Chain\\ActionChain->App\\Tools\\Chain\\{closure}()
#4 /var/www/html/xapi/app/Tools/Chain/ActionChain.php(25): call_user_func(Object(Closure))
#5 /var/www/html/xapi/app/Listeners/User/UserLikeVideoListener.php(12): App\\Tools\\Chain\\ActionChain->do()
#6 [internal function]: App\\Listeners\\User\\UserLikeVideoListener->handle(Object(App\\Events\\User\\UserLikeVideoEvent))
#7 /var/www/html/xapi/vendor/illuminate/events/Dispatcher.php(366): call_user_func_array(Array, Array)
#8 /var/www/html/xapi/vendor/illuminate/events/Dispatcher.php(196): Illuminate\\Events\\Dispatcher->Illuminate\\Events\\{closure}('App\\\\Events\\\\User...', Array)
#9 /var/www/html/xapi/vendor/illuminate/support/Facades/Facade.php(237): Illuminate\\Events\\Dispatcher->dispatch('App\\\\Events\\\\User...')
#10 /var/www/html/xapi/app/Http/Controllers/UserController.php(63): Illuminate\\Support\\Facades\\Facade::__callStatic('dispatch', Array)
#11 [internal function]: App\\Http\\Controllers\\UserController->isLikeVideo('8370', 1, Object(Laravel\\Lumen\\Http\\Request))
#12 /var/www/html/xapi/vendor/illuminate/container/BoundMethod.php(32): call_user_func_array(Array, Array)
#13 /var/www/html/xapi/vendor/illuminate/container/BoundMethod.php(90): Illuminate\\Container\\BoundMethod::Illuminate\\Container\\{closure}()
#14 /var/www/html/xapi/vendor/illuminate/container/BoundMethod.php(34): Illuminate\\Container\\BoundMethod::callBoundMethod(Object(Laravel\\Lumen\\Application), Array, Object(Closure))
#15 /var/www/html/xapi/vendor/illuminate/container/Container.php(576): Illuminate\\Container\\BoundMethod::call(Object(Laravel\\Lumen\\Application), Array, Array, NULL)
#16 /var/www/html/xapi/vendor/laravel/lumen-framework/src/Concerns/RoutesRequests.php(376): Illuminate\\Container\\Container->call(Array, Array)
#17 /var/www/html/xapi/vendor/laravel/lumen-framework/src/Concerns/RoutesRequests.php(319): Laravel\\Lumen\\Application->callControllerCallable(Array, Array)
#18 /var/www/html/xapi/vendor/laravel/lumen-framework/src/Concerns/RoutesRequests.php(278): Laravel\\Lumen\\Application->callControllerAction(Array)
#19 /var/www/html/xapi/vendor/laravel/lumen-framework/src/Concerns/RoutesRequests.php(263): Laravel\\Lumen\\Application->callActionOnArrayBasedRoute(Array)
#20 /var/www/html/xapi/vendor/laravel/lumen-framework/src/Concerns/RoutesRequests.php(233): Laravel\\Lumen\\Application->handleFoundRoute(Array)
#21 /var/www/html/xapi/vendor/laravel/lumen-framework/src/Concerns/RoutesRequests.php(169): Laravel\\Lumen\\Application->handleDispatcherResponse(Array)
#22 [internal function]: Laravel\\Lumen\\Application->Laravel\\Lumen\\Concerns\\{closure}(Object(Laravel\\Lumen\\Http\\Request))
#23 /var/www/html/xapi/vendor/laravel/lumen-framework/src/Routing/Pipeline.php(52): call_user_func(Object(Closure), Object(Laravel\\Lumen\\Http\\Request))
#24 /var/www/html/xapi/app/Http/Middleware/CorsMiddleware.php(26): Laravel\\Lumen\\Routing\\Pipeline->Laravel\\Lumen\\Routing\\{closure}(Object(Laravel\\Lumen\\Http\\Request))
#25 /var/www/html/xapi/vendor/illuminate/pipeline/Pipeline.php(163): App\\Http\\Middleware\\CorsMiddleware->handle(Object(Laravel\\Lumen\\Http\\Request), Object(Closure))
#26 [internal function]: Illuminate\\Pipeline\\Pipeline->Illuminate\\Pipeline\\{closure}(Object(Laravel\\Lumen\\Http\\Request))
#27 /var/www/html/xapi/vendor/laravel/lumen-framework/src/Routing/Pipeline.php(32): call_user_func(Object(Closure), Object(Laravel\\Lumen\\Http\\Request))
#28 /var/www/html/xapi/vendor/illuminate/pipeline/Pipeline.php(104): Laravel\\Lumen\\Routing\\Pipeline->Laravel\\Lumen\\Routing\\{closure}(Object(Laravel\\Lumen\\Http\\Request))
#29 /var/www/html/xapi/vendor/laravel/lumen-framework/src/Concerns/RoutesRequests.php(413): Illuminate\\Pipeline\\Pipeline->then(Object(Closure))
#30 /var/www/html/xapi/vendor/laravel/lumen-framework/src/Concerns/RoutesRequests.php(171): Laravel\\Lumen\\Application->sendThroughPipeline(Array, Object(Closure))
#31 /var/www/html/xapi/vendor/laravel/lumen-framework/src/Concerns/RoutesRequests.php(108): Laravel\\Lumen\\Application->dispatch(NULL)
#32 /var/www/html/xapi/public/index.php(27): Laravel\\Lumen\\Application->run()
#33 {main}
"} 
