[2019-09-01 11:34:30] local.ERROR: Symfony\Component\Debug\Exception\FatalThrowableError: Call to undefined method App\Repositories\SettingRepository::getAdevrts() in /var/www/html/xapi/routes/web.php:1453
Stack trace:
#0 [internal function]: Closure->{closure}()
#1 /var/www/html/xapi/vendor/illuminate/container/BoundMethod.php(32): call_user_func_array(Object(Closure), Array)
#2 /var/www/html/xapi/vendor/illuminate/container/BoundMethod.php(78): Illuminate\Container\BoundMethod::Illuminate\Container\{closure}()
#3 /var/www/html/xapi/vendor/illuminate/container/BoundMethod.php(34): Illuminate\Container\BoundMethod::callBoundMethod(Object(Laravel\Lumen\Application), Object(Closure), Object(Closure))
#4 /var/www/html/xapi/vendor/illuminate/container/Container.php(576): Illuminate\Container\BoundMethod::call(Object(Laravel\Lumen\Application), Object(Closure), Array, NULL)
#5 /var/www/html/xapi/vendor/laravel/lumen-framework/src/Concerns/RoutesRequests.php(289): Illuminate\Container\Container->call(Object(Closure), Array)
#6 /var/www/html/xapi/vendor/laravel/lumen-framework/src/Concerns/RoutesRequests.php(263): Laravel\Lumen\Application->callActionOnArrayBasedRoute(Array)
#7 /var/www/html/xapi/vendor/laravel/lumen-framework/src/Concerns/RoutesRequests.php(165): Laravel\Lumen\Application->handleFoundRoute(Array)
#8 [internal function]: Laravel\Lumen\Application->Laravel\Lumen\Concerns\{closure}(Object(Laravel\Lumen\Http\Request))
#9 /var/www/html/xapi/vendor/laravel/lumen-framework/src/Routing/Pipeline.php(52): call_user_func(Object(Closure), Object(Laravel\Lumen\Http\Request))
#10 /var/www/html/xapi/app/Http/Middleware/CorsMiddleware.php(26): Laravel\Lumen\Routing\Pipeline->Laravel\Lumen\Routing\{closure}(Object(Laravel\Lumen\Http\Request))
#11 /var/www/html/xapi/vendor/illuminate/pipeline/Pipeline.php(163): App\Http\Middleware\CorsMiddleware->handle(Object(Laravel\Lumen\Http\Request), Object(Closure))
#12 [internal function]: Illuminate\Pipeline\Pipeline->Illuminate\Pipeline\{closure}(Object(Laravel\Lumen\Http\Request))
#13 /var/www/html/xapi/vendor/laravel/lumen-framework/src/Routing/Pipeline.php(32): call_user_func(Object(Closure), Object(Laravel\Lumen\Http\Request))
#14 /var/www/html/xapi/vendor/illuminate/pipeline/Pipeline.php(104): Laravel\Lumen\Routing\Pipeline->Laravel\Lumen\Routing\{closure}(Object(Laravel\Lumen\Http\Request))
#15 /var/www/html/xapi/vendor/laravel/lumen-framework/src/Concerns/RoutesRequests.php(413): Illuminate\Pipeline\Pipeline->then(Object(Closure))
#16 /var/www/html/xapi/vendor/laravel/lumen-framework/src/Concerns/RoutesRequests.php(171): Laravel\Lumen\Application->sendThroughPipeline(Array, Object(Closure))
#17 /var/www/html/xapi/vendor/laravel/lumen-framework/src/Concerns/RoutesRequests.php(108): Laravel\Lumen\Application->dispatch(NULL)
#18 /var/www/html/xapi/public/index.php(26): Laravel\Lumen\Application->run()
#19 {main} {"exception":"[object] (Symfony\\Component\\Debug\\Exception\\FatalThrowableError(code: 0): Call to undefined method App\\Repositories\\SettingRepository::getAdevrts() at /var/www/html/xapi/routes/web.php:1453)
[stacktrace]
#0 [internal function]: Closure->{closure}()
#1 /var/www/html/xapi/vendor/illuminate/container/BoundMethod.php(32): call_user_func_array(Object(Closure), Array)
#2 /var/www/html/xapi/vendor/illuminate/container/BoundMethod.php(78): Illuminate\\Container\\BoundMethod::Illuminate\\Container\\{closure}()
#3 /var/www/html/xapi/vendor/illuminate/container/BoundMethod.php(34): Illuminate\\Container\\BoundMethod::callBoundMethod(Object(Laravel\\Lumen\\Application), Object(Closure), Object(Closure))
#4 /var/www/html/xapi/vendor/illuminate/container/Container.php(576): Illuminate\\Container\\BoundMethod::call(Object(Laravel\\Lumen\\Application), Object(Closure), Array, NULL)
#5 /var/www/html/xapi/vendor/laravel/lumen-framework/src/Concerns/RoutesRequests.php(289): Illuminate\\Container\\Container->call(Object(Closure), Array)
#6 /var/www/html/xapi/vendor/laravel/lumen-framework/src/Concerns/RoutesRequests.php(263): Laravel\\Lumen\\Application->callActionOnArrayBasedRoute(Array)
#7 /var/www/html/xapi/vendor/laravel/lumen-framework/src/Concerns/RoutesRequests.php(165): Laravel\\Lumen\\Application->handleFoundRoute(Array)
#8 [internal function]: Laravel\\Lumen\\Application->Laravel\\Lumen\\Concerns\\{closure}(Object(Laravel\\Lumen\\Http\\Request))
#9 /var/www/html/xapi/vendor/laravel/lumen-framework/src/Routing/Pipeline.php(52): call_user_func(Object(Closure), Object(Laravel\\Lumen\\Http\\Request))
#10 /var/www/html/xapi/app/Http/Middleware/CorsMiddleware.php(26): Laravel\\Lumen\\Routing\\Pipeline->Laravel\\Lumen\\Routing\\{closure}(Object(Laravel\\Lumen\\Http\\Request))
#11 /var/www/html/xapi/vendor/illuminate/pipeline/Pipeline.php(163): App\\Http\\Middleware\\CorsMiddleware->handle(Object(Laravel\\Lumen\\Http\\Request), Object(Closure))
#12 [internal function]: Illuminate\\Pipeline\\Pipeline->Illuminate\\Pipeline\\{closure}(Object(Laravel\\Lumen\\Http\\Request))
#13 /var/www/html/xapi/vendor/laravel/lumen-framework/src/Routing/Pipeline.php(32): call_user_func(Object(Closure), Object(Laravel\\Lumen\\Http\\Request))
#14 /var/www/html/xapi/vendor/illuminate/pipeline/Pipeline.php(104): Laravel\\Lumen\\Routing\\Pipeline->Laravel\\Lumen\\Routing\\{closure}(Object(Laravel\\Lumen\\Http\\Request))
#15 /var/www/html/xapi/vendor/laravel/lumen-framework/src/Concerns/RoutesRequests.php(413): Illuminate\\Pipeline\\Pipeline->then(Object(Closure))
#16 /var/www/html/xapi/vendor/laravel/lumen-framework/src/Concerns/RoutesRequests.php(171): Laravel\\Lumen\\Application->sendThroughPipeline(Array, Object(Closure))
#17 /var/www/html/xapi/vendor/laravel/lumen-framework/src/Concerns/RoutesRequests.php(108): Laravel\\Lumen\\Application->dispatch(NULL)
#18 /var/www/html/xapi/public/index.php(26): Laravel\\Lumen\\Application->run()
#19 {main}
"} 
[2019-09-01 13:28:37] local.ERROR: ErrorException: Undefined variable: appId in /var/www/html/xapi/routes/web.php:1511
Stack trace:
#0 /var/www/html/xapi/routes/web.php(1511): Laravel\Lumen\Application->Laravel\Lumen\Concerns\{closure}(8, 'Undefined varia...', '/var/www/html/x...', 1511, Array)
#1 [internal function]: Closure->{closure}('1')
#2 /var/www/html/xapi/vendor/illuminate/container/BoundMethod.php(32): call_user_func_array(Object(Closure), Array)
#3 /var/www/html/xapi/vendor/illuminate/container/BoundMethod.php(78): Illuminate\Container\BoundMethod::Illuminate\Container\{closure}()
#4 /var/www/html/xapi/vendor/illuminate/container/BoundMethod.php(34): Illuminate\Container\BoundMethod::callBoundMethod(Object(Laravel\Lumen\Application), Object(Closure), Object(Closure))
#5 /var/www/html/xapi/vendor/illuminate/container/Container.php(576): Illuminate\Container\BoundMethod::call(Object(Laravel\Lumen\Application), Object(Closure), Array, NULL)
#6 /var/www/html/xapi/vendor/laravel/lumen-framework/src/Concerns/RoutesRequests.php(289): Illuminate\Container\Container->call(Object(Closure), Array)
#7 /var/www/html/xapi/vendor/laravel/lumen-framework/src/Concerns/RoutesRequests.php(263): Laravel\Lumen\Application->callActionOnArrayBasedRoute(Array)
#8 /var/www/html/xapi/vendor/laravel/lumen-framework/src/Concerns/RoutesRequests.php(233): Laravel\Lumen\Application->handleFoundRoute(Array)
#9 /var/www/html/xapi/vendor/laravel/lumen-framework/src/Concerns/RoutesRequests.php(169): Laravel\Lumen\Application->handleDispatcherResponse(Array)
#10 [internal function]: Laravel\Lumen\Application->Laravel\Lumen\Concerns\{closure}(Object(Laravel\Lumen\Http\Request))
#11 /var/www/html/xapi/vendor/laravel/lumen-framework/src/Routing/Pipeline.php(52): call_user_func(Object(Closure), Object(Laravel\Lumen\Http\Request))
#12 /var/www/html/xapi/app/Http/Middleware/CorsMiddleware.php(26): Laravel\Lumen\Routing\Pipeline->Laravel\Lumen\Routing\{closure}(Object(Laravel\Lumen\Http\Request))
#13 /var/www/html/xapi/vendor/illuminate/pipeline/Pipeline.php(163): App\Http\Middleware\CorsMiddleware->handle(Object(Laravel\Lumen\Http\Request), Object(Closure))
#14 [internal function]: Illuminate\Pipeline\Pipeline->Illuminate\Pipeline\{closure}(Object(Laravel\Lumen\Http\Request))
#15 /var/www/html/xapi/vendor/laravel/lumen-framework/src/Routing/Pipeline.php(32): call_user_func(Object(Closure), Object(Laravel\Lumen\Http\Request))
#16 /var/www/html/xapi/vendor/illuminate/pipeline/Pipeline.php(104): Laravel\Lumen\Routing\Pipeline->Laravel\Lumen\Routing\{closure}(Object(Laravel\Lumen\Http\Request))
#17 /var/www/html/xapi/vendor/laravel/lumen-framework/src/Concerns/RoutesRequests.php(413): Illuminate\Pipeline\Pipeline->then(Object(Closure))
#18 /var/www/html/xapi/vendor/laravel/lumen-framework/src/Concerns/RoutesRequests.php(171): Laravel\Lumen\Application->sendThroughPipeline(Array, Object(Closure))
#19 /var/www/html/xapi/vendor/laravel/lumen-framework/src/Concerns/RoutesRequests.php(108): Laravel\Lumen\Application->dispatch(NULL)
#20 /var/www/html/xapi/public/index.php(26): Laravel\Lumen\Application->run()
#21 {main} {"exception":"[object] (ErrorException(code: 0): Undefined variable: appId at /var/www/html/xapi/routes/web.php:1511)
[stacktrace]
#0 /var/www/html/xapi/routes/web.php(1511): Laravel\\Lumen\\Application->Laravel\\Lumen\\Concerns\\{closure}(8, 'Undefined varia...', '/var/www/html/x...', 1511, Array)
#1 [internal function]: Closure->{closure}('1')
#2 /var/www/html/xapi/vendor/illuminate/container/BoundMethod.php(32): call_user_func_array(Object(Closure), Array)
#3 /var/www/html/xapi/vendor/illuminate/container/BoundMethod.php(78): Illuminate\\Container\\BoundMethod::Illuminate\\Container\\{closure}()
#4 /var/www/html/xapi/vendor/illuminate/container/BoundMethod.php(34): Illuminate\\Container\\BoundMethod::callBoundMethod(Object(Laravel\\Lumen\\Application), Object(Closure), Object(Closure))
#5 /var/www/html/xapi/vendor/illuminate/container/Container.php(576): Illuminate\\Container\\BoundMethod::call(Object(Laravel\\Lumen\\Application), Object(Closure), Array, NULL)
#6 /var/www/html/xapi/vendor/laravel/lumen-framework/src/Concerns/RoutesRequests.php(289): Illuminate\\Container\\Container->call(Object(Closure), Array)
#7 /var/www/html/xapi/vendor/laravel/lumen-framework/src/Concerns/RoutesRequests.php(263): Laravel\\Lumen\\Application->callActionOnArrayBasedRoute(Array)
#8 /var/www/html/xapi/vendor/laravel/lumen-framework/src/Concerns/RoutesRequests.php(233): Laravel\\Lumen\\Application->handleFoundRoute(Array)
#9 /var/www/html/xapi/vendor/laravel/lumen-framework/src/Concerns/RoutesRequests.php(169): Laravel\\Lumen\\Application->handleDispatcherResponse(Array)
#10 [internal function]: Laravel\\Lumen\\Application->Laravel\\Lumen\\Concerns\\{closure}(Object(Laravel\\Lumen\\Http\\Request))
#11 /var/www/html/xapi/vendor/laravel/lumen-framework/src/Routing/Pipeline.php(52): call_user_func(Object(Closure), Object(Laravel\\Lumen\\Http\\Request))
#12 /var/www/html/xapi/app/Http/Middleware/CorsMiddleware.php(26): Laravel\\Lumen\\Routing\\Pipeline->Laravel\\Lumen\\Routing\\{closure}(Object(Laravel\\Lumen\\Http\\Request))
#13 /var/www/html/xapi/vendor/illuminate/pipeline/Pipeline.php(163): App\\Http\\Middleware\\CorsMiddleware->handle(Object(Laravel\\Lumen\\Http\\Request), Object(Closure))
#14 [internal function]: Illuminate\\Pipeline\\Pipeline->Illuminate\\Pipeline\\{closure}(Object(Laravel\\Lumen\\Http\\Request))
#15 /var/www/html/xapi/vendor/laravel/lumen-framework/src/Routing/Pipeline.php(32): call_user_func(Object(Closure), Object(Laravel\\Lumen\\Http\\Request))
#16 /var/www/html/xapi/vendor/illuminate/pipeline/Pipeline.php(104): Laravel\\Lumen\\Routing\\Pipeline->Laravel\\Lumen\\Routing\\{closure}(Object(Laravel\\Lumen\\Http\\Request))
#17 /var/www/html/xapi/vendor/laravel/lumen-framework/src/Concerns/RoutesRequests.php(413): Illuminate\\Pipeline\\Pipeline->then(Object(Closure))
#18 /var/www/html/xapi/vendor/laravel/lumen-framework/src/Concerns/RoutesRequests.php(171): Laravel\\Lumen\\Application->sendThroughPipeline(Array, Object(Closure))
#19 /var/www/html/xapi/vendor/laravel/lumen-framework/src/Concerns/RoutesRequests.php(108): Laravel\\Lumen\\Application->dispatch(NULL)
#20 /var/www/html/xapi/public/index.php(26): Laravel\\Lumen\\Application->run()
#21 {main}
"} 
[2019-09-01 13:29:24] local.ERROR: PDOException: SQLSTATE[42S22]: Column not found: 1054 Unknown column 'app_id' in 'where clause' in /var/www/html/xapi/vendor/illuminate/database/Connection.php:326
Stack trace:
#0 /var/www/html/xapi/vendor/illuminate/database/Connection.php(326): PDO->prepare('select * from `...')
#1 /var/www/html/xapi/vendor/illuminate/database/Connection.php(657): Illuminate\Database\Connection->Illuminate\Database\{closure}('select * from `...', Array)
#2 /var/www/html/xapi/vendor/illuminate/database/Connection.php(624): Illuminate\Database\Connection->runQueryCallback('select * from `...', Array, Object(Closure))
#3 /var/www/html/xapi/vendor/illuminate/database/Connection.php(333): Illuminate\Database\Connection->run('select * from `...', Array, Object(Closure))
#4 /var/www/html/xapi/vendor/illuminate/database/Query/Builder.php(2124): Illuminate\Database\Connection->select('select * from `...', Array, true)
#5 /var/www/html/xapi/vendor/illuminate/database/Query/Builder.php(2112): Illuminate\Database\Query\Builder->runSelect()
#6 /var/www/html/xapi/vendor/illuminate/database/Query/Builder.php(2598): Illuminate\Database\Query\Builder->Illuminate\Database\Query\{closure}()
#7 /var/www/html/xapi/vendor/illuminate/database/Query/Builder.php(2113): Illuminate\Database\Query\Builder->onceWithColumns(Array, Object(Closure))
#8 /var/www/html/xapi/vendor/illuminate/database/Eloquent/Builder.php(521): Illuminate\Database\Query\Builder->get(Array)
#9 /var/www/html/xapi/vendor/illuminate/database/Eloquent/Builder.php(505): Illuminate\Database\Eloquent\Builder->getModels(Array)
#10 /var/www/html/xapi/app/Repositories/SettingRepository.php(35): Illuminate\Database\Eloquent\Builder->get()
#11 /var/www/html/xapi/routes/web.php(1511): App\Repositories\SettingRepository::getAdverts(1)
#12 [internal function]: Closure->{closure}('1')
#13 /var/www/html/xapi/vendor/illuminate/container/BoundMethod.php(32): call_user_func_array(Object(Closure), Array)
#14 /var/www/html/xapi/vendor/illuminate/container/BoundMethod.php(78): Illuminate\Container\BoundMethod::Illuminate\Container\{closure}()
#15 /var/www/html/xapi/vendor/illuminate/container/BoundMethod.php(34): Illuminate\Container\BoundMethod::callBoundMethod(Object(Laravel\Lumen\Application), Object(Closure), Object(Closure))
#16 /var/www/html/xapi/vendor/illuminate/container/Container.php(576): Illuminate\Container\BoundMethod::call(Object(Laravel\Lumen\Application), Object(Closure), Array, NULL)
#17 /var/www/html/xapi/vendor/laravel/lumen-framework/src/Concerns/RoutesRequests.php(289): Illuminate\Container\Container->call(Object(Closure), Array)
#18 /var/www/html/xapi/vendor/laravel/lumen-framework/src/Concerns/RoutesRequests.php(263): Laravel\Lumen\Application->callActionOnArrayBasedRoute(Array)
#19 /var/www/html/xapi/vendor/laravel/lumen-framework/src/Concerns/RoutesRequests.php(233): Laravel\Lumen\Application->handleFoundRoute(Array)
#20 /var/www/html/xapi/vendor/laravel/lumen-framework/src/Concerns/RoutesRequests.php(169): Laravel\Lumen\Application->handleDispatcherResponse(Array)
#21 [internal function]: Laravel\Lumen\Application->Laravel\Lumen\Concerns\{closure}(Object(Laravel\Lumen\Http\Request))
#22 /var/www/html/xapi/vendor/laravel/lumen-framework/src/Routing/Pipeline.php(52): call_user_func(Object(Closure), Object(Laravel\Lumen\Http\Request))
#23 /var/www/html/xapi/app/Http/Middleware/CorsMiddleware.php(26): Laravel\Lumen\Routing\Pipeline->Laravel\Lumen\Routing\{closure}(Object(Laravel\Lumen\Http\Request))
#24 /var/www/html/xapi/vendor/illuminate/pipeline/Pipeline.php(163): App\Http\Middleware\CorsMiddleware->handle(Object(Laravel\Lumen\Http\Request), Object(Closure))
#25 [internal function]: Illuminate\Pipeline\Pipeline->Illuminate\Pipeline\{closure}(Object(Laravel\Lumen\Http\Request))
#26 /var/www/html/xapi/vendor/laravel/lumen-framework/src/Routing/Pipeline.php(32): call_user_func(Object(Closure), Object(Laravel\Lumen\Http\Request))
#27 /var/www/html/xapi/vendor/illuminate/pipeline/Pipeline.php(104): Laravel\Lumen\Routing\Pipeline->Laravel\Lumen\Routing\{closure}(Object(Laravel\Lumen\Http\Request))
#28 /var/www/html/xapi/vendor/laravel/lumen-framework/src/Concerns/RoutesRequests.php(413): Illuminate\Pipeline\Pipeline->then(Object(Closure))
#29 /var/www/html/xapi/vendor/laravel/lumen-framework/src/Concerns/RoutesRequests.php(171): Laravel\Lumen\Application->sendThroughPipeline(Array, Object(Closure))
#30 /var/www/html/xapi/vendor/laravel/lumen-framework/src/Concerns/RoutesRequests.php(108): Laravel\Lumen\Application->dispatch(NULL)
#31 /var/www/html/xapi/public/index.php(26): Laravel\Lumen\Application->run()
#32 {main}

Next Illuminate\Database\QueryException: SQLSTATE[42S22]: Column not found: 1054 Unknown column 'app_id' in 'where clause' (SQL: select * from `advert_positions` where `app_id` = 1 and `status` = 1) in /var/www/html/xapi/vendor/illuminate/database/Connection.php:664
Stack trace:
#0 /var/www/html/xapi/vendor/illuminate/database/Connection.php(624): Illuminate\Database\Connection->runQueryCallback('select * from `...', Array, Object(Closure))
#1 /var/www/html/xapi/vendor/illuminate/database/Connection.php(333): Illuminate\Database\Connection->run('select * from `...', Array, Object(Closure))
#2 /var/www/html/xapi/vendor/illuminate/database/Query/Builder.php(2124): Illuminate\Database\Connection->select('select * from `...', Array, true)
#3 /var/www/html/xapi/vendor/illuminate/database/Query/Builder.php(2112): Illuminate\Database\Query\Builder->runSelect()
#4 /var/www/html/xapi/vendor/illuminate/database/Query/Builder.php(2598): Illuminate\Database\Query\Builder->Illuminate\Database\Query\{closure}()
#5 /var/www/html/xapi/vendor/illuminate/database/Query/Builder.php(2113): Illuminate\Database\Query\Builder->onceWithColumns(Array, Object(Closure))
#6 /var/www/html/xapi/vendor/illuminate/database/Eloquent/Builder.php(521): Illuminate\Database\Query\Builder->get(Array)
#7 /var/www/html/xapi/vendor/illuminate/database/Eloquent/Builder.php(505): Illuminate\Database\Eloquent\Builder->getModels(Array)
#8 /var/www/html/xapi/app/Repositories/SettingRepository.php(35): Illuminate\Database\Eloquent\Builder->get()
#9 /var/www/html/xapi/routes/web.php(1511): App\Repositories\SettingRepository::getAdverts(1)
#10 [internal function]: Closure->{closure}('1')
#11 /var/www/html/xapi/vendor/illuminate/container/BoundMethod.php(32): call_user_func_array(Object(Closure), Array)
#12 /var/www/html/xapi/vendor/illuminate/container/BoundMethod.php(78): Illuminate\Container\BoundMethod::Illuminate\Container\{closure}()
#13 /var/www/html/xapi/vendor/illuminate/container/BoundMethod.php(34): Illuminate\Container\BoundMethod::callBoundMethod(Object(Laravel\Lumen\Application), Object(Closure), Object(Closure))
#14 /var/www/html/xapi/vendor/illuminate/container/Container.php(576): Illuminate\Container\BoundMethod::call(Object(Laravel\Lumen\Application), Object(Closure), Array, NULL)
#15 /var/www/html/xapi/vendor/laravel/lumen-framework/src/Concerns/RoutesRequests.php(289): Illuminate\Container\Container->call(Object(Closure), Array)
#16 /var/www/html/xapi/vendor/laravel/lumen-framework/src/Concerns/RoutesRequests.php(263): Laravel\Lumen\Application->callActionOnArrayBasedRoute(Array)
#17 /var/www/html/xapi/vendor/laravel/lumen-framework/src/Concerns/RoutesRequests.php(233): Laravel\Lumen\Application->handleFoundRoute(Array)
#18 /var/www/html/xapi/vendor/laravel/lumen-framework/src/Concerns/RoutesRequests.php(169): Laravel\Lumen\Application->handleDispatcherResponse(Array)
#19 [internal function]: Laravel\Lumen\Application->Laravel\Lumen\Concerns\{closure}(Object(Laravel\Lumen\Http\Request))
#20 /var/www/html/xapi/vendor/laravel/lumen-framework/src/Routing/Pipeline.php(52): call_user_func(Object(Closure), Object(Laravel\Lumen\Http\Request))
#21 /var/www/html/xapi/app/Http/Middleware/CorsMiddleware.php(26): Laravel\Lumen\Routing\Pipeline->Laravel\Lumen\Routing\{closure}(Object(Laravel\Lumen\Http\Request))
#22 /var/www/html/xapi/vendor/illuminate/pipeline/Pipeline.php(163): App\Http\Middleware\CorsMiddleware->handle(Object(Laravel\Lumen\Http\Request), Object(Closure))
#23 [internal function]: Illuminate\Pipeline\Pipeline->Illuminate\Pipeline\{closure}(Object(Laravel\Lumen\Http\Request))
#24 /var/www/html/xapi/vendor/laravel/lumen-framework/src/Routing/Pipeline.php(32): call_user_func(Object(Closure), Object(Laravel\Lumen\Http\Request))
#25 /var/www/html/xapi/vendor/illuminate/pipeline/Pipeline.php(104): Laravel\Lumen\Routing\Pipeline->Laravel\Lumen\Routing\{closure}(Object(Laravel\Lumen\Http\Request))
#26 /var/www/html/xapi/vendor/laravel/lumen-framework/src/Concerns/RoutesRequests.php(413): Illuminate\Pipeline\Pipeline->then(Object(Closure))
#27 /var/www/html/xapi/vendor/laravel/lumen-framework/src/Concerns/RoutesRequests.php(171): Laravel\Lumen\Application->sendThroughPipeline(Array, Object(Closure))
#28 /var/www/html/xapi/vendor/laravel/lumen-framework/src/Concerns/RoutesRequests.php(108): Laravel\Lumen\Application->dispatch(NULL)
#29 /var/www/html/xapi/public/index.php(26): Laravel\Lumen\Application->run()
#30 {main} {"exception":"[object] (Illuminate\\Database\\QueryException(code: 42S22): SQLSTATE[42S22]: Column not found: 1054 Unknown column 'app_id' in 'where clause' (SQL: select * from `advert_positions` where `app_id` = 1 and `status` = 1) at /var/www/html/xapi/vendor/illuminate/database/Connection.php:664, PDOException(code: 42S22): SQLSTATE[42S22]: Column not found: 1054 Unknown column 'app_id' in 'where clause' at /var/www/html/xapi/vendor/illuminate/database/Connection.php:326)
[stacktrace]
#0 /var/www/html/xapi/vendor/illuminate/database/Connection.php(624): Illuminate\\Database\\Connection->runQueryCallback('select * from `...', Array, Object(Closure))
#1 /var/www/html/xapi/vendor/illuminate/database/Connection.php(333): Illuminate\\Database\\Connection->run('select * from `...', Array, Object(Closure))
#2 /var/www/html/xapi/vendor/illuminate/database/Query/Builder.php(2124): Illuminate\\Database\\Connection->select('select * from `...', Array, true)
#3 /var/www/html/xapi/vendor/illuminate/database/Query/Builder.php(2112): Illuminate\\Database\\Query\\Builder->runSelect()
#4 /var/www/html/xapi/vendor/illuminate/database/Query/Builder.php(2598): Illuminate\\Database\\Query\\Builder->Illuminate\\Database\\Query\\{closure}()
#5 /var/www/html/xapi/vendor/illuminate/database/Query/Builder.php(2113): Illuminate\\Database\\Query\\Builder->onceWithColumns(Array, Object(Closure))
#6 /var/www/html/xapi/vendor/illuminate/database/Eloquent/Builder.php(521): Illuminate\\Database\\Query\\Builder->get(Array)
#7 /var/www/html/xapi/vendor/illuminate/database/Eloquent/Builder.php(505): Illuminate\\Database\\Eloquent\\Builder->getModels(Array)
#8 /var/www/html/xapi/app/Repositories/SettingRepository.php(35): Illuminate\\Database\\Eloquent\\Builder->get()
#9 /var/www/html/xapi/routes/web.php(1511): App\\Repositories\\SettingRepository::getAdverts(1)
#10 [internal function]: Closure->{closure}('1')
#11 /var/www/html/xapi/vendor/illuminate/container/BoundMethod.php(32): call_user_func_array(Object(Closure), Array)
#12 /var/www/html/xapi/vendor/illuminate/container/BoundMethod.php(78): Illuminate\\Container\\BoundMethod::Illuminate\\Container\\{closure}()
#13 /var/www/html/xapi/vendor/illuminate/container/BoundMethod.php(34): Illuminate\\Container\\BoundMethod::callBoundMethod(Object(Laravel\\Lumen\\Application), Object(Closure), Object(Closure))
#14 /var/www/html/xapi/vendor/illuminate/container/Container.php(576): Illuminate\\Container\\BoundMethod::call(Object(Laravel\\Lumen\\Application), Object(Closure), Array, NULL)
#15 /var/www/html/xapi/vendor/laravel/lumen-framework/src/Concerns/RoutesRequests.php(289): Illuminate\\Container\\Container->call(Object(Closure), Array)
#16 /var/www/html/xapi/vendor/laravel/lumen-framework/src/Concerns/RoutesRequests.php(263): Laravel\\Lumen\\Application->callActionOnArrayBasedRoute(Array)
#17 /var/www/html/xapi/vendor/laravel/lumen-framework/src/Concerns/RoutesRequests.php(233): Laravel\\Lumen\\Application->handleFoundRoute(Array)
#18 /var/www/html/xapi/vendor/laravel/lumen-framework/src/Concerns/RoutesRequests.php(169): Laravel\\Lumen\\Application->handleDispatcherResponse(Array)
#19 [internal function]: Laravel\\Lumen\\Application->Laravel\\Lumen\\Concerns\\{closure}(Object(Laravel\\Lumen\\Http\\Request))
#20 /var/www/html/xapi/vendor/laravel/lumen-framework/src/Routing/Pipeline.php(52): call_user_func(Object(Closure), Object(Laravel\\Lumen\\Http\\Request))
#21 /var/www/html/xapi/app/Http/Middleware/CorsMiddleware.php(26): Laravel\\Lumen\\Routing\\Pipeline->Laravel\\Lumen\\Routing\\{closure}(Object(Laravel\\Lumen\\Http\\Request))
#22 /var/www/html/xapi/vendor/illuminate/pipeline/Pipeline.php(163): App\\Http\\Middleware\\CorsMiddleware->handle(Object(Laravel\\Lumen\\Http\\Request), Object(Closure))
#23 [internal function]: Illuminate\\Pipeline\\Pipeline->Illuminate\\Pipeline\\{closure}(Object(Laravel\\Lumen\\Http\\Request))
#24 /var/www/html/xapi/vendor/laravel/lumen-framework/src/Routing/Pipeline.php(32): call_user_func(Object(Closure), Object(Laravel\\Lumen\\Http\\Request))
#25 /var/www/html/xapi/vendor/illuminate/pipeline/Pipeline.php(104): Laravel\\Lumen\\Routing\\Pipeline->Laravel\\Lumen\\Routing\\{closure}(Object(Laravel\\Lumen\\Http\\Request))
#26 /var/www/html/xapi/vendor/laravel/lumen-framework/src/Concerns/RoutesRequests.php(413): Illuminate\\Pipeline\\Pipeline->then(Object(Closure))
#27 /var/www/html/xapi/vendor/laravel/lumen-framework/src/Concerns/RoutesRequests.php(171): Laravel\\Lumen\\Application->sendThroughPipeline(Array, Object(Closure))
#28 /var/www/html/xapi/vendor/laravel/lumen-framework/src/Concerns/RoutesRequests.php(108): Laravel\\Lumen\\Application->dispatch(NULL)
#29 /var/www/html/xapi/public/index.php(26): Laravel\\Lumen\\Application->run()
#30 {main}
"} 
[2019-09-01 13:43:30] local.ERROR: Symfony\Component\Debug\Exception\FatalThrowableError: Undefined class constant 'APP_ID_FIELD' in /var/www/html/xapi/app/Repositories/SettingRepository.php:39
Stack trace:
#0 /var/www/html/xapi/routes/web.php(1511): App\Repositories\SettingRepository::getAdverts(1)
#1 [internal function]: Closure->{closure}('1')
#2 /var/www/html/xapi/vendor/illuminate/container/BoundMethod.php(32): call_user_func_array(Object(Closure), Array)
#3 /var/www/html/xapi/vendor/illuminate/container/BoundMethod.php(78): Illuminate\Container\BoundMethod::Illuminate\Container\{closure}()
#4 /var/www/html/xapi/vendor/illuminate/container/BoundMethod.php(34): Illuminate\Container\BoundMethod::callBoundMethod(Object(Laravel\Lumen\Application), Object(Closure), Object(Closure))
#5 /var/www/html/xapi/vendor/illuminate/container/Container.php(576): Illuminate\Container\BoundMethod::call(Object(Laravel\Lumen\Application), Object(Closure), Array, NULL)
#6 /var/www/html/xapi/vendor/laravel/lumen-framework/src/Concerns/RoutesRequests.php(289): Illuminate\Container\Container->call(Object(Closure), Array)
#7 /var/www/html/xapi/vendor/laravel/lumen-framework/src/Concerns/RoutesRequests.php(263): Laravel\Lumen\Application->callActionOnArrayBasedRoute(Array)
#8 /var/www/html/xapi/vendor/laravel/lumen-framework/src/Concerns/RoutesRequests.php(233): Laravel\Lumen\Application->handleFoundRoute(Array)
#9 /var/www/html/xapi/vendor/laravel/lumen-framework/src/Concerns/RoutesRequests.php(169): Laravel\Lumen\Application->handleDispatcherResponse(Array)
#10 [internal function]: Laravel\Lumen\Application->Laravel\Lumen\Concerns\{closure}(Object(Laravel\Lumen\Http\Request))
#11 /var/www/html/xapi/vendor/laravel/lumen-framework/src/Routing/Pipeline.php(52): call_user_func(Object(Closure), Object(Laravel\Lumen\Http\Request))
#12 /var/www/html/xapi/app/Http/Middleware/CorsMiddleware.php(26): Laravel\Lumen\Routing\Pipeline->Laravel\Lumen\Routing\{closure}(Object(Laravel\Lumen\Http\Request))
#13 /var/www/html/xapi/vendor/illuminate/pipeline/Pipeline.php(163): App\Http\Middleware\CorsMiddleware->handle(Object(Laravel\Lumen\Http\Request), Object(Closure))
#14 [internal function]: Illuminate\Pipeline\Pipeline->Illuminate\Pipeline\{closure}(Object(Laravel\Lumen\Http\Request))
#15 /var/www/html/xapi/vendor/laravel/lumen-framework/src/Routing/Pipeline.php(32): call_user_func(Object(Closure), Object(Laravel\Lumen\Http\Request))
#16 /var/www/html/xapi/vendor/illuminate/pipeline/Pipeline.php(104): Laravel\Lumen\Routing\Pipeline->Laravel\Lumen\Routing\{closure}(Object(Laravel\Lumen\Http\Request))
#17 /var/www/html/xapi/vendor/laravel/lumen-framework/src/Concerns/RoutesRequests.php(413): Illuminate\Pipeline\Pipeline->then(Object(Closure))
#18 /var/www/html/xapi/vendor/laravel/lumen-framework/src/Concerns/RoutesRequests.php(171): Laravel\Lumen\Application->sendThroughPipeline(Array, Object(Closure))
#19 /var/www/html/xapi/vendor/laravel/lumen-framework/src/Concerns/RoutesRequests.php(108): Laravel\Lumen\Application->dispatch(NULL)
#20 /var/www/html/xapi/public/index.php(26): Laravel\Lumen\Application->run()
#21 {main} {"exception":"[object] (Symfony\\Component\\Debug\\Exception\\FatalThrowableError(code: 0): Undefined class constant 'APP_ID_FIELD' at /var/www/html/xapi/app/Repositories/SettingRepository.php:39)
[stacktrace]
#0 /var/www/html/xapi/routes/web.php(1511): App\\Repositories\\SettingRepository::getAdverts(1)
#1 [internal function]: Closure->{closure}('1')
#2 /var/www/html/xapi/vendor/illuminate/container/BoundMethod.php(32): call_user_func_array(Object(Closure), Array)
#3 /var/www/html/xapi/vendor/illuminate/container/BoundMethod.php(78): Illuminate\\Container\\BoundMethod::Illuminate\\Container\\{closure}()
#4 /var/www/html/xapi/vendor/illuminate/container/BoundMethod.php(34): Illuminate\\Container\\BoundMethod::callBoundMethod(Object(Laravel\\Lumen\\Application), Object(Closure), Object(Closure))
#5 /var/www/html/xapi/vendor/illuminate/container/Container.php(576): Illuminate\\Container\\BoundMethod::call(Object(Laravel\\Lumen\\Application), Object(Closure), Array, NULL)
#6 /var/www/html/xapi/vendor/laravel/lumen-framework/src/Concerns/RoutesRequests.php(289): Illuminate\\Container\\Container->call(Object(Closure), Array)
#7 /var/www/html/xapi/vendor/laravel/lumen-framework/src/Concerns/RoutesRequests.php(263): Laravel\\Lumen\\Application->callActionOnArrayBasedRoute(Array)
#8 /var/www/html/xapi/vendor/laravel/lumen-framework/src/Concerns/RoutesRequests.php(233): Laravel\\Lumen\\Application->handleFoundRoute(Array)
#9 /var/www/html/xapi/vendor/laravel/lumen-framework/src/Concerns/RoutesRequests.php(169): Laravel\\Lumen\\Application->handleDispatcherResponse(Array)
#10 [internal function]: Laravel\\Lumen\\Application->Laravel\\Lumen\\Concerns\\{closure}(Object(Laravel\\Lumen\\Http\\Request))
#11 /var/www/html/xapi/vendor/laravel/lumen-framework/src/Routing/Pipeline.php(52): call_user_func(Object(Closure), Object(Laravel\\Lumen\\Http\\Request))
#12 /var/www/html/xapi/app/Http/Middleware/CorsMiddleware.php(26): Laravel\\Lumen\\Routing\\Pipeline->Laravel\\Lumen\\Routing\\{closure}(Object(Laravel\\Lumen\\Http\\Request))
#13 /var/www/html/xapi/vendor/illuminate/pipeline/Pipeline.php(163): App\\Http\\Middleware\\CorsMiddleware->handle(Object(Laravel\\Lumen\\Http\\Request), Object(Closure))
#14 [internal function]: Illuminate\\Pipeline\\Pipeline->Illuminate\\Pipeline\\{closure}(Object(Laravel\\Lumen\\Http\\Request))
#15 /var/www/html/xapi/vendor/laravel/lumen-framework/src/Routing/Pipeline.php(32): call_user_func(Object(Closure), Object(Laravel\\Lumen\\Http\\Request))
#16 /var/www/html/xapi/vendor/illuminate/pipeline/Pipeline.php(104): Laravel\\Lumen\\Routing\\Pipeline->Laravel\\Lumen\\Routing\\{closure}(Object(Laravel\\Lumen\\Http\\Request))
#17 /var/www/html/xapi/vendor/laravel/lumen-framework/src/Concerns/RoutesRequests.php(413): Illuminate\\Pipeline\\Pipeline->then(Object(Closure))
#18 /var/www/html/xapi/vendor/laravel/lumen-framework/src/Concerns/RoutesRequests.php(171): Laravel\\Lumen\\Application->sendThroughPipeline(Array, Object(Closure))
#19 /var/www/html/xapi/vendor/laravel/lumen-framework/src/Concerns/RoutesRequests.php(108): Laravel\\Lumen\\Application->dispatch(NULL)
#20 /var/www/html/xapi/public/index.php(26): Laravel\\Lumen\\Application->run()
#21 {main}
"} 
[2019-09-01 13:45:12] local.ERROR: Symfony\Component\Debug\Exception\FatalErrorException: Cannot use App\BottomList as BottomList because the name is already in use in /var/www/html/xapi/app/BottomColumn.php:5
Stack trace:
#0 /var/www/html/xapi/vendor/laravel/lumen-framework/src/Concerns/RegistersExceptionHandlers.php(54): Laravel\Lumen\Application->handleShutdown()
#1 [internal function]: Laravel\Lumen\Application->Laravel\Lumen\Concerns\{closure}()
#2 {main} {"exception":"[object] (Symfony\\Component\\Debug\\Exception\\FatalErrorException(code: 64): Cannot use App\\BottomList as BottomList because the name is already in use at /var/www/html/xapi/app/BottomColumn.php:5)
[stacktrace]
#0 /var/www/html/xapi/vendor/laravel/lumen-framework/src/Concerns/RegistersExceptionHandlers.php(54): Laravel\\Lumen\\Application->handleShutdown()
#1 [internal function]: Laravel\\Lumen\\Application->Laravel\\Lumen\\Concerns\\{closure}()
#2 {main}
"} 
