[2019-07-29 10:59:21] local.ERROR: BadMethodCallException: Call to undefined method Illuminate\Database\Eloquent\Builder::order() in /var/www/html/xapi/vendor/illuminate/support/Traits/ForwardsCalls.php:50
Stack trace:
#0 /var/www/html/xapi/vendor/illuminate/support/Traits/ForwardsCalls.php(36): Illuminate\Database\Eloquent\Builder::throwBadMethodCallException('order')
#1 /var/www/html/xapi/vendor/illuminate/database/Eloquent/Builder.php(1356): Illuminate\Database\Eloquent\Builder->forwardCallTo(Object(Illuminate\Database\Query\Builder), 'order', Array)
#2 /var/www/html/xapi/app/Services/Search/Tasks/SearchVideos.php(56): Illuminate\Database\Eloquent\Builder->__call('order', Array)
#3 /var/www/html/xapi/app/Services/ServiceCaller.php(39): App\Services\Search\Tasks\SearchVideos->run()
#4 /var/www/html/xapi/app/Services/ServiceCaller.php(25): App\Services\ServiceCaller::runTaskService(Object(App\Services\Search\Tasks\SearchVideos))
#5 /var/www/html/xapi/app/Services/ServiceCaller.php(16): App\Services\ServiceCaller::callTaskService(Object(App\Services\Search\Tasks\SearchVideos), Array)
#6 /var/www/html/xapi/app/Http/Controllers/SearchController.php(20): App\Services\ServiceCaller::call('task', Object(App\Services\Search\Tasks\SearchVideos))
#7 [internal function]: App\Http\Controllers\SearchController->searchVideos(Object(Laravel\Lumen\Http\Request))
#8 /var/www/html/xapi/vendor/illuminate/container/BoundMethod.php(32): call_user_func_array(Array, Array)
#9 /var/www/html/xapi/vendor/illuminate/container/BoundMethod.php(90): Illuminate\Container\BoundMethod::Illuminate\Container\{closure}()
#10 /var/www/html/xapi/vendor/illuminate/container/BoundMethod.php(34): Illuminate\Container\BoundMethod::callBoundMethod(Object(Laravel\Lumen\Application), Array, Object(Closure))
#11 /var/www/html/xapi/vendor/illuminate/container/Container.php(576): Illuminate\Container\BoundMethod::call(Object(Laravel\Lumen\Application), Array, Array, NULL)
#12 /var/www/html/xapi/vendor/laravel/lumen-framework/src/Concerns/RoutesRequests.php(376): Illuminate\Container\Container->call(Array, Array)
#13 /var/www/html/xapi/vendor/laravel/lumen-framework/src/Concerns/RoutesRequests.php(319): Laravel\Lumen\Application->callControllerCallable(Array, Array)
#14 /var/www/html/xapi/vendor/laravel/lumen-framework/src/Concerns/RoutesRequests.php(278): Laravel\Lumen\Application->callControllerAction(Array)
#15 /var/www/html/xapi/vendor/laravel/lumen-framework/src/Concerns/RoutesRequests.php(263): Laravel\Lumen\Application->callActionOnArrayBasedRoute(Array)
#16 /var/www/html/xapi/vendor/laravel/lumen-framework/src/Concerns/RoutesRequests.php(165): Laravel\Lumen\Application->handleFoundRoute(Array)
#17 [internal function]: Laravel\Lumen\Application->Laravel\Lumen\Concerns\{closure}(Object(Laravel\Lumen\Http\Request))
#18 /var/www/html/xapi/vendor/laravel/lumen-framework/src/Routing/Pipeline.php(52): call_user_func(Object(Closure), Object(Laravel\Lumen\Http\Request))
#19 /var/www/html/xapi/app/Http/Middleware/CorsMiddleware.php(26): Laravel\Lumen\Routing\Pipeline->Laravel\Lumen\Routing\{closure}(Object(Laravel\Lumen\Http\Request))
#20 /var/www/html/xapi/vendor/illuminate/pipeline/Pipeline.php(163): App\Http\Middleware\CorsMiddleware->handle(Object(Laravel\Lumen\Http\Request), Object(Closure))
#21 [internal function]: Illuminate\Pipeline\Pipeline->Illuminate\Pipeline\{closure}(Object(Laravel\Lumen\Http\Request))
#22 /var/www/html/xapi/vendor/laravel/lumen-framework/src/Routing/Pipeline.php(32): call_user_func(Object(Closure), Object(Laravel\Lumen\Http\Request))
#23 /var/www/html/xapi/vendor/illuminate/pipeline/Pipeline.php(104): Laravel\Lumen\Routing\Pipeline->Laravel\Lumen\Routing\{closure}(Object(Laravel\Lumen\Http\Request))
#24 /var/www/html/xapi/vendor/laravel/lumen-framework/src/Concerns/RoutesRequests.php(413): Illuminate\Pipeline\Pipeline->then(Object(Closure))
#25 /var/www/html/xapi/vendor/laravel/lumen-framework/src/Concerns/RoutesRequests.php(171): Laravel\Lumen\Application->sendThroughPipeline(Array, Object(Closure))
#26 /var/www/html/xapi/vendor/laravel/lumen-framework/src/Concerns/RoutesRequests.php(108): Laravel\Lumen\Application->dispatch(NULL)
#27 /var/www/html/xapi/public/index.php(27): Laravel\Lumen\Application->run()
#28 {main} {"exception":"[object] (BadMethodCallException(code: 0): Call to undefined method Illuminate\\Database\\Eloquent\\Builder::order() at /var/www/html/xapi/vendor/illuminate/support/Traits/ForwardsCalls.php:50)
[stacktrace]
#0 /var/www/html/xapi/vendor/illuminate/support/Traits/ForwardsCalls.php(36): Illuminate\\Database\\Eloquent\\Builder::throwBadMethodCallException('order')
#1 /var/www/html/xapi/vendor/illuminate/database/Eloquent/Builder.php(1356): Illuminate\\Database\\Eloquent\\Builder->forwardCallTo(Object(Illuminate\\Database\\Query\\Builder), 'order', Array)
#2 /var/www/html/xapi/app/Services/Search/Tasks/SearchVideos.php(56): Illuminate\\Database\\Eloquent\\Builder->__call('order', Array)
#3 /var/www/html/xapi/app/Services/ServiceCaller.php(39): App\\Services\\Search\\Tasks\\SearchVideos->run()
#4 /var/www/html/xapi/app/Services/ServiceCaller.php(25): App\\Services\\ServiceCaller::runTaskService(Object(App\\Services\\Search\\Tasks\\SearchVideos))
#5 /var/www/html/xapi/app/Services/ServiceCaller.php(16): App\\Services\\ServiceCaller::callTaskService(Object(App\\Services\\Search\\Tasks\\SearchVideos), Array)
#6 /var/www/html/xapi/app/Http/Controllers/SearchController.php(20): App\\Services\\ServiceCaller::call('task', Object(App\\Services\\Search\\Tasks\\SearchVideos))
#7 [internal function]: App\\Http\\Controllers\\SearchController->searchVideos(Object(Laravel\\Lumen\\Http\\Request))
#8 /var/www/html/xapi/vendor/illuminate/container/BoundMethod.php(32): call_user_func_array(Array, Array)
#9 /var/www/html/xapi/vendor/illuminate/container/BoundMethod.php(90): Illuminate\\Container\\BoundMethod::Illuminate\\Container\\{closure}()
#10 /var/www/html/xapi/vendor/illuminate/container/BoundMethod.php(34): Illuminate\\Container\\BoundMethod::callBoundMethod(Object(Laravel\\Lumen\\Application), Array, Object(Closure))
#11 /var/www/html/xapi/vendor/illuminate/container/Container.php(576): Illuminate\\Container\\BoundMethod::call(Object(Laravel\\Lumen\\Application), Array, Array, NULL)
#12 /var/www/html/xapi/vendor/laravel/lumen-framework/src/Concerns/RoutesRequests.php(376): Illuminate\\Container\\Container->call(Array, Array)
#13 /var/www/html/xapi/vendor/laravel/lumen-framework/src/Concerns/RoutesRequests.php(319): Laravel\\Lumen\\Application->callControllerCallable(Array, Array)
#14 /var/www/html/xapi/vendor/laravel/lumen-framework/src/Concerns/RoutesRequests.php(278): Laravel\\Lumen\\Application->callControllerAction(Array)
#15 /var/www/html/xapi/vendor/laravel/lumen-framework/src/Concerns/RoutesRequests.php(263): Laravel\\Lumen\\Application->callActionOnArrayBasedRoute(Array)
#16 /var/www/html/xapi/vendor/laravel/lumen-framework/src/Concerns/RoutesRequests.php(165): Laravel\\Lumen\\Application->handleFoundRoute(Array)
#17 [internal function]: Laravel\\Lumen\\Application->Laravel\\Lumen\\Concerns\\{closure}(Object(Laravel\\Lumen\\Http\\Request))
#18 /var/www/html/xapi/vendor/laravel/lumen-framework/src/Routing/Pipeline.php(52): call_user_func(Object(Closure), Object(Laravel\\Lumen\\Http\\Request))
#19 /var/www/html/xapi/app/Http/Middleware/CorsMiddleware.php(26): Laravel\\Lumen\\Routing\\Pipeline->Laravel\\Lumen\\Routing\\{closure}(Object(Laravel\\Lumen\\Http\\Request))
#20 /var/www/html/xapi/vendor/illuminate/pipeline/Pipeline.php(163): App\\Http\\Middleware\\CorsMiddleware->handle(Object(Laravel\\Lumen\\Http\\Request), Object(Closure))
#21 [internal function]: Illuminate\\Pipeline\\Pipeline->Illuminate\\Pipeline\\{closure}(Object(Laravel\\Lumen\\Http\\Request))
#22 /var/www/html/xapi/vendor/laravel/lumen-framework/src/Routing/Pipeline.php(32): call_user_func(Object(Closure), Object(Laravel\\Lumen\\Http\\Request))
#23 /var/www/html/xapi/vendor/illuminate/pipeline/Pipeline.php(104): Laravel\\Lumen\\Routing\\Pipeline->Laravel\\Lumen\\Routing\\{closure}(Object(Laravel\\Lumen\\Http\\Request))
#24 /var/www/html/xapi/vendor/laravel/lumen-framework/src/Concerns/RoutesRequests.php(413): Illuminate\\Pipeline\\Pipeline->then(Object(Closure))
#25 /var/www/html/xapi/vendor/laravel/lumen-framework/src/Concerns/RoutesRequests.php(171): Laravel\\Lumen\\Application->sendThroughPipeline(Array, Object(Closure))
#26 /var/www/html/xapi/vendor/laravel/lumen-framework/src/Concerns/RoutesRequests.php(108): Laravel\\Lumen\\Application->dispatch(NULL)
#27 /var/www/html/xapi/public/index.php(27): Laravel\\Lumen\\Application->run()
#28 {main}
"} 
[2019-07-29 10:59:28] local.ERROR: BadMethodCallException: Call to undefined method Illuminate\Database\Eloquent\Builder::order() in /var/www/html/xapi/vendor/illuminate/support/Traits/ForwardsCalls.php:50
Stack trace:
#0 /var/www/html/xapi/vendor/illuminate/support/Traits/ForwardsCalls.php(36): Illuminate\Database\Eloquent\Builder::throwBadMethodCallException('order')
#1 /var/www/html/xapi/vendor/illuminate/database/Eloquent/Builder.php(1356): Illuminate\Database\Eloquent\Builder->forwardCallTo(Object(Illuminate\Database\Query\Builder), 'order', Array)
#2 /var/www/html/xapi/app/Services/Search/Tasks/SearchVideos.php(56): Illuminate\Database\Eloquent\Builder->__call('order', Array)
#3 /var/www/html/xapi/app/Services/ServiceCaller.php(39): App\Services\Search\Tasks\SearchVideos->run()
#4 /var/www/html/xapi/app/Services/ServiceCaller.php(25): App\Services\ServiceCaller::runTaskService(Object(App\Services\Search\Tasks\SearchVideos))
#5 /var/www/html/xapi/app/Services/ServiceCaller.php(16): App\Services\ServiceCaller::callTaskService(Object(App\Services\Search\Tasks\SearchVideos), Array)
#6 /var/www/html/xapi/app/Http/Controllers/SearchController.php(20): App\Services\ServiceCaller::call('task', Object(App\Services\Search\Tasks\SearchVideos))
#7 [internal function]: App\Http\Controllers\SearchController->searchVideos(Object(Laravel\Lumen\Http\Request))
#8 /var/www/html/xapi/vendor/illuminate/container/BoundMethod.php(32): call_user_func_array(Array, Array)
#9 /var/www/html/xapi/vendor/illuminate/container/BoundMethod.php(90): Illuminate\Container\BoundMethod::Illuminate\Container\{closure}()
#10 /var/www/html/xapi/vendor/illuminate/container/BoundMethod.php(34): Illuminate\Container\BoundMethod::callBoundMethod(Object(Laravel\Lumen\Application), Array, Object(Closure))
#11 /var/www/html/xapi/vendor/illuminate/container/Container.php(576): Illuminate\Container\BoundMethod::call(Object(Laravel\Lumen\Application), Array, Array, NULL)
#12 /var/www/html/xapi/vendor/laravel/lumen-framework/src/Concerns/RoutesRequests.php(376): Illuminate\Container\Container->call(Array, Array)
#13 /var/www/html/xapi/vendor/laravel/lumen-framework/src/Concerns/RoutesRequests.php(319): Laravel\Lumen\Application->callControllerCallable(Array, Array)
#14 /var/www/html/xapi/vendor/laravel/lumen-framework/src/Concerns/RoutesRequests.php(278): Laravel\Lumen\Application->callControllerAction(Array)
#15 /var/www/html/xapi/vendor/laravel/lumen-framework/src/Concerns/RoutesRequests.php(263): Laravel\Lumen\Application->callActionOnArrayBasedRoute(Array)
#16 /var/www/html/xapi/vendor/laravel/lumen-framework/src/Concerns/RoutesRequests.php(165): Laravel\Lumen\Application->handleFoundRoute(Array)
#17 [internal function]: Laravel\Lumen\Application->Laravel\Lumen\Concerns\{closure}(Object(Laravel\Lumen\Http\Request))
#18 /var/www/html/xapi/vendor/laravel/lumen-framework/src/Routing/Pipeline.php(52): call_user_func(Object(Closure), Object(Laravel\Lumen\Http\Request))
#19 /var/www/html/xapi/app/Http/Middleware/CorsMiddleware.php(26): Laravel\Lumen\Routing\Pipeline->Laravel\Lumen\Routing\{closure}(Object(Laravel\Lumen\Http\Request))
#20 /var/www/html/xapi/vendor/illuminate/pipeline/Pipeline.php(163): App\Http\Middleware\CorsMiddleware->handle(Object(Laravel\Lumen\Http\Request), Object(Closure))
#21 [internal function]: Illuminate\Pipeline\Pipeline->Illuminate\Pipeline\{closure}(Object(Laravel\Lumen\Http\Request))
#22 /var/www/html/xapi/vendor/laravel/lumen-framework/src/Routing/Pipeline.php(32): call_user_func(Object(Closure), Object(Laravel\Lumen\Http\Request))
#23 /var/www/html/xapi/vendor/illuminate/pipeline/Pipeline.php(104): Laravel\Lumen\Routing\Pipeline->Laravel\Lumen\Routing\{closure}(Object(Laravel\Lumen\Http\Request))
#24 /var/www/html/xapi/vendor/laravel/lumen-framework/src/Concerns/RoutesRequests.php(413): Illuminate\Pipeline\Pipeline->then(Object(Closure))
#25 /var/www/html/xapi/vendor/laravel/lumen-framework/src/Concerns/RoutesRequests.php(171): Laravel\Lumen\Application->sendThroughPipeline(Array, Object(Closure))
#26 /var/www/html/xapi/vendor/laravel/lumen-framework/src/Concerns/RoutesRequests.php(108): Laravel\Lumen\Application->dispatch(NULL)
#27 /var/www/html/xapi/public/index.php(27): Laravel\Lumen\Application->run()
#28 {main} {"exception":"[object] (BadMethodCallException(code: 0): Call to undefined method Illuminate\\Database\\Eloquent\\Builder::order() at /var/www/html/xapi/vendor/illuminate/support/Traits/ForwardsCalls.php:50)
[stacktrace]
#0 /var/www/html/xapi/vendor/illuminate/support/Traits/ForwardsCalls.php(36): Illuminate\\Database\\Eloquent\\Builder::throwBadMethodCallException('order')
#1 /var/www/html/xapi/vendor/illuminate/database/Eloquent/Builder.php(1356): Illuminate\\Database\\Eloquent\\Builder->forwardCallTo(Object(Illuminate\\Database\\Query\\Builder), 'order', Array)
#2 /var/www/html/xapi/app/Services/Search/Tasks/SearchVideos.php(56): Illuminate\\Database\\Eloquent\\Builder->__call('order', Array)
#3 /var/www/html/xapi/app/Services/ServiceCaller.php(39): App\\Services\\Search\\Tasks\\SearchVideos->run()
#4 /var/www/html/xapi/app/Services/ServiceCaller.php(25): App\\Services\\ServiceCaller::runTaskService(Object(App\\Services\\Search\\Tasks\\SearchVideos))
#5 /var/www/html/xapi/app/Services/ServiceCaller.php(16): App\\Services\\ServiceCaller::callTaskService(Object(App\\Services\\Search\\Tasks\\SearchVideos), Array)
#6 /var/www/html/xapi/app/Http/Controllers/SearchController.php(20): App\\Services\\ServiceCaller::call('task', Object(App\\Services\\Search\\Tasks\\SearchVideos))
#7 [internal function]: App\\Http\\Controllers\\SearchController->searchVideos(Object(Laravel\\Lumen\\Http\\Request))
#8 /var/www/html/xapi/vendor/illuminate/container/BoundMethod.php(32): call_user_func_array(Array, Array)
#9 /var/www/html/xapi/vendor/illuminate/container/BoundMethod.php(90): Illuminate\\Container\\BoundMethod::Illuminate\\Container\\{closure}()
#10 /var/www/html/xapi/vendor/illuminate/container/BoundMethod.php(34): Illuminate\\Container\\BoundMethod::callBoundMethod(Object(Laravel\\Lumen\\Application), Array, Object(Closure))
#11 /var/www/html/xapi/vendor/illuminate/container/Container.php(576): Illuminate\\Container\\BoundMethod::call(Object(Laravel\\Lumen\\Application), Array, Array, NULL)
#12 /var/www/html/xapi/vendor/laravel/lumen-framework/src/Concerns/RoutesRequests.php(376): Illuminate\\Container\\Container->call(Array, Array)
#13 /var/www/html/xapi/vendor/laravel/lumen-framework/src/Concerns/RoutesRequests.php(319): Laravel\\Lumen\\Application->callControllerCallable(Array, Array)
#14 /var/www/html/xapi/vendor/laravel/lumen-framework/src/Concerns/RoutesRequests.php(278): Laravel\\Lumen\\Application->callControllerAction(Array)
#15 /var/www/html/xapi/vendor/laravel/lumen-framework/src/Concerns/RoutesRequests.php(263): Laravel\\Lumen\\Application->callActionOnArrayBasedRoute(Array)
#16 /var/www/html/xapi/vendor/laravel/lumen-framework/src/Concerns/RoutesRequests.php(165): Laravel\\Lumen\\Application->handleFoundRoute(Array)
#17 [internal function]: Laravel\\Lumen\\Application->Laravel\\Lumen\\Concerns\\{closure}(Object(Laravel\\Lumen\\Http\\Request))
#18 /var/www/html/xapi/vendor/laravel/lumen-framework/src/Routing/Pipeline.php(52): call_user_func(Object(Closure), Object(Laravel\\Lumen\\Http\\Request))
#19 /var/www/html/xapi/app/Http/Middleware/CorsMiddleware.php(26): Laravel\\Lumen\\Routing\\Pipeline->Laravel\\Lumen\\Routing\\{closure}(Object(Laravel\\Lumen\\Http\\Request))
#20 /var/www/html/xapi/vendor/illuminate/pipeline/Pipeline.php(163): App\\Http\\Middleware\\CorsMiddleware->handle(Object(Laravel\\Lumen\\Http\\Request), Object(Closure))
#21 [internal function]: Illuminate\\Pipeline\\Pipeline->Illuminate\\Pipeline\\{closure}(Object(Laravel\\Lumen\\Http\\Request))
#22 /var/www/html/xapi/vendor/laravel/lumen-framework/src/Routing/Pipeline.php(32): call_user_func(Object(Closure), Object(Laravel\\Lumen\\Http\\Request))
#23 /var/www/html/xapi/vendor/illuminate/pipeline/Pipeline.php(104): Laravel\\Lumen\\Routing\\Pipeline->Laravel\\Lumen\\Routing\\{closure}(Object(Laravel\\Lumen\\Http\\Request))
#24 /var/www/html/xapi/vendor/laravel/lumen-framework/src/Concerns/RoutesRequests.php(413): Illuminate\\Pipeline\\Pipeline->then(Object(Closure))
#25 /var/www/html/xapi/vendor/laravel/lumen-framework/src/Concerns/RoutesRequests.php(171): Laravel\\Lumen\\Application->sendThroughPipeline(Array, Object(Closure))
#26 /var/www/html/xapi/vendor/laravel/lumen-framework/src/Concerns/RoutesRequests.php(108): Laravel\\Lumen\\Application->dispatch(NULL)
#27 /var/www/html/xapi/public/index.php(27): Laravel\\Lumen\\Application->run()
#28 {main}
"} 
[2019-07-29 11:01:02] local.ERROR: Symfony\Component\Debug\Exception\FatalThrowableError: Call to a member function toArray() on null in /var/www/html/xapi/app/Repositories/VideoRepository.php:49
Stack trace:
#0 /var/www/html/xapi/routes/web.php(763): App\Repositories\VideoRepository::find(8404)
#1 [internal function]: Closure->{closure}('8404')
#2 /var/www/html/xapi/vendor/illuminate/container/BoundMethod.php(32): call_user_func_array(Object(Closure), Array)
#3 /var/www/html/xapi/vendor/illuminate/container/BoundMethod.php(78): Illuminate\Container\BoundMethod::Illuminate\Container\{closure}()
#4 /var/www/html/xapi/vendor/illuminate/container/BoundMethod.php(34): Illuminate\Container\BoundMethod::callBoundMethod(Object(Laravel\Lumen\Application), Object(Closure), Object(Closure))
#5 /var/www/html/xapi/vendor/illuminate/container/Container.php(576): Illuminate\Container\BoundMethod::call(Object(Laravel\Lumen\Application), Object(Closure), Array, NULL)
#6 /var/www/html/xapi/vendor/laravel/lumen-framework/src/Concerns/RoutesRequests.php(289): Illuminate\Container\Container->call(Object(Closure), Array)
#7 /var/www/html/xapi/vendor/laravel/lumen-framework/src/Concerns/RoutesRequests.php(263): Laravel\Lumen\Application->callActionOnArrayBasedRoute(Array)
#8 /var/www/html/xapi/vendor/laravel/lumen-framework/src/Concerns/RoutesRequests.php(233): Laravel\Lumen\Application->handleFoundRoute(Array)
#9 /var/www/html/xapi/vendor/laravel/lumen-framework/src/Concerns/RoutesRequests.php(169): Laravel\Lumen\Application->handleDispatcherResponse(Array)
#10 [internal function]: Laravel\Lumen\Application->Laravel\Lumen\Concerns\{closure}(Object(Laravel\Lumen\Http\Request))
#11 /var/www/html/xapi/vendor/laravel/lumen-framework/src/Routing/Pipeline.php(52): call_user_func(Object(Closure), Object(Laravel\Lumen\Http\Request))
#12 /var/www/html/xapi/app/Http/Middleware/CorsMiddleware.php(26): Laravel\Lumen\Routing\Pipeline->Laravel\Lumen\Routing\{closure}(Object(Laravel\Lumen\Http\Request))
#13 /var/www/html/xapi/vendor/illuminate/pipeline/Pipeline.php(163): App\Http\Middleware\CorsMiddleware->handle(Object(Laravel\Lumen\Http\Request), Object(Closure))
#14 [internal function]: Illuminate\Pipeline\Pipeline->Illuminate\Pipeline\{closure}(Object(Laravel\Lumen\Http\Request))
#15 /var/www/html/xapi/vendor/laravel/lumen-framework/src/Routing/Pipeline.php(32): call_user_func(Object(Closure), Object(Laravel\Lumen\Http\Request))
#16 /var/www/html/xapi/vendor/illuminate/pipeline/Pipeline.php(104): Laravel\Lumen\Routing\Pipeline->Laravel\Lumen\Routing\{closure}(Object(Laravel\Lumen\Http\Request))
#17 /var/www/html/xapi/vendor/laravel/lumen-framework/src/Concerns/RoutesRequests.php(413): Illuminate\Pipeline\Pipeline->then(Object(Closure))
#18 /var/www/html/xapi/vendor/laravel/lumen-framework/src/Concerns/RoutesRequests.php(171): Laravel\Lumen\Application->sendThroughPipeline(Array, Object(Closure))
#19 /var/www/html/xapi/vendor/laravel/lumen-framework/src/Concerns/RoutesRequests.php(108): Laravel\Lumen\Application->dispatch(NULL)
#20 /var/www/html/xapi/public/index.php(27): Laravel\Lumen\Application->run()
#21 {main} {"exception":"[object] (Symfony\\Component\\Debug\\Exception\\FatalThrowableError(code: 0): Call to a member function toArray() on null at /var/www/html/xapi/app/Repositories/VideoRepository.php:49)
[stacktrace]
#0 /var/www/html/xapi/routes/web.php(763): App\\Repositories\\VideoRepository::find(8404)
#1 [internal function]: Closure->{closure}('8404')
#2 /var/www/html/xapi/vendor/illuminate/container/BoundMethod.php(32): call_user_func_array(Object(Closure), Array)
#3 /var/www/html/xapi/vendor/illuminate/container/BoundMethod.php(78): Illuminate\\Container\\BoundMethod::Illuminate\\Container\\{closure}()
#4 /var/www/html/xapi/vendor/illuminate/container/BoundMethod.php(34): Illuminate\\Container\\BoundMethod::callBoundMethod(Object(Laravel\\Lumen\\Application), Object(Closure), Object(Closure))
#5 /var/www/html/xapi/vendor/illuminate/container/Container.php(576): Illuminate\\Container\\BoundMethod::call(Object(Laravel\\Lumen\\Application), Object(Closure), Array, NULL)
#6 /var/www/html/xapi/vendor/laravel/lumen-framework/src/Concerns/RoutesRequests.php(289): Illuminate\\Container\\Container->call(Object(Closure), Array)
#7 /var/www/html/xapi/vendor/laravel/lumen-framework/src/Concerns/RoutesRequests.php(263): Laravel\\Lumen\\Application->callActionOnArrayBasedRoute(Array)
#8 /var/www/html/xapi/vendor/laravel/lumen-framework/src/Concerns/RoutesRequests.php(233): Laravel\\Lumen\\Application->handleFoundRoute(Array)
#9 /var/www/html/xapi/vendor/laravel/lumen-framework/src/Concerns/RoutesRequests.php(169): Laravel\\Lumen\\Application->handleDispatcherResponse(Array)
#10 [internal function]: Laravel\\Lumen\\Application->Laravel\\Lumen\\Concerns\\{closure}(Object(Laravel\\Lumen\\Http\\Request))
#11 /var/www/html/xapi/vendor/laravel/lumen-framework/src/Routing/Pipeline.php(52): call_user_func(Object(Closure), Object(Laravel\\Lumen\\Http\\Request))
#12 /var/www/html/xapi/app/Http/Middleware/CorsMiddleware.php(26): Laravel\\Lumen\\Routing\\Pipeline->Laravel\\Lumen\\Routing\\{closure}(Object(Laravel\\Lumen\\Http\\Request))
#13 /var/www/html/xapi/vendor/illuminate/pipeline/Pipeline.php(163): App\\Http\\Middleware\\CorsMiddleware->handle(Object(Laravel\\Lumen\\Http\\Request), Object(Closure))
#14 [internal function]: Illuminate\\Pipeline\\Pipeline->Illuminate\\Pipeline\\{closure}(Object(Laravel\\Lumen\\Http\\Request))
#15 /var/www/html/xapi/vendor/laravel/lumen-framework/src/Routing/Pipeline.php(32): call_user_func(Object(Closure), Object(Laravel\\Lumen\\Http\\Request))
#16 /var/www/html/xapi/vendor/illuminate/pipeline/Pipeline.php(104): Laravel\\Lumen\\Routing\\Pipeline->Laravel\\Lumen\\Routing\\{closure}(Object(Laravel\\Lumen\\Http\\Request))
#17 /var/www/html/xapi/vendor/laravel/lumen-framework/src/Concerns/RoutesRequests.php(413): Illuminate\\Pipeline\\Pipeline->then(Object(Closure))
#18 /var/www/html/xapi/vendor/laravel/lumen-framework/src/Concerns/RoutesRequests.php(171): Laravel\\Lumen\\Application->sendThroughPipeline(Array, Object(Closure))
#19 /var/www/html/xapi/vendor/laravel/lumen-framework/src/Concerns/RoutesRequests.php(108): Laravel\\Lumen\\Application->dispatch(NULL)
#20 /var/www/html/xapi/public/index.php(27): Laravel\\Lumen\\Application->run()
#21 {main}
"} 
[2019-07-29 11:01:06] local.ERROR: Symfony\Component\Debug\Exception\FatalThrowableError: Call to a member function toArray() on null in /var/www/html/xapi/app/Repositories/VideoRepository.php:49
Stack trace:
#0 /var/www/html/xapi/routes/web.php(763): App\Repositories\VideoRepository::find(8337)
#1 [internal function]: Closure->{closure}('8337')
#2 /var/www/html/xapi/vendor/illuminate/container/BoundMethod.php(32): call_user_func_array(Object(Closure), Array)
#3 /var/www/html/xapi/vendor/illuminate/container/BoundMethod.php(78): Illuminate\Container\BoundMethod::Illuminate\Container\{closure}()
#4 /var/www/html/xapi/vendor/illuminate/container/BoundMethod.php(34): Illuminate\Container\BoundMethod::callBoundMethod(Object(Laravel\Lumen\Application), Object(Closure), Object(Closure))
#5 /var/www/html/xapi/vendor/illuminate/container/Container.php(576): Illuminate\Container\BoundMethod::call(Object(Laravel\Lumen\Application), Object(Closure), Array, NULL)
#6 /var/www/html/xapi/vendor/laravel/lumen-framework/src/Concerns/RoutesRequests.php(289): Illuminate\Container\Container->call(Object(Closure), Array)
#7 /var/www/html/xapi/vendor/laravel/lumen-framework/src/Concerns/RoutesRequests.php(263): Laravel\Lumen\Application->callActionOnArrayBasedRoute(Array)
#8 /var/www/html/xapi/vendor/laravel/lumen-framework/src/Concerns/RoutesRequests.php(233): Laravel\Lumen\Application->handleFoundRoute(Array)
#9 /var/www/html/xapi/vendor/laravel/lumen-framework/src/Concerns/RoutesRequests.php(169): Laravel\Lumen\Application->handleDispatcherResponse(Array)
#10 [internal function]: Laravel\Lumen\Application->Laravel\Lumen\Concerns\{closure}(Object(Laravel\Lumen\Http\Request))
#11 /var/www/html/xapi/vendor/laravel/lumen-framework/src/Routing/Pipeline.php(52): call_user_func(Object(Closure), Object(Laravel\Lumen\Http\Request))
#12 /var/www/html/xapi/app/Http/Middleware/CorsMiddleware.php(26): Laravel\Lumen\Routing\Pipeline->Laravel\Lumen\Routing\{closure}(Object(Laravel\Lumen\Http\Request))
#13 /var/www/html/xapi/vendor/illuminate/pipeline/Pipeline.php(163): App\Http\Middleware\CorsMiddleware->handle(Object(Laravel\Lumen\Http\Request), Object(Closure))
#14 [internal function]: Illuminate\Pipeline\Pipeline->Illuminate\Pipeline\{closure}(Object(Laravel\Lumen\Http\Request))
#15 /var/www/html/xapi/vendor/laravel/lumen-framework/src/Routing/Pipeline.php(32): call_user_func(Object(Closure), Object(Laravel\Lumen\Http\Request))
#16 /var/www/html/xapi/vendor/illuminate/pipeline/Pipeline.php(104): Laravel\Lumen\Routing\Pipeline->Laravel\Lumen\Routing\{closure}(Object(Laravel\Lumen\Http\Request))
#17 /var/www/html/xapi/vendor/laravel/lumen-framework/src/Concerns/RoutesRequests.php(413): Illuminate\Pipeline\Pipeline->then(Object(Closure))
#18 /var/www/html/xapi/vendor/laravel/lumen-framework/src/Concerns/RoutesRequests.php(171): Laravel\Lumen\Application->sendThroughPipeline(Array, Object(Closure))
#19 /var/www/html/xapi/vendor/laravel/lumen-framework/src/Concerns/RoutesRequests.php(108): Laravel\Lumen\Application->dispatch(NULL)
#20 /var/www/html/xapi/public/index.php(27): Laravel\Lumen\Application->run()
#21 {main} {"exception":"[object] (Symfony\\Component\\Debug\\Exception\\FatalThrowableError(code: 0): Call to a member function toArray() on null at /var/www/html/xapi/app/Repositories/VideoRepository.php:49)
[stacktrace]
#0 /var/www/html/xapi/routes/web.php(763): App\\Repositories\\VideoRepository::find(8337)
#1 [internal function]: Closure->{closure}('8337')
#2 /var/www/html/xapi/vendor/illuminate/container/BoundMethod.php(32): call_user_func_array(Object(Closure), Array)
#3 /var/www/html/xapi/vendor/illuminate/container/BoundMethod.php(78): Illuminate\\Container\\BoundMethod::Illuminate\\Container\\{closure}()
#4 /var/www/html/xapi/vendor/illuminate/container/BoundMethod.php(34): Illuminate\\Container\\BoundMethod::callBoundMethod(Object(Laravel\\Lumen\\Application), Object(Closure), Object(Closure))
#5 /var/www/html/xapi/vendor/illuminate/container/Container.php(576): Illuminate\\Container\\BoundMethod::call(Object(Laravel\\Lumen\\Application), Object(Closure), Array, NULL)
#6 /var/www/html/xapi/vendor/laravel/lumen-framework/src/Concerns/RoutesRequests.php(289): Illuminate\\Container\\Container->call(Object(Closure), Array)
#7 /var/www/html/xapi/vendor/laravel/lumen-framework/src/Concerns/RoutesRequests.php(263): Laravel\\Lumen\\Application->callActionOnArrayBasedRoute(Array)
#8 /var/www/html/xapi/vendor/laravel/lumen-framework/src/Concerns/RoutesRequests.php(233): Laravel\\Lumen\\Application->handleFoundRoute(Array)
#9 /var/www/html/xapi/vendor/laravel/lumen-framework/src/Concerns/RoutesRequests.php(169): Laravel\\Lumen\\Application->handleDispatcherResponse(Array)
#10 [internal function]: Laravel\\Lumen\\Application->Laravel\\Lumen\\Concerns\\{closure}(Object(Laravel\\Lumen\\Http\\Request))
#11 /var/www/html/xapi/vendor/laravel/lumen-framework/src/Routing/Pipeline.php(52): call_user_func(Object(Closure), Object(Laravel\\Lumen\\Http\\Request))
#12 /var/www/html/xapi/app/Http/Middleware/CorsMiddleware.php(26): Laravel\\Lumen\\Routing\\Pipeline->Laravel\\Lumen\\Routing\\{closure}(Object(Laravel\\Lumen\\Http\\Request))
#13 /var/www/html/xapi/vendor/illuminate/pipeline/Pipeline.php(163): App\\Http\\Middleware\\CorsMiddleware->handle(Object(Laravel\\Lumen\\Http\\Request), Object(Closure))
#14 [internal function]: Illuminate\\Pipeline\\Pipeline->Illuminate\\Pipeline\\{closure}(Object(Laravel\\Lumen\\Http\\Request))
#15 /var/www/html/xapi/vendor/laravel/lumen-framework/src/Routing/Pipeline.php(32): call_user_func(Object(Closure), Object(Laravel\\Lumen\\Http\\Request))
#16 /var/www/html/xapi/vendor/illuminate/pipeline/Pipeline.php(104): Laravel\\Lumen\\Routing\\Pipeline->Laravel\\Lumen\\Routing\\{closure}(Object(Laravel\\Lumen\\Http\\Request))
#17 /var/www/html/xapi/vendor/laravel/lumen-framework/src/Concerns/RoutesRequests.php(413): Illuminate\\Pipeline\\Pipeline->then(Object(Closure))
#18 /var/www/html/xapi/vendor/laravel/lumen-framework/src/Concerns/RoutesRequests.php(171): Laravel\\Lumen\\Application->sendThroughPipeline(Array, Object(Closure))
#19 /var/www/html/xapi/vendor/laravel/lumen-framework/src/Concerns/RoutesRequests.php(108): Laravel\\Lumen\\Application->dispatch(NULL)
#20 /var/www/html/xapi/public/index.php(27): Laravel\\Lumen\\Application->run()
#21 {main}
"} 
[2019-07-29 11:01:11] local.ERROR: Symfony\Component\Debug\Exception\FatalThrowableError: Call to a member function toArray() on null in /var/www/html/xapi/app/Repositories/VideoRepository.php:49
Stack trace:
#0 /var/www/html/xapi/routes/web.php(763): App\Repositories\VideoRepository::find(8337)
#1 [internal function]: Closure->{closure}('8337')
#2 /var/www/html/xapi/vendor/illuminate/container/BoundMethod.php(32): call_user_func_array(Object(Closure), Array)
#3 /var/www/html/xapi/vendor/illuminate/container/BoundMethod.php(78): Illuminate\Container\BoundMethod::Illuminate\Container\{closure}()
#4 /var/www/html/xapi/vendor/illuminate/container/BoundMethod.php(34): Illuminate\Container\BoundMethod::callBoundMethod(Object(Laravel\Lumen\Application), Object(Closure), Object(Closure))
#5 /var/www/html/xapi/vendor/illuminate/container/Container.php(576): Illuminate\Container\BoundMethod::call(Object(Laravel\Lumen\Application), Object(Closure), Array, NULL)
#6 /var/www/html/xapi/vendor/laravel/lumen-framework/src/Concerns/RoutesRequests.php(289): Illuminate\Container\Container->call(Object(Closure), Array)
#7 /var/www/html/xapi/vendor/laravel/lumen-framework/src/Concerns/RoutesRequests.php(263): Laravel\Lumen\Application->callActionOnArrayBasedRoute(Array)
#8 /var/www/html/xapi/vendor/laravel/lumen-framework/src/Concerns/RoutesRequests.php(233): Laravel\Lumen\Application->handleFoundRoute(Array)
#9 /var/www/html/xapi/vendor/laravel/lumen-framework/src/Concerns/RoutesRequests.php(169): Laravel\Lumen\Application->handleDispatcherResponse(Array)
#10 [internal function]: Laravel\Lumen\Application->Laravel\Lumen\Concerns\{closure}(Object(Laravel\Lumen\Http\Request))
#11 /var/www/html/xapi/vendor/laravel/lumen-framework/src/Routing/Pipeline.php(52): call_user_func(Object(Closure), Object(Laravel\Lumen\Http\Request))
#12 /var/www/html/xapi/app/Http/Middleware/CorsMiddleware.php(26): Laravel\Lumen\Routing\Pipeline->Laravel\Lumen\Routing\{closure}(Object(Laravel\Lumen\Http\Request))
#13 /var/www/html/xapi/vendor/illuminate/pipeline/Pipeline.php(163): App\Http\Middleware\CorsMiddleware->handle(Object(Laravel\Lumen\Http\Request), Object(Closure))
#14 [internal function]: Illuminate\Pipeline\Pipeline->Illuminate\Pipeline\{closure}(Object(Laravel\Lumen\Http\Request))
#15 /var/www/html/xapi/vendor/laravel/lumen-framework/src/Routing/Pipeline.php(32): call_user_func(Object(Closure), Object(Laravel\Lumen\Http\Request))
#16 /var/www/html/xapi/vendor/illuminate/pipeline/Pipeline.php(104): Laravel\Lumen\Routing\Pipeline->Laravel\Lumen\Routing\{closure}(Object(Laravel\Lumen\Http\Request))
#17 /var/www/html/xapi/vendor/laravel/lumen-framework/src/Concerns/RoutesRequests.php(413): Illuminate\Pipeline\Pipeline->then(Object(Closure))
#18 /var/www/html/xapi/vendor/laravel/lumen-framework/src/Concerns/RoutesRequests.php(171): Laravel\Lumen\Application->sendThroughPipeline(Array, Object(Closure))
#19 /var/www/html/xapi/vendor/laravel/lumen-framework/src/Concerns/RoutesRequests.php(108): Laravel\Lumen\Application->dispatch(NULL)
#20 /var/www/html/xapi/public/index.php(27): Laravel\Lumen\Application->run()
#21 {main} {"exception":"[object] (Symfony\\Component\\Debug\\Exception\\FatalThrowableError(code: 0): Call to a member function toArray() on null at /var/www/html/xapi/app/Repositories/VideoRepository.php:49)
[stacktrace]
#0 /var/www/html/xapi/routes/web.php(763): App\\Repositories\\VideoRepository::find(8337)
#1 [internal function]: Closure->{closure}('8337')
#2 /var/www/html/xapi/vendor/illuminate/container/BoundMethod.php(32): call_user_func_array(Object(Closure), Array)
#3 /var/www/html/xapi/vendor/illuminate/container/BoundMethod.php(78): Illuminate\\Container\\BoundMethod::Illuminate\\Container\\{closure}()
#4 /var/www/html/xapi/vendor/illuminate/container/BoundMethod.php(34): Illuminate\\Container\\BoundMethod::callBoundMethod(Object(Laravel\\Lumen\\Application), Object(Closure), Object(Closure))
#5 /var/www/html/xapi/vendor/illuminate/container/Container.php(576): Illuminate\\Container\\BoundMethod::call(Object(Laravel\\Lumen\\Application), Object(Closure), Array, NULL)
#6 /var/www/html/xapi/vendor/laravel/lumen-framework/src/Concerns/RoutesRequests.php(289): Illuminate\\Container\\Container->call(Object(Closure), Array)
#7 /var/www/html/xapi/vendor/laravel/lumen-framework/src/Concerns/RoutesRequests.php(263): Laravel\\Lumen\\Application->callActionOnArrayBasedRoute(Array)
#8 /var/www/html/xapi/vendor/laravel/lumen-framework/src/Concerns/RoutesRequests.php(233): Laravel\\Lumen\\Application->handleFoundRoute(Array)
#9 /var/www/html/xapi/vendor/laravel/lumen-framework/src/Concerns/RoutesRequests.php(169): Laravel\\Lumen\\Application->handleDispatcherResponse(Array)
#10 [internal function]: Laravel\\Lumen\\Application->Laravel\\Lumen\\Concerns\\{closure}(Object(Laravel\\Lumen\\Http\\Request))
#11 /var/www/html/xapi/vendor/laravel/lumen-framework/src/Routing/Pipeline.php(52): call_user_func(Object(Closure), Object(Laravel\\Lumen\\Http\\Request))
#12 /var/www/html/xapi/app/Http/Middleware/CorsMiddleware.php(26): Laravel\\Lumen\\Routing\\Pipeline->Laravel\\Lumen\\Routing\\{closure}(Object(Laravel\\Lumen\\Http\\Request))
#13 /var/www/html/xapi/vendor/illuminate/pipeline/Pipeline.php(163): App\\Http\\Middleware\\CorsMiddleware->handle(Object(Laravel\\Lumen\\Http\\Request), Object(Closure))
#14 [internal function]: Illuminate\\Pipeline\\Pipeline->Illuminate\\Pipeline\\{closure}(Object(Laravel\\Lumen\\Http\\Request))
#15 /var/www/html/xapi/vendor/laravel/lumen-framework/src/Routing/Pipeline.php(32): call_user_func(Object(Closure), Object(Laravel\\Lumen\\Http\\Request))
#16 /var/www/html/xapi/vendor/illuminate/pipeline/Pipeline.php(104): Laravel\\Lumen\\Routing\\Pipeline->Laravel\\Lumen\\Routing\\{closure}(Object(Laravel\\Lumen\\Http\\Request))
#17 /var/www/html/xapi/vendor/laravel/lumen-framework/src/Concerns/RoutesRequests.php(413): Illuminate\\Pipeline\\Pipeline->then(Object(Closure))
#18 /var/www/html/xapi/vendor/laravel/lumen-framework/src/Concerns/RoutesRequests.php(171): Laravel\\Lumen\\Application->sendThroughPipeline(Array, Object(Closure))
#19 /var/www/html/xapi/vendor/laravel/lumen-framework/src/Concerns/RoutesRequests.php(108): Laravel\\Lumen\\Application->dispatch(NULL)
#20 /var/www/html/xapi/public/index.php(27): Laravel\\Lumen\\Application->run()
#21 {main}
"} 
[2019-07-29 11:04:13] local.ERROR: Symfony\Component\Debug\Exception\FatalThrowableError: Call to a member function toArray() on null in /var/www/html/xapi/app/Repositories/VideoRepository.php:49
Stack trace:
#0 /var/www/html/xapi/routes/web.php(763): App\Repositories\VideoRepository::find(8337)
#1 [internal function]: Closure->{closure}('8337')
#2 /var/www/html/xapi/vendor/illuminate/container/BoundMethod.php(32): call_user_func_array(Object(Closure), Array)
#3 /var/www/html/xapi/vendor/illuminate/container/BoundMethod.php(78): Illuminate\Container\BoundMethod::Illuminate\Container\{closure}()
#4 /var/www/html/xapi/vendor/illuminate/container/BoundMethod.php(34): Illuminate\Container\BoundMethod::callBoundMethod(Object(Laravel\Lumen\Application), Object(Closure), Object(Closure))
#5 /var/www/html/xapi/vendor/illuminate/container/Container.php(576): Illuminate\Container\BoundMethod::call(Object(Laravel\Lumen\Application), Object(Closure), Array, NULL)
#6 /var/www/html/xapi/vendor/laravel/lumen-framework/src/Concerns/RoutesRequests.php(289): Illuminate\Container\Container->call(Object(Closure), Array)
#7 /var/www/html/xapi/vendor/laravel/lumen-framework/src/Concerns/RoutesRequests.php(263): Laravel\Lumen\Application->callActionOnArrayBasedRoute(Array)
#8 /var/www/html/xapi/vendor/laravel/lumen-framework/src/Concerns/RoutesRequests.php(233): Laravel\Lumen\Application->handleFoundRoute(Array)
#9 /var/www/html/xapi/vendor/laravel/lumen-framework/src/Concerns/RoutesRequests.php(169): Laravel\Lumen\Application->handleDispatcherResponse(Array)
#10 [internal function]: Laravel\Lumen\Application->Laravel\Lumen\Concerns\{closure}(Object(Laravel\Lumen\Http\Request))
#11 /var/www/html/xapi/vendor/laravel/lumen-framework/src/Routing/Pipeline.php(52): call_user_func(Object(Closure), Object(Laravel\Lumen\Http\Request))
#12 /var/www/html/xapi/app/Http/Middleware/CorsMiddleware.php(26): Laravel\Lumen\Routing\Pipeline->Laravel\Lumen\Routing\{closure}(Object(Laravel\Lumen\Http\Request))
#13 /var/www/html/xapi/vendor/illuminate/pipeline/Pipeline.php(163): App\Http\Middleware\CorsMiddleware->handle(Object(Laravel\Lumen\Http\Request), Object(Closure))
#14 [internal function]: Illuminate\Pipeline\Pipeline->Illuminate\Pipeline\{closure}(Object(Laravel\Lumen\Http\Request))
#15 /var/www/html/xapi/vendor/laravel/lumen-framework/src/Routing/Pipeline.php(32): call_user_func(Object(Closure), Object(Laravel\Lumen\Http\Request))
#16 /var/www/html/xapi/vendor/illuminate/pipeline/Pipeline.php(104): Laravel\Lumen\Routing\Pipeline->Laravel\Lumen\Routing\{closure}(Object(Laravel\Lumen\Http\Request))
#17 /var/www/html/xapi/vendor/laravel/lumen-framework/src/Concerns/RoutesRequests.php(413): Illuminate\Pipeline\Pipeline->then(Object(Closure))
#18 /var/www/html/xapi/vendor/laravel/lumen-framework/src/Concerns/RoutesRequests.php(171): Laravel\Lumen\Application->sendThroughPipeline(Array, Object(Closure))
#19 /var/www/html/xapi/vendor/laravel/lumen-framework/src/Concerns/RoutesRequests.php(108): Laravel\Lumen\Application->dispatch(NULL)
#20 /var/www/html/xapi/public/index.php(27): Laravel\Lumen\Application->run()
#21 {main} {"exception":"[object] (Symfony\\Component\\Debug\\Exception\\FatalThrowableError(code: 0): Call to a member function toArray() on null at /var/www/html/xapi/app/Repositories/VideoRepository.php:49)
[stacktrace]
#0 /var/www/html/xapi/routes/web.php(763): App\\Repositories\\VideoRepository::find(8337)
#1 [internal function]: Closure->{closure}('8337')
#2 /var/www/html/xapi/vendor/illuminate/container/BoundMethod.php(32): call_user_func_array(Object(Closure), Array)
#3 /var/www/html/xapi/vendor/illuminate/container/BoundMethod.php(78): Illuminate\\Container\\BoundMethod::Illuminate\\Container\\{closure}()
#4 /var/www/html/xapi/vendor/illuminate/container/BoundMethod.php(34): Illuminate\\Container\\BoundMethod::callBoundMethod(Object(Laravel\\Lumen\\Application), Object(Closure), Object(Closure))
#5 /var/www/html/xapi/vendor/illuminate/container/Container.php(576): Illuminate\\Container\\BoundMethod::call(Object(Laravel\\Lumen\\Application), Object(Closure), Array, NULL)
#6 /var/www/html/xapi/vendor/laravel/lumen-framework/src/Concerns/RoutesRequests.php(289): Illuminate\\Container\\Container->call(Object(Closure), Array)
#7 /var/www/html/xapi/vendor/laravel/lumen-framework/src/Concerns/RoutesRequests.php(263): Laravel\\Lumen\\Application->callActionOnArrayBasedRoute(Array)
#8 /var/www/html/xapi/vendor/laravel/lumen-framework/src/Concerns/RoutesRequests.php(233): Laravel\\Lumen\\Application->handleFoundRoute(Array)
#9 /var/www/html/xapi/vendor/laravel/lumen-framework/src/Concerns/RoutesRequests.php(169): Laravel\\Lumen\\Application->handleDispatcherResponse(Array)
#10 [internal function]: Laravel\\Lumen\\Application->Laravel\\Lumen\\Concerns\\{closure}(Object(Laravel\\Lumen\\Http\\Request))
#11 /var/www/html/xapi/vendor/laravel/lumen-framework/src/Routing/Pipeline.php(52): call_user_func(Object(Closure), Object(Laravel\\Lumen\\Http\\Request))
#12 /var/www/html/xapi/app/Http/Middleware/CorsMiddleware.php(26): Laravel\\Lumen\\Routing\\Pipeline->Laravel\\Lumen\\Routing\\{closure}(Object(Laravel\\Lumen\\Http\\Request))
#13 /var/www/html/xapi/vendor/illuminate/pipeline/Pipeline.php(163): App\\Http\\Middleware\\CorsMiddleware->handle(Object(Laravel\\Lumen\\Http\\Request), Object(Closure))
#14 [internal function]: Illuminate\\Pipeline\\Pipeline->Illuminate\\Pipeline\\{closure}(Object(Laravel\\Lumen\\Http\\Request))
#15 /var/www/html/xapi/vendor/laravel/lumen-framework/src/Routing/Pipeline.php(32): call_user_func(Object(Closure), Object(Laravel\\Lumen\\Http\\Request))
#16 /var/www/html/xapi/vendor/illuminate/pipeline/Pipeline.php(104): Laravel\\Lumen\\Routing\\Pipeline->Laravel\\Lumen\\Routing\\{closure}(Object(Laravel\\Lumen\\Http\\Request))
#17 /var/www/html/xapi/vendor/laravel/lumen-framework/src/Concerns/RoutesRequests.php(413): Illuminate\\Pipeline\\Pipeline->then(Object(Closure))
#18 /var/www/html/xapi/vendor/laravel/lumen-framework/src/Concerns/RoutesRequests.php(171): Laravel\\Lumen\\Application->sendThroughPipeline(Array, Object(Closure))
#19 /var/www/html/xapi/vendor/laravel/lumen-framework/src/Concerns/RoutesRequests.php(108): Laravel\\Lumen\\Application->dispatch(NULL)
#20 /var/www/html/xapi/public/index.php(27): Laravel\\Lumen\\Application->run()
#21 {main}
"} 
[2019-07-29 11:05:15] local.ERROR: Symfony\Component\Debug\Exception\FatalThrowableError: Return value of App\Repositories\VideoRepository::find() must be of the type array, object returned in /var/www/html/xapi/app/Repositories/VideoRepository.php:49
Stack trace:
#0 /var/www/html/xapi/routes/web.php(763): App\Repositories\VideoRepository::find(8337)
#1 [internal function]: Closure->{closure}('8337')
#2 /var/www/html/xapi/vendor/illuminate/container/BoundMethod.php(32): call_user_func_array(Object(Closure), Array)
#3 /var/www/html/xapi/vendor/illuminate/container/BoundMethod.php(78): Illuminate\Container\BoundMethod::Illuminate\Container\{closure}()
#4 /var/www/html/xapi/vendor/illuminate/container/BoundMethod.php(34): Illuminate\Container\BoundMethod::callBoundMethod(Object(Laravel\Lumen\Application), Object(Closure), Object(Closure))
#5 /var/www/html/xapi/vendor/illuminate/container/Container.php(576): Illuminate\Container\BoundMethod::call(Object(Laravel\Lumen\Application), Object(Closure), Array, NULL)
#6 /var/www/html/xapi/vendor/laravel/lumen-framework/src/Concerns/RoutesRequests.php(289): Illuminate\Container\Container->call(Object(Closure), Array)
#7 /var/www/html/xapi/vendor/laravel/lumen-framework/src/Concerns/RoutesRequests.php(263): Laravel\Lumen\Application->callActionOnArrayBasedRoute(Array)
#8 /var/www/html/xapi/vendor/laravel/lumen-framework/src/Concerns/RoutesRequests.php(233): Laravel\Lumen\Application->handleFoundRoute(Array)
#9 /var/www/html/xapi/vendor/laravel/lumen-framework/src/Concerns/RoutesRequests.php(169): Laravel\Lumen\Application->handleDispatcherResponse(Array)
#10 [internal function]: Laravel\Lumen\Application->Laravel\Lumen\Concerns\{closure}(Object(Laravel\Lumen\Http\Request))
#11 /var/www/html/xapi/vendor/laravel/lumen-framework/src/Routing/Pipeline.php(52): call_user_func(Object(Closure), Object(Laravel\Lumen\Http\Request))
#12 /var/www/html/xapi/app/Http/Middleware/CorsMiddleware.php(26): Laravel\Lumen\Routing\Pipeline->Laravel\Lumen\Routing\{closure}(Object(Laravel\Lumen\Http\Request))
#13 /var/www/html/xapi/vendor/illuminate/pipeline/Pipeline.php(163): App\Http\Middleware\CorsMiddleware->handle(Object(Laravel\Lumen\Http\Request), Object(Closure))
#14 [internal function]: Illuminate\Pipeline\Pipeline->Illuminate\Pipeline\{closure}(Object(Laravel\Lumen\Http\Request))
#15 /var/www/html/xapi/vendor/laravel/lumen-framework/src/Routing/Pipeline.php(32): call_user_func(Object(Closure), Object(Laravel\Lumen\Http\Request))
#16 /var/www/html/xapi/vendor/illuminate/pipeline/Pipeline.php(104): Laravel\Lumen\Routing\Pipeline->Laravel\Lumen\Routing\{closure}(Object(Laravel\Lumen\Http\Request))
#17 /var/www/html/xapi/vendor/laravel/lumen-framework/src/Concerns/RoutesRequests.php(413): Illuminate\Pipeline\Pipeline->then(Object(Closure))
#18 /var/www/html/xapi/vendor/laravel/lumen-framework/src/Concerns/RoutesRequests.php(171): Laravel\Lumen\Application->sendThroughPipeline(Array, Object(Closure))
#19 /var/www/html/xapi/vendor/laravel/lumen-framework/src/Concerns/RoutesRequests.php(108): Laravel\Lumen\Application->dispatch(NULL)
#20 /var/www/html/xapi/public/index.php(27): Laravel\Lumen\Application->run()
#21 {main} {"exception":"[object] (Symfony\\Component\\Debug\\Exception\\FatalThrowableError(code: 0): Return value of App\\Repositories\\VideoRepository::find() must be of the type array, object returned at /var/www/html/xapi/app/Repositories/VideoRepository.php:49)
[stacktrace]
#0 /var/www/html/xapi/routes/web.php(763): App\\Repositories\\VideoRepository::find(8337)
#1 [internal function]: Closure->{closure}('8337')
#2 /var/www/html/xapi/vendor/illuminate/container/BoundMethod.php(32): call_user_func_array(Object(Closure), Array)
#3 /var/www/html/xapi/vendor/illuminate/container/BoundMethod.php(78): Illuminate\\Container\\BoundMethod::Illuminate\\Container\\{closure}()
#4 /var/www/html/xapi/vendor/illuminate/container/BoundMethod.php(34): Illuminate\\Container\\BoundMethod::callBoundMethod(Object(Laravel\\Lumen\\Application), Object(Closure), Object(Closure))
#5 /var/www/html/xapi/vendor/illuminate/container/Container.php(576): Illuminate\\Container\\BoundMethod::call(Object(Laravel\\Lumen\\Application), Object(Closure), Array, NULL)
#6 /var/www/html/xapi/vendor/laravel/lumen-framework/src/Concerns/RoutesRequests.php(289): Illuminate\\Container\\Container->call(Object(Closure), Array)
#7 /var/www/html/xapi/vendor/laravel/lumen-framework/src/Concerns/RoutesRequests.php(263): Laravel\\Lumen\\Application->callActionOnArrayBasedRoute(Array)
#8 /var/www/html/xapi/vendor/laravel/lumen-framework/src/Concerns/RoutesRequests.php(233): Laravel\\Lumen\\Application->handleFoundRoute(Array)
#9 /var/www/html/xapi/vendor/laravel/lumen-framework/src/Concerns/RoutesRequests.php(169): Laravel\\Lumen\\Application->handleDispatcherResponse(Array)
#10 [internal function]: Laravel\\Lumen\\Application->Laravel\\Lumen\\Concerns\\{closure}(Object(Laravel\\Lumen\\Http\\Request))
#11 /var/www/html/xapi/vendor/laravel/lumen-framework/src/Routing/Pipeline.php(52): call_user_func(Object(Closure), Object(Laravel\\Lumen\\Http\\Request))
#12 /var/www/html/xapi/app/Http/Middleware/CorsMiddleware.php(26): Laravel\\Lumen\\Routing\\Pipeline->Laravel\\Lumen\\Routing\\{closure}(Object(Laravel\\Lumen\\Http\\Request))
#13 /var/www/html/xapi/vendor/illuminate/pipeline/Pipeline.php(163): App\\Http\\Middleware\\CorsMiddleware->handle(Object(Laravel\\Lumen\\Http\\Request), Object(Closure))
#14 [internal function]: Illuminate\\Pipeline\\Pipeline->Illuminate\\Pipeline\\{closure}(Object(Laravel\\Lumen\\Http\\Request))
#15 /var/www/html/xapi/vendor/laravel/lumen-framework/src/Routing/Pipeline.php(32): call_user_func(Object(Closure), Object(Laravel\\Lumen\\Http\\Request))
#16 /var/www/html/xapi/vendor/illuminate/pipeline/Pipeline.php(104): Laravel\\Lumen\\Routing\\Pipeline->Laravel\\Lumen\\Routing\\{closure}(Object(Laravel\\Lumen\\Http\\Request))
#17 /var/www/html/xapi/vendor/laravel/lumen-framework/src/Concerns/RoutesRequests.php(413): Illuminate\\Pipeline\\Pipeline->then(Object(Closure))
#18 /var/www/html/xapi/vendor/laravel/lumen-framework/src/Concerns/RoutesRequests.php(171): Laravel\\Lumen\\Application->sendThroughPipeline(Array, Object(Closure))
#19 /var/www/html/xapi/vendor/laravel/lumen-framework/src/Concerns/RoutesRequests.php(108): Laravel\\Lumen\\Application->dispatch(NULL)
#20 /var/www/html/xapi/public/index.php(27): Laravel\\Lumen\\Application->run()
#21 {main}
"} 
