[2019-08-13 07:43:25] local.ERROR: ErrorException: A non-numeric value encountered in /var/www/html/xapi/app/Tools/Singleton/SingletonTrait.php:26
Stack trace:
#0 /var/www/html/xapi/app/Tools/Singleton/SingletonTrait.php(26): Laravel\Lumen\Application->Laravel\Lumen\Concerns\{closure}(2, 'A non-numeric v...', '/var/www/html/x...', 26, Array)
#1 /var/www/html/xapi/app/Tools/Singleton/SingletonTrait.php(19): App\Tools\Fomatter\End->__call('toSucessJson', Array)
#2 /var/www/html/xapi/app/Http/Controllers/Auth/LoginController.php(38): App\Tools\Fomatter\End::__callStatic('toSucessJson', Array)
#3 [internal function]: App\Http\Controllers\Auth\LoginController->logout()
#4 /var/www/html/xapi/vendor/illuminate/container/BoundMethod.php(32): call_user_func_array(Array, Array)
#5 /var/www/html/xapi/vendor/illuminate/container/BoundMethod.php(90): Illuminate\Container\BoundMethod::Illuminate\Container\{closure}()
#6 /var/www/html/xapi/vendor/illuminate/container/BoundMethod.php(34): Illuminate\Container\BoundMethod::callBoundMethod(Object(Laravel\Lumen\Application), Array, Object(Closure))
#7 /var/www/html/xapi/vendor/illuminate/container/Container.php(576): Illuminate\Container\BoundMethod::call(Object(Laravel\Lumen\Application), Array, Array, NULL)
#8 /var/www/html/xapi/vendor/laravel/lumen-framework/src/Concerns/RoutesRequests.php(376): Illuminate\Container\Container->call(Array, Array)
#9 /var/www/html/xapi/vendor/laravel/lumen-framework/src/Concerns/RoutesRequests.php(319): Laravel\Lumen\Application->callControllerCallable(Array, Array)
#10 /var/www/html/xapi/vendor/laravel/lumen-framework/src/Concerns/RoutesRequests.php(278): Laravel\Lumen\Application->callControllerAction(Array)
#11 /var/www/html/xapi/vendor/laravel/lumen-framework/src/Concerns/RoutesRequests.php(258): Laravel\Lumen\Application->callActionOnArrayBasedRoute(Array)
#12 [internal function]: Laravel\Lumen\Application->Laravel\Lumen\Concerns\{closure}(Object(Laravel\Lumen\Http\Request))
#13 /var/www/html/xapi/vendor/laravel/lumen-framework/src/Routing/Pipeline.php(52): call_user_func(Object(Closure), Object(Laravel\Lumen\Http\Request))
#14 /var/www/html/xapi/app/Http/Middleware/Authenticate.php(43): Laravel\Lumen\Routing\Pipeline->Laravel\Lumen\Routing\{closure}(Object(Laravel\Lumen\Http\Request))
#15 /var/www/html/xapi/vendor/illuminate/pipeline/Pipeline.php(163): App\Http\Middleware\Authenticate->handle(Object(Laravel\Lumen\Http\Request), Object(Closure))
#16 [internal function]: Illuminate\Pipeline\Pipeline->Illuminate\Pipeline\{closure}(Object(Laravel\Lumen\Http\Request))
#17 /var/www/html/xapi/vendor/laravel/lumen-framework/src/Routing/Pipeline.php(32): call_user_func(Object(Closure), Object(Laravel\Lumen\Http\Request))
#18 /var/www/html/xapi/vendor/illuminate/pipeline/Pipeline.php(104): Laravel\Lumen\Routing\Pipeline->Laravel\Lumen\Routing\{closure}(Object(Laravel\Lumen\Http\Request))
#19 /var/www/html/xapi/vendor/laravel/lumen-framework/src/Concerns/RoutesRequests.php(413): Illuminate\Pipeline\Pipeline->then(Object(Closure))
#20 /var/www/html/xapi/vendor/laravel/lumen-framework/src/Concerns/RoutesRequests.php(259): Laravel\Lumen\Application->sendThroughPipeline(Array, Object(Closure))
#21 /var/www/html/xapi/vendor/laravel/lumen-framework/src/Concerns/RoutesRequests.php(165): Laravel\Lumen\Application->handleFoundRoute(Array)
#22 [internal function]: Laravel\Lumen\Application->Laravel\Lumen\Concerns\{closure}(Object(Laravel\Lumen\Http\Request))
#23 /var/www/html/xapi/vendor/laravel/lumen-framework/src/Routing/Pipeline.php(52): call_user_func(Object(Closure), Object(Laravel\Lumen\Http\Request))
#24 /var/www/html/xapi/app/Http/Middleware/CorsMiddleware.php(26): Laravel\Lumen\Routing\Pipeline->Laravel\Lumen\Routing\{closure}(Object(Laravel\Lumen\Http\Request))
#25 /var/www/html/xapi/vendor/illuminate/pipeline/Pipeline.php(163): App\Http\Middleware\CorsMiddleware->handle(Object(Laravel\Lumen\Http\Request), Object(Closure))
#26 [internal function]: Illuminate\Pipeline\Pipeline->Illuminate\Pipeline\{closure}(Object(Laravel\Lumen\Http\Request))
#27 /var/www/html/xapi/vendor/laravel/lumen-framework/src/Routing/Pipeline.php(32): call_user_func(Object(Closure), Object(Laravel\Lumen\Http\Request))
#28 /var/www/html/xapi/vendor/illuminate/pipeline/Pipeline.php(104): Laravel\Lumen\Routing\Pipeline->Laravel\Lumen\Routing\{closure}(Object(Laravel\Lumen\Http\Request))
#29 /var/www/html/xapi/vendor/laravel/lumen-framework/src/Concerns/RoutesRequests.php(413): Illuminate\Pipeline\Pipeline->then(Object(Closure))
#30 /var/www/html/xapi/vendor/laravel/lumen-framework/src/Concerns/RoutesRequests.php(171): Laravel\Lumen\Application->sendThroughPipeline(Array, Object(Closure))
#31 /var/www/html/xapi/vendor/laravel/lumen-framework/src/Concerns/RoutesRequests.php(108): Laravel\Lumen\Application->dispatch(NULL)
#32 /var/www/html/xapi/public/index.php(26): Laravel\Lumen\Application->run()
#33 {main} {"exception":"[object] (ErrorException(code: 0): A non-numeric value encountered at /var/www/html/xapi/app/Tools/Singleton/SingletonTrait.php:26)
[stacktrace]
#0 /var/www/html/xapi/app/Tools/Singleton/SingletonTrait.php(26): Laravel\\Lumen\\Application->Laravel\\Lumen\\Concerns\\{closure}(2, 'A non-numeric v...', '/var/www/html/x...', 26, Array)
#1 /var/www/html/xapi/app/Tools/Singleton/SingletonTrait.php(19): App\\Tools\\Fomatter\\End->__call('toSucessJson', Array)
#2 /var/www/html/xapi/app/Http/Controllers/Auth/LoginController.php(38): App\\Tools\\Fomatter\\End::__callStatic('toSucessJson', Array)
#3 [internal function]: App\\Http\\Controllers\\Auth\\LoginController->logout()
#4 /var/www/html/xapi/vendor/illuminate/container/BoundMethod.php(32): call_user_func_array(Array, Array)
#5 /var/www/html/xapi/vendor/illuminate/container/BoundMethod.php(90): Illuminate\\Container\\BoundMethod::Illuminate\\Container\\{closure}()
#6 /var/www/html/xapi/vendor/illuminate/container/BoundMethod.php(34): Illuminate\\Container\\BoundMethod::callBoundMethod(Object(Laravel\\Lumen\\Application), Array, Object(Closure))
#7 /var/www/html/xapi/vendor/illuminate/container/Container.php(576): Illuminate\\Container\\BoundMethod::call(Object(Laravel\\Lumen\\Application), Array, Array, NULL)
#8 /var/www/html/xapi/vendor/laravel/lumen-framework/src/Concerns/RoutesRequests.php(376): Illuminate\\Container\\Container->call(Array, Array)
#9 /var/www/html/xapi/vendor/laravel/lumen-framework/src/Concerns/RoutesRequests.php(319): Laravel\\Lumen\\Application->callControllerCallable(Array, Array)
#10 /var/www/html/xapi/vendor/laravel/lumen-framework/src/Concerns/RoutesRequests.php(278): Laravel\\Lumen\\Application->callControllerAction(Array)
#11 /var/www/html/xapi/vendor/laravel/lumen-framework/src/Concerns/RoutesRequests.php(258): Laravel\\Lumen\\Application->callActionOnArrayBasedRoute(Array)
#12 [internal function]: Laravel\\Lumen\\Application->Laravel\\Lumen\\Concerns\\{closure}(Object(Laravel\\Lumen\\Http\\Request))
#13 /var/www/html/xapi/vendor/laravel/lumen-framework/src/Routing/Pipeline.php(52): call_user_func(Object(Closure), Object(Laravel\\Lumen\\Http\\Request))
#14 /var/www/html/xapi/app/Http/Middleware/Authenticate.php(43): Laravel\\Lumen\\Routing\\Pipeline->Laravel\\Lumen\\Routing\\{closure}(Object(Laravel\\Lumen\\Http\\Request))
#15 /var/www/html/xapi/vendor/illuminate/pipeline/Pipeline.php(163): App\\Http\\Middleware\\Authenticate->handle(Object(Laravel\\Lumen\\Http\\Request), Object(Closure))
#16 [internal function]: Illuminate\\Pipeline\\Pipeline->Illuminate\\Pipeline\\{closure}(Object(Laravel\\Lumen\\Http\\Request))
#17 /var/www/html/xapi/vendor/laravel/lumen-framework/src/Routing/Pipeline.php(32): call_user_func(Object(Closure), Object(Laravel\\Lumen\\Http\\Request))
#18 /var/www/html/xapi/vendor/illuminate/pipeline/Pipeline.php(104): Laravel\\Lumen\\Routing\\Pipeline->Laravel\\Lumen\\Routing\\{closure}(Object(Laravel\\Lumen\\Http\\Request))
#19 /var/www/html/xapi/vendor/laravel/lumen-framework/src/Concerns/RoutesRequests.php(413): Illuminate\\Pipeline\\Pipeline->then(Object(Closure))
#20 /var/www/html/xapi/vendor/laravel/lumen-framework/src/Concerns/RoutesRequests.php(259): Laravel\\Lumen\\Application->sendThroughPipeline(Array, Object(Closure))
#21 /var/www/html/xapi/vendor/laravel/lumen-framework/src/Concerns/RoutesRequests.php(165): Laravel\\Lumen\\Application->handleFoundRoute(Array)
#22 [internal function]: Laravel\\Lumen\\Application->Laravel\\Lumen\\Concerns\\{closure}(Object(Laravel\\Lumen\\Http\\Request))
#23 /var/www/html/xapi/vendor/laravel/lumen-framework/src/Routing/Pipeline.php(52): call_user_func(Object(Closure), Object(Laravel\\Lumen\\Http\\Request))
#24 /var/www/html/xapi/app/Http/Middleware/CorsMiddleware.php(26): Laravel\\Lumen\\Routing\\Pipeline->Laravel\\Lumen\\Routing\\{closure}(Object(Laravel\\Lumen\\Http\\Request))
#25 /var/www/html/xapi/vendor/illuminate/pipeline/Pipeline.php(163): App\\Http\\Middleware\\CorsMiddleware->handle(Object(Laravel\\Lumen\\Http\\Request), Object(Closure))
#26 [internal function]: Illuminate\\Pipeline\\Pipeline->Illuminate\\Pipeline\\{closure}(Object(Laravel\\Lumen\\Http\\Request))
#27 /var/www/html/xapi/vendor/laravel/lumen-framework/src/Routing/Pipeline.php(32): call_user_func(Object(Closure), Object(Laravel\\Lumen\\Http\\Request))
#28 /var/www/html/xapi/vendor/illuminate/pipeline/Pipeline.php(104): Laravel\\Lumen\\Routing\\Pipeline->Laravel\\Lumen\\Routing\\{closure}(Object(Laravel\\Lumen\\Http\\Request))
#29 /var/www/html/xapi/vendor/laravel/lumen-framework/src/Concerns/RoutesRequests.php(413): Illuminate\\Pipeline\\Pipeline->then(Object(Closure))
#30 /var/www/html/xapi/vendor/laravel/lumen-framework/src/Concerns/RoutesRequests.php(171): Laravel\\Lumen\\Application->sendThroughPipeline(Array, Object(Closure))
#31 /var/www/html/xapi/vendor/laravel/lumen-framework/src/Concerns/RoutesRequests.php(108): Laravel\\Lumen\\Application->dispatch(NULL)
#32 /var/www/html/xapi/public/index.php(26): Laravel\\Lumen\\Application->run()
#33 {main}
"} 
[2019-08-13 13:05:08] local.ERROR: Symfony\Component\Debug\Exception\FatalThrowableError: syntax error, unexpected '}' in /var/www/html/xapi/routes/web.php:1145
Stack trace:
#0 [internal function]: {closure}(Object(Laravel\Lumen\Routing\Router))
#1 /var/www/html/xapi/vendor/laravel/lumen-framework/src/Routing/Router.php(62): call_user_func(Object(Closure), Object(Laravel\Lumen\Routing\Router))
#2 /var/www/html/xapi/bootstrap/app.php(104): Laravel\Lumen\Routing\Router->group(Array, Object(Closure))
#3 /var/www/html/xapi/public/index.php(12): require('/var/www/html/x...')
#4 {main} {"exception":"[object] (Symfony\\Component\\Debug\\Exception\\FatalThrowableError(code: 0): syntax error, unexpected '}' at /var/www/html/xapi/routes/web.php:1145)
[stacktrace]
#0 [internal function]: {closure}(Object(Laravel\\Lumen\\Routing\\Router))
#1 /var/www/html/xapi/vendor/laravel/lumen-framework/src/Routing/Router.php(62): call_user_func(Object(Closure), Object(Laravel\\Lumen\\Routing\\Router))
#2 /var/www/html/xapi/bootstrap/app.php(104): Laravel\\Lumen\\Routing\\Router->group(Array, Object(Closure))
#3 /var/www/html/xapi/public/index.php(12): require('/var/www/html/x...')
#4 {main}
"} 
[2019-08-13 13:05:10] local.ERROR: Symfony\Component\Debug\Exception\FatalThrowableError: syntax error, unexpected '}' in /var/www/html/xapi/routes/web.php:1145
Stack trace:
#0 [internal function]: {closure}(Object(Laravel\Lumen\Routing\Router))
#1 /var/www/html/xapi/vendor/laravel/lumen-framework/src/Routing/Router.php(62): call_user_func(Object(Closure), Object(Laravel\Lumen\Routing\Router))
#2 /var/www/html/xapi/bootstrap/app.php(104): Laravel\Lumen\Routing\Router->group(Array, Object(Closure))
#3 /var/www/html/xapi/public/index.php(12): require('/var/www/html/x...')
#4 {main} {"exception":"[object] (Symfony\\Component\\Debug\\Exception\\FatalThrowableError(code: 0): syntax error, unexpected '}' at /var/www/html/xapi/routes/web.php:1145)
[stacktrace]
#0 [internal function]: {closure}(Object(Laravel\\Lumen\\Routing\\Router))
#1 /var/www/html/xapi/vendor/laravel/lumen-framework/src/Routing/Router.php(62): call_user_func(Object(Closure), Object(Laravel\\Lumen\\Routing\\Router))
#2 /var/www/html/xapi/bootstrap/app.php(104): Laravel\\Lumen\\Routing\\Router->group(Array, Object(Closure))
#3 /var/www/html/xapi/public/index.php(12): require('/var/www/html/x...')
#4 {main}
"} 
[2019-08-13 13:05:10] local.ERROR: Symfony\Component\Debug\Exception\FatalThrowableError: syntax error, unexpected '}' in /var/www/html/xapi/routes/web.php:1145
Stack trace:
#0 [internal function]: {closure}(Object(Laravel\Lumen\Routing\Router))
#1 /var/www/html/xapi/vendor/laravel/lumen-framework/src/Routing/Router.php(62): call_user_func(Object(Closure), Object(Laravel\Lumen\Routing\Router))
#2 /var/www/html/xapi/bootstrap/app.php(104): Laravel\Lumen\Routing\Router->group(Array, Object(Closure))
#3 /var/www/html/xapi/public/index.php(12): require('/var/www/html/x...')
#4 {main} {"exception":"[object] (Symfony\\Component\\Debug\\Exception\\FatalThrowableError(code: 0): syntax error, unexpected '}' at /var/www/html/xapi/routes/web.php:1145)
[stacktrace]
#0 [internal function]: {closure}(Object(Laravel\\Lumen\\Routing\\Router))
#1 /var/www/html/xapi/vendor/laravel/lumen-framework/src/Routing/Router.php(62): call_user_func(Object(Closure), Object(Laravel\\Lumen\\Routing\\Router))
#2 /var/www/html/xapi/bootstrap/app.php(104): Laravel\\Lumen\\Routing\\Router->group(Array, Object(Closure))
#3 /var/www/html/xapi/public/index.php(12): require('/var/www/html/x...')
#4 {main}
"} 
[2019-08-13 13:05:10] local.ERROR: Symfony\Component\Debug\Exception\FatalThrowableError: syntax error, unexpected '}' in /var/www/html/xapi/routes/web.php:1145
Stack trace:
#0 [internal function]: {closure}(Object(Laravel\Lumen\Routing\Router))
#1 /var/www/html/xapi/vendor/laravel/lumen-framework/src/Routing/Router.php(62): call_user_func(Object(Closure), Object(Laravel\Lumen\Routing\Router))
#2 /var/www/html/xapi/bootstrap/app.php(104): Laravel\Lumen\Routing\Router->group(Array, Object(Closure))
#3 /var/www/html/xapi/public/index.php(12): require('/var/www/html/x...')
#4 {main} {"exception":"[object] (Symfony\\Component\\Debug\\Exception\\FatalThrowableError(code: 0): syntax error, unexpected '}' at /var/www/html/xapi/routes/web.php:1145)
[stacktrace]
#0 [internal function]: {closure}(Object(Laravel\\Lumen\\Routing\\Router))
#1 /var/www/html/xapi/vendor/laravel/lumen-framework/src/Routing/Router.php(62): call_user_func(Object(Closure), Object(Laravel\\Lumen\\Routing\\Router))
#2 /var/www/html/xapi/bootstrap/app.php(104): Laravel\\Lumen\\Routing\\Router->group(Array, Object(Closure))
#3 /var/www/html/xapi/public/index.php(12): require('/var/www/html/x...')
#4 {main}
"} 
[2019-08-13 13:05:10] local.ERROR: Symfony\Component\Debug\Exception\FatalThrowableError: syntax error, unexpected '}' in /var/www/html/xapi/routes/web.php:1145
Stack trace:
#0 [internal function]: {closure}(Object(Laravel\Lumen\Routing\Router))
#1 /var/www/html/xapi/vendor/laravel/lumen-framework/src/Routing/Router.php(62): call_user_func(Object(Closure), Object(Laravel\Lumen\Routing\Router))
#2 /var/www/html/xapi/bootstrap/app.php(104): Laravel\Lumen\Routing\Router->group(Array, Object(Closure))
#3 /var/www/html/xapi/public/index.php(12): require('/var/www/html/x...')
#4 {main} {"exception":"[object] (Symfony\\Component\\Debug\\Exception\\FatalThrowableError(code: 0): syntax error, unexpected '}' at /var/www/html/xapi/routes/web.php:1145)
[stacktrace]
#0 [internal function]: {closure}(Object(Laravel\\Lumen\\Routing\\Router))
#1 /var/www/html/xapi/vendor/laravel/lumen-framework/src/Routing/Router.php(62): call_user_func(Object(Closure), Object(Laravel\\Lumen\\Routing\\Router))
#2 /var/www/html/xapi/bootstrap/app.php(104): Laravel\\Lumen\\Routing\\Router->group(Array, Object(Closure))
#3 /var/www/html/xapi/public/index.php(12): require('/var/www/html/x...')
#4 {main}
"} 
[2019-08-13 13:05:14] local.ERROR: Symfony\Component\Debug\Exception\FatalThrowableError: syntax error, unexpected '}' in /var/www/html/xapi/routes/web.php:1145
Stack trace:
#0 [internal function]: {closure}(Object(Laravel\Lumen\Routing\Router))
#1 /var/www/html/xapi/vendor/laravel/lumen-framework/src/Routing/Router.php(62): call_user_func(Object(Closure), Object(Laravel\Lumen\Routing\Router))
#2 /var/www/html/xapi/bootstrap/app.php(104): Laravel\Lumen\Routing\Router->group(Array, Object(Closure))
#3 /var/www/html/xapi/public/index.php(12): require('/var/www/html/x...')
#4 {main} {"exception":"[object] (Symfony\\Component\\Debug\\Exception\\FatalThrowableError(code: 0): syntax error, unexpected '}' at /var/www/html/xapi/routes/web.php:1145)
[stacktrace]
#0 [internal function]: {closure}(Object(Laravel\\Lumen\\Routing\\Router))
#1 /var/www/html/xapi/vendor/laravel/lumen-framework/src/Routing/Router.php(62): call_user_func(Object(Closure), Object(Laravel\\Lumen\\Routing\\Router))
#2 /var/www/html/xapi/bootstrap/app.php(104): Laravel\\Lumen\\Routing\\Router->group(Array, Object(Closure))
#3 /var/www/html/xapi/public/index.php(12): require('/var/www/html/x...')
#4 {main}
"} 
[2019-08-13 13:05:15] local.ERROR: Symfony\Component\Debug\Exception\FatalThrowableError: syntax error, unexpected '}' in /var/www/html/xapi/routes/web.php:1145
Stack trace:
#0 [internal function]: {closure}(Object(Laravel\Lumen\Routing\Router))
#1 /var/www/html/xapi/vendor/laravel/lumen-framework/src/Routing/Router.php(62): call_user_func(Object(Closure), Object(Laravel\Lumen\Routing\Router))
#2 /var/www/html/xapi/bootstrap/app.php(104): Laravel\Lumen\Routing\Router->group(Array, Object(Closure))
#3 /var/www/html/xapi/public/index.php(12): require('/var/www/html/x...')
#4 {main} {"exception":"[object] (Symfony\\Component\\Debug\\Exception\\FatalThrowableError(code: 0): syntax error, unexpected '}' at /var/www/html/xapi/routes/web.php:1145)
[stacktrace]
#0 [internal function]: {closure}(Object(Laravel\\Lumen\\Routing\\Router))
#1 /var/www/html/xapi/vendor/laravel/lumen-framework/src/Routing/Router.php(62): call_user_func(Object(Closure), Object(Laravel\\Lumen\\Routing\\Router))
#2 /var/www/html/xapi/bootstrap/app.php(104): Laravel\\Lumen\\Routing\\Router->group(Array, Object(Closure))
#3 /var/www/html/xapi/public/index.php(12): require('/var/www/html/x...')
#4 {main}
"} 
[2019-08-13 13:05:15] local.ERROR: Symfony\Component\Debug\Exception\FatalThrowableError: syntax error, unexpected '}' in /var/www/html/xapi/routes/web.php:1145
Stack trace:
#0 [internal function]: {closure}(Object(Laravel\Lumen\Routing\Router))
#1 /var/www/html/xapi/vendor/laravel/lumen-framework/src/Routing/Router.php(62): call_user_func(Object(Closure), Object(Laravel\Lumen\Routing\Router))
#2 /var/www/html/xapi/bootstrap/app.php(104): Laravel\Lumen\Routing\Router->group(Array, Object(Closure))
#3 /var/www/html/xapi/public/index.php(12): require('/var/www/html/x...')
#4 {main} {"exception":"[object] (Symfony\\Component\\Debug\\Exception\\FatalThrowableError(code: 0): syntax error, unexpected '}' at /var/www/html/xapi/routes/web.php:1145)
[stacktrace]
#0 [internal function]: {closure}(Object(Laravel\\Lumen\\Routing\\Router))
#1 /var/www/html/xapi/vendor/laravel/lumen-framework/src/Routing/Router.php(62): call_user_func(Object(Closure), Object(Laravel\\Lumen\\Routing\\Router))
#2 /var/www/html/xapi/bootstrap/app.php(104): Laravel\\Lumen\\Routing\\Router->group(Array, Object(Closure))
#3 /var/www/html/xapi/public/index.php(12): require('/var/www/html/x...')
#4 {main}
"} 
[2019-08-13 13:05:15] local.ERROR: Symfony\Component\Debug\Exception\FatalThrowableError: syntax error, unexpected '}' in /var/www/html/xapi/routes/web.php:1145
Stack trace:
#0 [internal function]: {closure}(Object(Laravel\Lumen\Routing\Router))
#1 /var/www/html/xapi/vendor/laravel/lumen-framework/src/Routing/Router.php(62): call_user_func(Object(Closure), Object(Laravel\Lumen\Routing\Router))
#2 /var/www/html/xapi/bootstrap/app.php(104): Laravel\Lumen\Routing\Router->group(Array, Object(Closure))
#3 /var/www/html/xapi/public/index.php(12): require('/var/www/html/x...')
#4 {main} {"exception":"[object] (Symfony\\Component\\Debug\\Exception\\FatalThrowableError(code: 0): syntax error, unexpected '}' at /var/www/html/xapi/routes/web.php:1145)
[stacktrace]
#0 [internal function]: {closure}(Object(Laravel\\Lumen\\Routing\\Router))
#1 /var/www/html/xapi/vendor/laravel/lumen-framework/src/Routing/Router.php(62): call_user_func(Object(Closure), Object(Laravel\\Lumen\\Routing\\Router))
#2 /var/www/html/xapi/bootstrap/app.php(104): Laravel\\Lumen\\Routing\\Router->group(Array, Object(Closure))
#3 /var/www/html/xapi/public/index.php(12): require('/var/www/html/x...')
#4 {main}
"} 
[2019-08-13 13:05:15] local.ERROR: Symfony\Component\Debug\Exception\FatalThrowableError: syntax error, unexpected '}' in /var/www/html/xapi/routes/web.php:1145
Stack trace:
#0 [internal function]: {closure}(Object(Laravel\Lumen\Routing\Router))
#1 /var/www/html/xapi/vendor/laravel/lumen-framework/src/Routing/Router.php(62): call_user_func(Object(Closure), Object(Laravel\Lumen\Routing\Router))
#2 /var/www/html/xapi/bootstrap/app.php(104): Laravel\Lumen\Routing\Router->group(Array, Object(Closure))
#3 /var/www/html/xapi/public/index.php(12): require('/var/www/html/x...')
#4 {main} {"exception":"[object] (Symfony\\Component\\Debug\\Exception\\FatalThrowableError(code: 0): syntax error, unexpected '}' at /var/www/html/xapi/routes/web.php:1145)
[stacktrace]
#0 [internal function]: {closure}(Object(Laravel\\Lumen\\Routing\\Router))
#1 /var/www/html/xapi/vendor/laravel/lumen-framework/src/Routing/Router.php(62): call_user_func(Object(Closure), Object(Laravel\\Lumen\\Routing\\Router))
#2 /var/www/html/xapi/bootstrap/app.php(104): Laravel\\Lumen\\Routing\\Router->group(Array, Object(Closure))
#3 /var/www/html/xapi/public/index.php(12): require('/var/www/html/x...')
#4 {main}
"} 
[2019-08-13 13:12:01] local.ERROR: Symfony\Component\Debug\Exception\FatalThrowableError: Class 'App\Services\Sms\Phone' not found in /var/www/html/xapi/app/Services/User/Tasks/BindPhoneToSms.php:24
Stack trace:
#0 /var/www/html/xapi/app/Services/ServiceCaller.php(39): App\Services\User\Tasks\BindPhoneToSms->run()
#1 /var/www/html/xapi/app/Services/ServiceCaller.php(25): App\Services\ServiceCaller::runTaskService(Object(App\Services\User\Tasks\BindPhoneToSms))
#2 /var/www/html/xapi/app/Services/ServiceCaller.php(16): App\Services\ServiceCaller::callTaskService(Object(App\Services\User\Tasks\BindPhoneToSms), Array)
#3 /var/www/html/xapi/app/Http/Controllers/UserController.php(82): App\Services\ServiceCaller::call('task', Object(App\Services\User\Tasks\BindPhoneToSms))
#4 [internal function]: App\Http\Controllers\UserController->bindPhoneToSms(Object(Laravel\Lumen\Http\Request))
#5 /var/www/html/xapi/vendor/illuminate/container/BoundMethod.php(32): call_user_func_array(Array, Array)
#6 /var/www/html/xapi/vendor/illuminate/container/BoundMethod.php(90): Illuminate\Container\BoundMethod::Illuminate\Container\{closure}()
#7 /var/www/html/xapi/vendor/illuminate/container/BoundMethod.php(34): Illuminate\Container\BoundMethod::callBoundMethod(Object(Laravel\Lumen\Application), Array, Object(Closure))
#8 /var/www/html/xapi/vendor/illuminate/container/Container.php(576): Illuminate\Container\BoundMethod::call(Object(Laravel\Lumen\Application), Array, Array, NULL)
#9 /var/www/html/xapi/vendor/laravel/lumen-framework/src/Concerns/RoutesRequests.php(376): Illuminate\Container\Container->call(Array, Array)
#10 /var/www/html/xapi/vendor/laravel/lumen-framework/src/Concerns/RoutesRequests.php(319): Laravel\Lumen\Application->callControllerCallable(Array, Array)
#11 /var/www/html/xapi/vendor/laravel/lumen-framework/src/Concerns/RoutesRequests.php(278): Laravel\Lumen\Application->callControllerAction(Array)
#12 /var/www/html/xapi/vendor/laravel/lumen-framework/src/Concerns/RoutesRequests.php(258): Laravel\Lumen\Application->callActionOnArrayBasedRoute(Array)
#13 [internal function]: Laravel\Lumen\Application->Laravel\Lumen\Concerns\{closure}(Object(Laravel\Lumen\Http\Request))
#14 /var/www/html/xapi/vendor/laravel/lumen-framework/src/Routing/Pipeline.php(52): call_user_func(Object(Closure), Object(Laravel\Lumen\Http\Request))
#15 /var/www/html/xapi/app/Http/Middleware/Authenticate.php(43): Laravel\Lumen\Routing\Pipeline->Laravel\Lumen\Routing\{closure}(Object(Laravel\Lumen\Http\Request))
#16 /var/www/html/xapi/vendor/illuminate/pipeline/Pipeline.php(163): App\Http\Middleware\Authenticate->handle(Object(Laravel\Lumen\Http\Request), Object(Closure))
#17 [internal function]: Illuminate\Pipeline\Pipeline->Illuminate\Pipeline\{closure}(Object(Laravel\Lumen\Http\Request))
#18 /var/www/html/xapi/vendor/laravel/lumen-framework/src/Routing/Pipeline.php(32): call_user_func(Object(Closure), Object(Laravel\Lumen\Http\Request))
#19 /var/www/html/xapi/vendor/illuminate/pipeline/Pipeline.php(104): Laravel\Lumen\Routing\Pipeline->Laravel\Lumen\Routing\{closure}(Object(Laravel\Lumen\Http\Request))
#20 /var/www/html/xapi/vendor/laravel/lumen-framework/src/Concerns/RoutesRequests.php(413): Illuminate\Pipeline\Pipeline->then(Object(Closure))
#21 /var/www/html/xapi/vendor/laravel/lumen-framework/src/Concerns/RoutesRequests.php(259): Laravel\Lumen\Application->sendThroughPipeline(Array, Object(Closure))
#22 /var/www/html/xapi/vendor/laravel/lumen-framework/src/Concerns/RoutesRequests.php(165): Laravel\Lumen\Application->handleFoundRoute(Array)
#23 [internal function]: Laravel\Lumen\Application->Laravel\Lumen\Concerns\{closure}(Object(Laravel\Lumen\Http\Request))
#24 /var/www/html/xapi/vendor/laravel/lumen-framework/src/Routing/Pipeline.php(52): call_user_func(Object(Closure), Object(Laravel\Lumen\Http\Request))
#25 /var/www/html/xapi/app/Http/Middleware/CorsMiddleware.php(26): Laravel\Lumen\Routing\Pipeline->Laravel\Lumen\Routing\{closure}(Object(Laravel\Lumen\Http\Request))
#26 /var/www/html/xapi/vendor/illuminate/pipeline/Pipeline.php(163): App\Http\Middleware\CorsMiddleware->handle(Object(Laravel\Lumen\Http\Request), Object(Closure))
#27 [internal function]: Illuminate\Pipeline\Pipeline->Illuminate\Pipeline\{closure}(Object(Laravel\Lumen\Http\Request))
#28 /var/www/html/xapi/vendor/laravel/lumen-framework/src/Routing/Pipeline.php(32): call_user_func(Object(Closure), Object(Laravel\Lumen\Http\Request))
#29 /var/www/html/xapi/vendor/illuminate/pipeline/Pipeline.php(104): Laravel\Lumen\Routing\Pipeline->Laravel\Lumen\Routing\{closure}(Object(Laravel\Lumen\Http\Request))
#30 /var/www/html/xapi/vendor/laravel/lumen-framework/src/Concerns/RoutesRequests.php(413): Illuminate\Pipeline\Pipeline->then(Object(Closure))
#31 /var/www/html/xapi/vendor/laravel/lumen-framework/src/Concerns/RoutesRequests.php(171): Laravel\Lumen\Application->sendThroughPipeline(Array, Object(Closure))
#32 /var/www/html/xapi/vendor/laravel/lumen-framework/src/Concerns/RoutesRequests.php(108): Laravel\Lumen\Application->dispatch(NULL)
#33 /var/www/html/xapi/public/index.php(26): Laravel\Lumen\Application->run()
#34 {main} {"exception":"[object] (Symfony\\Component\\Debug\\Exception\\FatalThrowableError(code: 0): Class 'App\\Services\\Sms\\Phone' not found at /var/www/html/xapi/app/Services/User/Tasks/BindPhoneToSms.php:24)
[stacktrace]
#0 /var/www/html/xapi/app/Services/ServiceCaller.php(39): App\\Services\\User\\Tasks\\BindPhoneToSms->run()
#1 /var/www/html/xapi/app/Services/ServiceCaller.php(25): App\\Services\\ServiceCaller::runTaskService(Object(App\\Services\\User\\Tasks\\BindPhoneToSms))
#2 /var/www/html/xapi/app/Services/ServiceCaller.php(16): App\\Services\\ServiceCaller::callTaskService(Object(App\\Services\\User\\Tasks\\BindPhoneToSms), Array)
#3 /var/www/html/xapi/app/Http/Controllers/UserController.php(82): App\\Services\\ServiceCaller::call('task', Object(App\\Services\\User\\Tasks\\BindPhoneToSms))
#4 [internal function]: App\\Http\\Controllers\\UserController->bindPhoneToSms(Object(Laravel\\Lumen\\Http\\Request))
#5 /var/www/html/xapi/vendor/illuminate/container/BoundMethod.php(32): call_user_func_array(Array, Array)
#6 /var/www/html/xapi/vendor/illuminate/container/BoundMethod.php(90): Illuminate\\Container\\BoundMethod::Illuminate\\Container\\{closure}()
#7 /var/www/html/xapi/vendor/illuminate/container/BoundMethod.php(34): Illuminate\\Container\\BoundMethod::callBoundMethod(Object(Laravel\\Lumen\\Application), Array, Object(Closure))
#8 /var/www/html/xapi/vendor/illuminate/container/Container.php(576): Illuminate\\Container\\BoundMethod::call(Object(Laravel\\Lumen\\Application), Array, Array, NULL)
#9 /var/www/html/xapi/vendor/laravel/lumen-framework/src/Concerns/RoutesRequests.php(376): Illuminate\\Container\\Container->call(Array, Array)
#10 /var/www/html/xapi/vendor/laravel/lumen-framework/src/Concerns/RoutesRequests.php(319): Laravel\\Lumen\\Application->callControllerCallable(Array, Array)
#11 /var/www/html/xapi/vendor/laravel/lumen-framework/src/Concerns/RoutesRequests.php(278): Laravel\\Lumen\\Application->callControllerAction(Array)
#12 /var/www/html/xapi/vendor/laravel/lumen-framework/src/Concerns/RoutesRequests.php(258): Laravel\\Lumen\\Application->callActionOnArrayBasedRoute(Array)
#13 [internal function]: Laravel\\Lumen\\Application->Laravel\\Lumen\\Concerns\\{closure}(Object(Laravel\\Lumen\\Http\\Request))
#14 /var/www/html/xapi/vendor/laravel/lumen-framework/src/Routing/Pipeline.php(52): call_user_func(Object(Closure), Object(Laravel\\Lumen\\Http\\Request))
#15 /var/www/html/xapi/app/Http/Middleware/Authenticate.php(43): Laravel\\Lumen\\Routing\\Pipeline->Laravel\\Lumen\\Routing\\{closure}(Object(Laravel\\Lumen\\Http\\Request))
#16 /var/www/html/xapi/vendor/illuminate/pipeline/Pipeline.php(163): App\\Http\\Middleware\\Authenticate->handle(Object(Laravel\\Lumen\\Http\\Request), Object(Closure))
#17 [internal function]: Illuminate\\Pipeline\\Pipeline->Illuminate\\Pipeline\\{closure}(Object(Laravel\\Lumen\\Http\\Request))
#18 /var/www/html/xapi/vendor/laravel/lumen-framework/src/Routing/Pipeline.php(32): call_user_func(Object(Closure), Object(Laravel\\Lumen\\Http\\Request))
#19 /var/www/html/xapi/vendor/illuminate/pipeline/Pipeline.php(104): Laravel\\Lumen\\Routing\\Pipeline->Laravel\\Lumen\\Routing\\{closure}(Object(Laravel\\Lumen\\Http\\Request))
#20 /var/www/html/xapi/vendor/laravel/lumen-framework/src/Concerns/RoutesRequests.php(413): Illuminate\\Pipeline\\Pipeline->then(Object(Closure))
#21 /var/www/html/xapi/vendor/laravel/lumen-framework/src/Concerns/RoutesRequests.php(259): Laravel\\Lumen\\Application->sendThroughPipeline(Array, Object(Closure))
#22 /var/www/html/xapi/vendor/laravel/lumen-framework/src/Concerns/RoutesRequests.php(165): Laravel\\Lumen\\Application->handleFoundRoute(Array)
#23 [internal function]: Laravel\\Lumen\\Application->Laravel\\Lumen\\Concerns\\{closure}(Object(Laravel\\Lumen\\Http\\Request))
#24 /var/www/html/xapi/vendor/laravel/lumen-framework/src/Routing/Pipeline.php(52): call_user_func(Object(Closure), Object(Laravel\\Lumen\\Http\\Request))
#25 /var/www/html/xapi/app/Http/Middleware/CorsMiddleware.php(26): Laravel\\Lumen\\Routing\\Pipeline->Laravel\\Lumen\\Routing\\{closure}(Object(Laravel\\Lumen\\Http\\Request))
#26 /var/www/html/xapi/vendor/illuminate/pipeline/Pipeline.php(163): App\\Http\\Middleware\\CorsMiddleware->handle(Object(Laravel\\Lumen\\Http\\Request), Object(Closure))
#27 [internal function]: Illuminate\\Pipeline\\Pipeline->Illuminate\\Pipeline\\{closure}(Object(Laravel\\Lumen\\Http\\Request))
#28 /var/www/html/xapi/vendor/laravel/lumen-framework/src/Routing/Pipeline.php(32): call_user_func(Object(Closure), Object(Laravel\\Lumen\\Http\\Request))
#29 /var/www/html/xapi/vendor/illuminate/pipeline/Pipeline.php(104): Laravel\\Lumen\\Routing\\Pipeline->Laravel\\Lumen\\Routing\\{closure}(Object(Laravel\\Lumen\\Http\\Request))
#30 /var/www/html/xapi/vendor/laravel/lumen-framework/src/Concerns/RoutesRequests.php(413): Illuminate\\Pipeline\\Pipeline->then(Object(Closure))
#31 /var/www/html/xapi/vendor/laravel/lumen-framework/src/Concerns/RoutesRequests.php(171): Laravel\\Lumen\\Application->sendThroughPipeline(Array, Object(Closure))
#32 /var/www/html/xapi/vendor/laravel/lumen-framework/src/Concerns/RoutesRequests.php(108): Laravel\\Lumen\\Application->dispatch(NULL)
#33 /var/www/html/xapi/public/index.php(26): Laravel\\Lumen\\Application->run()
#34 {main}
"} 
[2019-08-13 13:20:44] local.ERROR: Symfony\Component\Debug\Exception\FatalThrowableError: Argument 1 passed to App\Services\ParseValidatorResult::make() must be of the type array, object given, called in /var/www/html/xapi/app/Services/User/ParseValidators/BindPhoneToSmsResult.php on line 31 in /var/www/html/xapi/app/Services/ParseValidatorResult.php:10
Stack trace:
#0 /var/www/html/xapi/app/Services/User/ParseValidators/BindPhoneToSmsResult.php(31): App\Services\ParseValidatorResult::make(Object(Illuminate\Support\MessageBag))
#1 /var/www/html/xapi/app/Services/ServiceCaller.php(44): App\Services\User\ParseValidators\BindPhoneToSmsResult->validate(Array)
#2 /var/www/html/xapi/app/Services/ServiceCaller.php(34): App\Services\ServiceCaller::runParseValidatorService(Object(App\Services\User\ParseValidators\BindPhoneToSmsResult), Array)
#3 /var/www/html/xapi/app/Services/ServiceCaller.php(16): App\Services\ServiceCaller::callParseValidatorService(Object(App\Services\User\ParseValidators\BindPhoneToSmsResult), Array)
#4 /var/www/html/xapi/app/Services/User/Tasks/BindPhoneToSms.php(25): App\Services\ServiceCaller::call('parseValidator', 'App\\Services\\Us...', Array)
#5 /var/www/html/xapi/app/Services/ServiceCaller.php(39): App\Services\User\Tasks\BindPhoneToSms->run()
#6 /var/www/html/xapi/app/Services/ServiceCaller.php(25): App\Services\ServiceCaller::runTaskService(Object(App\Services\User\Tasks\BindPhoneToSms))
#7 /var/www/html/xapi/app/Services/ServiceCaller.php(16): App\Services\ServiceCaller::callTaskService(Object(App\Services\User\Tasks\BindPhoneToSms), Array)
#8 /var/www/html/xapi/app/Http/Controllers/UserController.php(81): App\Services\ServiceCaller::call('task', Object(App\Services\User\Tasks\BindPhoneToSms))
#9 [internal function]: App\Http\Controllers\UserController->bindPhoneToSms(Object(Laravel\Lumen\Http\Request))
#10 /var/www/html/xapi/vendor/illuminate/container/BoundMethod.php(32): call_user_func_array(Array, Array)
#11 /var/www/html/xapi/vendor/illuminate/container/BoundMethod.php(90): Illuminate\Container\BoundMethod::Illuminate\Container\{closure}()
#12 /var/www/html/xapi/vendor/illuminate/container/BoundMethod.php(34): Illuminate\Container\BoundMethod::callBoundMethod(Object(Laravel\Lumen\Application), Array, Object(Closure))
#13 /var/www/html/xapi/vendor/illuminate/container/Container.php(576): Illuminate\Container\BoundMethod::call(Object(Laravel\Lumen\Application), Array, Array, NULL)
#14 /var/www/html/xapi/vendor/laravel/lumen-framework/src/Concerns/RoutesRequests.php(376): Illuminate\Container\Container->call(Array, Array)
#15 /var/www/html/xapi/vendor/laravel/lumen-framework/src/Concerns/RoutesRequests.php(319): Laravel\Lumen\Application->callControllerCallable(Array, Array)
#16 /var/www/html/xapi/vendor/laravel/lumen-framework/src/Concerns/RoutesRequests.php(278): Laravel\Lumen\Application->callControllerAction(Array)
#17 /var/www/html/xapi/vendor/laravel/lumen-framework/src/Concerns/RoutesRequests.php(258): Laravel\Lumen\Application->callActionOnArrayBasedRoute(Array)
#18 [internal function]: Laravel\Lumen\Application->Laravel\Lumen\Concerns\{closure}(Object(Laravel\Lumen\Http\Request))
#19 /var/www/html/xapi/vendor/laravel/lumen-framework/src/Routing/Pipeline.php(52): call_user_func(Object(Closure), Object(Laravel\Lumen\Http\Request))
#20 /var/www/html/xapi/app/Http/Middleware/Authenticate.php(43): Laravel\Lumen\Routing\Pipeline->Laravel\Lumen\Routing\{closure}(Object(Laravel\Lumen\Http\Request))
#21 /var/www/html/xapi/vendor/illuminate/pipeline/Pipeline.php(163): App\Http\Middleware\Authenticate->handle(Object(Laravel\Lumen\Http\Request), Object(Closure))
#22 [internal function]: Illuminate\Pipeline\Pipeline->Illuminate\Pipeline\{closure}(Object(Laravel\Lumen\Http\Request))
#23 /var/www/html/xapi/vendor/laravel/lumen-framework/src/Routing/Pipeline.php(32): call_user_func(Object(Closure), Object(Laravel\Lumen\Http\Request))
#24 /var/www/html/xapi/vendor/illuminate/pipeline/Pipeline.php(104): Laravel\Lumen\Routing\Pipeline->Laravel\Lumen\Routing\{closure}(Object(Laravel\Lumen\Http\Request))
#25 /var/www/html/xapi/vendor/laravel/lumen-framework/src/Concerns/RoutesRequests.php(413): Illuminate\Pipeline\Pipeline->then(Object(Closure))
#26 /var/www/html/xapi/vendor/laravel/lumen-framework/src/Concerns/RoutesRequests.php(259): Laravel\Lumen\Application->sendThroughPipeline(Array, Object(Closure))
#27 /var/www/html/xapi/vendor/laravel/lumen-framework/src/Concerns/RoutesRequests.php(165): Laravel\Lumen\Application->handleFoundRoute(Array)
#28 [internal function]: Laravel\Lumen\Application->Laravel\Lumen\Concerns\{closure}(Object(Laravel\Lumen\Http\Request))
#29 /var/www/html/xapi/vendor/laravel/lumen-framework/src/Routing/Pipeline.php(52): call_user_func(Object(Closure), Object(Laravel\Lumen\Http\Request))
#30 /var/www/html/xapi/app/Http/Middleware/CorsMiddleware.php(26): Laravel\Lumen\Routing\Pipeline->Laravel\Lumen\Routing\{closure}(Object(Laravel\Lumen\Http\Request))
#31 /var/www/html/xapi/vendor/illuminate/pipeline/Pipeline.php(163): App\Http\Middleware\CorsMiddleware->handle(Object(Laravel\Lumen\Http\Request), Object(Closure))
#32 [internal function]: Illuminate\Pipeline\Pipeline->Illuminate\Pipeline\{closure}(Object(Laravel\Lumen\Http\Request))
#33 /var/www/html/xapi/vendor/laravel/lumen-framework/src/Routing/Pipeline.php(32): call_user_func(Object(Closure), Object(Laravel\Lumen\Http\Request))
#34 /var/www/html/xapi/vendor/illuminate/pipeline/Pipeline.php(104): Laravel\Lumen\Routing\Pipeline->Laravel\Lumen\Routing\{closure}(Object(Laravel\Lumen\Http\Request))
#35 /var/www/html/xapi/vendor/laravel/lumen-framework/src/Concerns/RoutesRequests.php(413): Illuminate\Pipeline\Pipeline->then(Object(Closure))
#36 /var/www/html/xapi/vendor/laravel/lumen-framework/src/Concerns/RoutesRequests.php(171): Laravel\Lumen\Application->sendThroughPipeline(Array, Object(Closure))
#37 /var/www/html/xapi/vendor/laravel/lumen-framework/src/Concerns/RoutesRequests.php(108): Laravel\Lumen\Application->dispatch(NULL)
#38 /var/www/html/xapi/public/index.php(26): Laravel\Lumen\Application->run()
#39 {main} {"exception":"[object] (Symfony\\Component\\Debug\\Exception\\FatalThrowableError(code: 0): Argument 1 passed to App\\Services\\ParseValidatorResult::make() must be of the type array, object given, called in /var/www/html/xapi/app/Services/User/ParseValidators/BindPhoneToSmsResult.php on line 31 at /var/www/html/xapi/app/Services/ParseValidatorResult.php:10)
[stacktrace]
#0 /var/www/html/xapi/app/Services/User/ParseValidators/BindPhoneToSmsResult.php(31): App\\Services\\ParseValidatorResult::make(Object(Illuminate\\Support\\MessageBag))
#1 /var/www/html/xapi/app/Services/ServiceCaller.php(44): App\\Services\\User\\ParseValidators\\BindPhoneToSmsResult->validate(Array)
#2 /var/www/html/xapi/app/Services/ServiceCaller.php(34): App\\Services\\ServiceCaller::runParseValidatorService(Object(App\\Services\\User\\ParseValidators\\BindPhoneToSmsResult), Array)
#3 /var/www/html/xapi/app/Services/ServiceCaller.php(16): App\\Services\\ServiceCaller::callParseValidatorService(Object(App\\Services\\User\\ParseValidators\\BindPhoneToSmsResult), Array)
#4 /var/www/html/xapi/app/Services/User/Tasks/BindPhoneToSms.php(25): App\\Services\\ServiceCaller::call('parseValidator', 'App\\\\Services\\\\Us...', Array)
#5 /var/www/html/xapi/app/Services/ServiceCaller.php(39): App\\Services\\User\\Tasks\\BindPhoneToSms->run()
#6 /var/www/html/xapi/app/Services/ServiceCaller.php(25): App\\Services\\ServiceCaller::runTaskService(Object(App\\Services\\User\\Tasks\\BindPhoneToSms))
#7 /var/www/html/xapi/app/Services/ServiceCaller.php(16): App\\Services\\ServiceCaller::callTaskService(Object(App\\Services\\User\\Tasks\\BindPhoneToSms), Array)
#8 /var/www/html/xapi/app/Http/Controllers/UserController.php(81): App\\Services\\ServiceCaller::call('task', Object(App\\Services\\User\\Tasks\\BindPhoneToSms))
#9 [internal function]: App\\Http\\Controllers\\UserController->bindPhoneToSms(Object(Laravel\\Lumen\\Http\\Request))
#10 /var/www/html/xapi/vendor/illuminate/container/BoundMethod.php(32): call_user_func_array(Array, Array)
#11 /var/www/html/xapi/vendor/illuminate/container/BoundMethod.php(90): Illuminate\\Container\\BoundMethod::Illuminate\\Container\\{closure}()
#12 /var/www/html/xapi/vendor/illuminate/container/BoundMethod.php(34): Illuminate\\Container\\BoundMethod::callBoundMethod(Object(Laravel\\Lumen\\Application), Array, Object(Closure))
#13 /var/www/html/xapi/vendor/illuminate/container/Container.php(576): Illuminate\\Container\\BoundMethod::call(Object(Laravel\\Lumen\\Application), Array, Array, NULL)
#14 /var/www/html/xapi/vendor/laravel/lumen-framework/src/Concerns/RoutesRequests.php(376): Illuminate\\Container\\Container->call(Array, Array)
#15 /var/www/html/xapi/vendor/laravel/lumen-framework/src/Concerns/RoutesRequests.php(319): Laravel\\Lumen\\Application->callControllerCallable(Array, Array)
#16 /var/www/html/xapi/vendor/laravel/lumen-framework/src/Concerns/RoutesRequests.php(278): Laravel\\Lumen\\Application->callControllerAction(Array)
#17 /var/www/html/xapi/vendor/laravel/lumen-framework/src/Concerns/RoutesRequests.php(258): Laravel\\Lumen\\Application->callActionOnArrayBasedRoute(Array)
#18 [internal function]: Laravel\\Lumen\\Application->Laravel\\Lumen\\Concerns\\{closure}(Object(Laravel\\Lumen\\Http\\Request))
#19 /var/www/html/xapi/vendor/laravel/lumen-framework/src/Routing/Pipeline.php(52): call_user_func(Object(Closure), Object(Laravel\\Lumen\\Http\\Request))
#20 /var/www/html/xapi/app/Http/Middleware/Authenticate.php(43): Laravel\\Lumen\\Routing\\Pipeline->Laravel\\Lumen\\Routing\\{closure}(Object(Laravel\\Lumen\\Http\\Request))
#21 /var/www/html/xapi/vendor/illuminate/pipeline/Pipeline.php(163): App\\Http\\Middleware\\Authenticate->handle(Object(Laravel\\Lumen\\Http\\Request), Object(Closure))
#22 [internal function]: Illuminate\\Pipeline\\Pipeline->Illuminate\\Pipeline\\{closure}(Object(Laravel\\Lumen\\Http\\Request))
#23 /var/www/html/xapi/vendor/laravel/lumen-framework/src/Routing/Pipeline.php(32): call_user_func(Object(Closure), Object(Laravel\\Lumen\\Http\\Request))
#24 /var/www/html/xapi/vendor/illuminate/pipeline/Pipeline.php(104): Laravel\\Lumen\\Routing\\Pipeline->Laravel\\Lumen\\Routing\\{closure}(Object(Laravel\\Lumen\\Http\\Request))
#25 /var/www/html/xapi/vendor/laravel/lumen-framework/src/Concerns/RoutesRequests.php(413): Illuminate\\Pipeline\\Pipeline->then(Object(Closure))
#26 /var/www/html/xapi/vendor/laravel/lumen-framework/src/Concerns/RoutesRequests.php(259): Laravel\\Lumen\\Application->sendThroughPipeline(Array, Object(Closure))
#27 /var/www/html/xapi/vendor/laravel/lumen-framework/src/Concerns/RoutesRequests.php(165): Laravel\\Lumen\\Application->handleFoundRoute(Array)
#28 [internal function]: Laravel\\Lumen\\Application->Laravel\\Lumen\\Concerns\\{closure}(Object(Laravel\\Lumen\\Http\\Request))
#29 /var/www/html/xapi/vendor/laravel/lumen-framework/src/Routing/Pipeline.php(52): call_user_func(Object(Closure), Object(Laravel\\Lumen\\Http\\Request))
#30 /var/www/html/xapi/app/Http/Middleware/CorsMiddleware.php(26): Laravel\\Lumen\\Routing\\Pipeline->Laravel\\Lumen\\Routing\\{closure}(Object(Laravel\\Lumen\\Http\\Request))
#31 /var/www/html/xapi/vendor/illuminate/pipeline/Pipeline.php(163): App\\Http\\Middleware\\CorsMiddleware->handle(Object(Laravel\\Lumen\\Http\\Request), Object(Closure))
#32 [internal function]: Illuminate\\Pipeline\\Pipeline->Illuminate\\Pipeline\\{closure}(Object(Laravel\\Lumen\\Http\\Request))
#33 /var/www/html/xapi/vendor/laravel/lumen-framework/src/Routing/Pipeline.php(32): call_user_func(Object(Closure), Object(Laravel\\Lumen\\Http\\Request))
#34 /var/www/html/xapi/vendor/illuminate/pipeline/Pipeline.php(104): Laravel\\Lumen\\Routing\\Pipeline->Laravel\\Lumen\\Routing\\{closure}(Object(Laravel\\Lumen\\Http\\Request))
#35 /var/www/html/xapi/vendor/laravel/lumen-framework/src/Concerns/RoutesRequests.php(413): Illuminate\\Pipeline\\Pipeline->then(Object(Closure))
#36 /var/www/html/xapi/vendor/laravel/lumen-framework/src/Concerns/RoutesRequests.php(171): Laravel\\Lumen\\Application->sendThroughPipeline(Array, Object(Closure))
#37 /var/www/html/xapi/vendor/laravel/lumen-framework/src/Concerns/RoutesRequests.php(108): Laravel\\Lumen\\Application->dispatch(NULL)
#38 /var/www/html/xapi/public/index.php(26): Laravel\\Lumen\\Application->run()
#39 {main}
"} 
[2019-08-13 13:55:28] local.ERROR: ErrorException: file_get_contents(http://utf8.api.smschinese.cn/?Uid=杨钧皓123&amp;Key=d41d8cd98f00b204e980&amp;smsMob=18125023620&amp;smsText=西里西里TV:请输入您的验证码完成手机绑定，验证码:28407, 请记住我们的网址 https://faaci.cn): failed to open stream: HTTP request failed! HTTP/1.1 400 Bad Request
 in /var/www/html/xapi/app/Services/Sms/Tasks/Phone.php:55
Stack trace:
#0 [internal function]: Laravel\Lumen\Application->Laravel\Lumen\Concerns\{closure}(2, 'file_get_conten...', '/var/www/html/x...', 55, Array)
#1 /var/www/html/xapi/app/Services/Sms/Tasks/Phone.php(55): file_get_contents('http://utf8.api...')
#2 /var/www/html/xapi/app/Services/Sms/Tasks/Phone.php(35): App\Services\Sms\Tasks\Phone->smschineseHandle()
#3 /var/www/html/xapi/app/Services/Sms/Tasks/Phone.php(29): App\Services\Sms\Tasks\Phone->send()
#4 /var/www/html/xapi/app/Services/ServiceCaller.php(39): App\Services\Sms\Tasks\Phone->run()
#5 /var/www/html/xapi/app/Services/ServiceCaller.php(25): App\Services\ServiceCaller::runTaskService(Object(App\Services\Sms\Tasks\Phone))
#6 /var/www/html/xapi/app/Services/ServiceCaller.php(16): App\Services\ServiceCaller::callTaskService(Object(App\Services\Sms\Tasks\Phone), Array)
#7 /var/www/html/xapi/app/Services/User/Tasks/BindPhoneToSms.php(24): App\Services\ServiceCaller::call('task', Object(App\Services\Sms\Tasks\Phone))
#8 /var/www/html/xapi/app/Services/ServiceCaller.php(39): App\Services\User\Tasks\BindPhoneToSms->run()
#9 /var/www/html/xapi/app/Services/ServiceCaller.php(25): App\Services\ServiceCaller::runTaskService(Object(App\Services\User\Tasks\BindPhoneToSms))
#10 /var/www/html/xapi/app/Services/ServiceCaller.php(16): App\Services\ServiceCaller::callTaskService(Object(App\Services\User\Tasks\BindPhoneToSms), Array)
#11 /var/www/html/xapi/app/Http/Controllers/UserController.php(81): App\Services\ServiceCaller::call('task', Object(App\Services\User\Tasks\BindPhoneToSms))
#12 [internal function]: App\Http\Controllers\UserController->bindPhoneToSms(Object(Laravel\Lumen\Http\Request))
#13 /var/www/html/xapi/vendor/illuminate/container/BoundMethod.php(32): call_user_func_array(Array, Array)
#14 /var/www/html/xapi/vendor/illuminate/container/BoundMethod.php(90): Illuminate\Container\BoundMethod::Illuminate\Container\{closure}()
#15 /var/www/html/xapi/vendor/illuminate/container/BoundMethod.php(34): Illuminate\Container\BoundMethod::callBoundMethod(Object(Laravel\Lumen\Application), Array, Object(Closure))
#16 /var/www/html/xapi/vendor/illuminate/container/Container.php(576): Illuminate\Container\BoundMethod::call(Object(Laravel\Lumen\Application), Array, Array, NULL)
#17 /var/www/html/xapi/vendor/laravel/lumen-framework/src/Concerns/RoutesRequests.php(376): Illuminate\Container\Container->call(Array, Array)
#18 /var/www/html/xapi/vendor/laravel/lumen-framework/src/Concerns/RoutesRequests.php(319): Laravel\Lumen\Application->callControllerCallable(Array, Array)
#19 /var/www/html/xapi/vendor/laravel/lumen-framework/src/Concerns/RoutesRequests.php(278): Laravel\Lumen\Application->callControllerAction(Array)
#20 /var/www/html/xapi/vendor/laravel/lumen-framework/src/Concerns/RoutesRequests.php(258): Laravel\Lumen\Application->callActionOnArrayBasedRoute(Array)
#21 [internal function]: Laravel\Lumen\Application->Laravel\Lumen\Concerns\{closure}(Object(Laravel\Lumen\Http\Request))
#22 /var/www/html/xapi/vendor/laravel/lumen-framework/src/Routing/Pipeline.php(52): call_user_func(Object(Closure), Object(Laravel\Lumen\Http\Request))
#23 /var/www/html/xapi/app/Http/Middleware/Authenticate.php(43): Laravel\Lumen\Routing\Pipeline->Laravel\Lumen\Routing\{closure}(Object(Laravel\Lumen\Http\Request))
#24 /var/www/html/xapi/vendor/illuminate/pipeline/Pipeline.php(163): App\Http\Middleware\Authenticate->handle(Object(Laravel\Lumen\Http\Request), Object(Closure))
#25 [internal function]: Illuminate\Pipeline\Pipeline->Illuminate\Pipeline\{closure}(Object(Laravel\Lumen\Http\Request))
#26 /var/www/html/xapi/vendor/laravel/lumen-framework/src/Routing/Pipeline.php(32): call_user_func(Object(Closure), Object(Laravel\Lumen\Http\Request))
#27 /var/www/html/xapi/vendor/illuminate/pipeline/Pipeline.php(104): Laravel\Lumen\Routing\Pipeline->Laravel\Lumen\Routing\{closure}(Object(Laravel\Lumen\Http\Request))
#28 /var/www/html/xapi/vendor/laravel/lumen-framework/src/Concerns/RoutesRequests.php(413): Illuminate\Pipeline\Pipeline->then(Object(Closure))
#29 /var/www/html/xapi/vendor/laravel/lumen-framework/src/Concerns/RoutesRequests.php(259): Laravel\Lumen\Application->sendThroughPipeline(Array, Object(Closure))
#30 /var/www/html/xapi/vendor/laravel/lumen-framework/src/Concerns/RoutesRequests.php(165): Laravel\Lumen\Application->handleFoundRoute(Array)
#31 [internal function]: Laravel\Lumen\Application->Laravel\Lumen\Concerns\{closure}(Object(Laravel\Lumen\Http\Request))
#32 /var/www/html/xapi/vendor/laravel/lumen-framework/src/Routing/Pipeline.php(52): call_user_func(Object(Closure), Object(Laravel\Lumen\Http\Request))
#33 /var/www/html/xapi/app/Http/Middleware/CorsMiddleware.php(26): Laravel\Lumen\Routing\Pipeline->Laravel\Lumen\Routing\{closure}(Object(Laravel\Lumen\Http\Request))
#34 /var/www/html/xapi/vendor/illuminate/pipeline/Pipeline.php(163): App\Http\Middleware\CorsMiddleware->handle(Object(Laravel\Lumen\Http\Request), Object(Closure))
#35 [internal function]: Illuminate\Pipeline\Pipeline->Illuminate\Pipeline\{closure}(Object(Laravel\Lumen\Http\Request))
#36 /var/www/html/xapi/vendor/laravel/lumen-framework/src/Routing/Pipeline.php(32): call_user_func(Object(Closure), Object(Laravel\Lumen\Http\Request))
#37 /var/www/html/xapi/vendor/illuminate/pipeline/Pipeline.php(104): Laravel\Lumen\Routing\Pipeline->Laravel\Lumen\Routing\{closure}(Object(Laravel\Lumen\Http\Request))
#38 /var/www/html/xapi/vendor/laravel/lumen-framework/src/Concerns/RoutesRequests.php(413): Illuminate\Pipeline\Pipeline->then(Object(Closure))
#39 /var/www/html/xapi/vendor/laravel/lumen-framework/src/Concerns/RoutesRequests.php(171): Laravel\Lumen\Application->sendThroughPipeline(Array, Object(Closure))
#40 /var/www/html/xapi/vendor/laravel/lumen-framework/src/Concerns/RoutesRequests.php(108): Laravel\Lumen\Application->dispatch(NULL)
#41 /var/www/html/xapi/public/index.php(26): Laravel\Lumen\Application->run()
#42 {main} {"exception":"[object] (ErrorException(code: 0): file_get_contents(http://utf8.api.smschinese.cn/?Uid=杨钧皓123&amp;Key=d41d8cd98f00b204e980&amp;smsMob=18125023620&amp;smsText=西里西里TV:请输入您的验证码完成手机绑定，验证码:28407, 请记住我们的网址 https://faaci.cn): failed to open stream: HTTP request failed! HTTP/1.1 400 Bad Request
 at /var/www/html/xapi/app/Services/Sms/Tasks/Phone.php:55)
[stacktrace]
#0 [internal function]: Laravel\\Lumen\\Application->Laravel\\Lumen\\Concerns\\{closure}(2, 'file_get_conten...', '/var/www/html/x...', 55, Array)
#1 /var/www/html/xapi/app/Services/Sms/Tasks/Phone.php(55): file_get_contents('http://utf8.api...')
#2 /var/www/html/xapi/app/Services/Sms/Tasks/Phone.php(35): App\\Services\\Sms\\Tasks\\Phone->smschineseHandle()
#3 /var/www/html/xapi/app/Services/Sms/Tasks/Phone.php(29): App\\Services\\Sms\\Tasks\\Phone->send()
#4 /var/www/html/xapi/app/Services/ServiceCaller.php(39): App\\Services\\Sms\\Tasks\\Phone->run()
#5 /var/www/html/xapi/app/Services/ServiceCaller.php(25): App\\Services\\ServiceCaller::runTaskService(Object(App\\Services\\Sms\\Tasks\\Phone))
#6 /var/www/html/xapi/app/Services/ServiceCaller.php(16): App\\Services\\ServiceCaller::callTaskService(Object(App\\Services\\Sms\\Tasks\\Phone), Array)
#7 /var/www/html/xapi/app/Services/User/Tasks/BindPhoneToSms.php(24): App\\Services\\ServiceCaller::call('task', Object(App\\Services\\Sms\\Tasks\\Phone))
#8 /var/www/html/xapi/app/Services/ServiceCaller.php(39): App\\Services\\User\\Tasks\\BindPhoneToSms->run()
#9 /var/www/html/xapi/app/Services/ServiceCaller.php(25): App\\Services\\ServiceCaller::runTaskService(Object(App\\Services\\User\\Tasks\\BindPhoneToSms))
#10 /var/www/html/xapi/app/Services/ServiceCaller.php(16): App\\Services\\ServiceCaller::callTaskService(Object(App\\Services\\User\\Tasks\\BindPhoneToSms), Array)
#11 /var/www/html/xapi/app/Http/Controllers/UserController.php(81): App\\Services\\ServiceCaller::call('task', Object(App\\Services\\User\\Tasks\\BindPhoneToSms))
#12 [internal function]: App\\Http\\Controllers\\UserController->bindPhoneToSms(Object(Laravel\\Lumen\\Http\\Request))
#13 /var/www/html/xapi/vendor/illuminate/container/BoundMethod.php(32): call_user_func_array(Array, Array)
#14 /var/www/html/xapi/vendor/illuminate/container/BoundMethod.php(90): Illuminate\\Container\\BoundMethod::Illuminate\\Container\\{closure}()
#15 /var/www/html/xapi/vendor/illuminate/container/BoundMethod.php(34): Illuminate\\Container\\BoundMethod::callBoundMethod(Object(Laravel\\Lumen\\Application), Array, Object(Closure))
#16 /var/www/html/xapi/vendor/illuminate/container/Container.php(576): Illuminate\\Container\\BoundMethod::call(Object(Laravel\\Lumen\\Application), Array, Array, NULL)
#17 /var/www/html/xapi/vendor/laravel/lumen-framework/src/Concerns/RoutesRequests.php(376): Illuminate\\Container\\Container->call(Array, Array)
#18 /var/www/html/xapi/vendor/laravel/lumen-framework/src/Concerns/RoutesRequests.php(319): Laravel\\Lumen\\Application->callControllerCallable(Array, Array)
#19 /var/www/html/xapi/vendor/laravel/lumen-framework/src/Concerns/RoutesRequests.php(278): Laravel\\Lumen\\Application->callControllerAction(Array)
#20 /var/www/html/xapi/vendor/laravel/lumen-framework/src/Concerns/RoutesRequests.php(258): Laravel\\Lumen\\Application->callActionOnArrayBasedRoute(Array)
#21 [internal function]: Laravel\\Lumen\\Application->Laravel\\Lumen\\Concerns\\{closure}(Object(Laravel\\Lumen\\Http\\Request))
#22 /var/www/html/xapi/vendor/laravel/lumen-framework/src/Routing/Pipeline.php(52): call_user_func(Object(Closure), Object(Laravel\\Lumen\\Http\\Request))
#23 /var/www/html/xapi/app/Http/Middleware/Authenticate.php(43): Laravel\\Lumen\\Routing\\Pipeline->Laravel\\Lumen\\Routing\\{closure}(Object(Laravel\\Lumen\\Http\\Request))
#24 /var/www/html/xapi/vendor/illuminate/pipeline/Pipeline.php(163): App\\Http\\Middleware\\Authenticate->handle(Object(Laravel\\Lumen\\Http\\Request), Object(Closure))
#25 [internal function]: Illuminate\\Pipeline\\Pipeline->Illuminate\\Pipeline\\{closure}(Object(Laravel\\Lumen\\Http\\Request))
#26 /var/www/html/xapi/vendor/laravel/lumen-framework/src/Routing/Pipeline.php(32): call_user_func(Object(Closure), Object(Laravel\\Lumen\\Http\\Request))
#27 /var/www/html/xapi/vendor/illuminate/pipeline/Pipeline.php(104): Laravel\\Lumen\\Routing\\Pipeline->Laravel\\Lumen\\Routing\\{closure}(Object(Laravel\\Lumen\\Http\\Request))
#28 /var/www/html/xapi/vendor/laravel/lumen-framework/src/Concerns/RoutesRequests.php(413): Illuminate\\Pipeline\\Pipeline->then(Object(Closure))
#29 /var/www/html/xapi/vendor/laravel/lumen-framework/src/Concerns/RoutesRequests.php(259): Laravel\\Lumen\\Application->sendThroughPipeline(Array, Object(Closure))
#30 /var/www/html/xapi/vendor/laravel/lumen-framework/src/Concerns/RoutesRequests.php(165): Laravel\\Lumen\\Application->handleFoundRoute(Array)
#31 [internal function]: Laravel\\Lumen\\Application->Laravel\\Lumen\\Concerns\\{closure}(Object(Laravel\\Lumen\\Http\\Request))
#32 /var/www/html/xapi/vendor/laravel/lumen-framework/src/Routing/Pipeline.php(52): call_user_func(Object(Closure), Object(Laravel\\Lumen\\Http\\Request))
#33 /var/www/html/xapi/app/Http/Middleware/CorsMiddleware.php(26): Laravel\\Lumen\\Routing\\Pipeline->Laravel\\Lumen\\Routing\\{closure}(Object(Laravel\\Lumen\\Http\\Request))
#34 /var/www/html/xapi/vendor/illuminate/pipeline/Pipeline.php(163): App\\Http\\Middleware\\CorsMiddleware->handle(Object(Laravel\\Lumen\\Http\\Request), Object(Closure))
#35 [internal function]: Illuminate\\Pipeline\\Pipeline->Illuminate\\Pipeline\\{closure}(Object(Laravel\\Lumen\\Http\\Request))
#36 /var/www/html/xapi/vendor/laravel/lumen-framework/src/Routing/Pipeline.php(32): call_user_func(Object(Closure), Object(Laravel\\Lumen\\Http\\Request))
#37 /var/www/html/xapi/vendor/illuminate/pipeline/Pipeline.php(104): Laravel\\Lumen\\Routing\\Pipeline->Laravel\\Lumen\\Routing\\{closure}(Object(Laravel\\Lumen\\Http\\Request))
#38 /var/www/html/xapi/vendor/laravel/lumen-framework/src/Concerns/RoutesRequests.php(413): Illuminate\\Pipeline\\Pipeline->then(Object(Closure))
#39 /var/www/html/xapi/vendor/laravel/lumen-framework/src/Concerns/RoutesRequests.php(171): Laravel\\Lumen\\Application->sendThroughPipeline(Array, Object(Closure))
#40 /var/www/html/xapi/vendor/laravel/lumen-framework/src/Concerns/RoutesRequests.php(108): Laravel\\Lumen\\Application->dispatch(NULL)
#41 /var/www/html/xapi/public/index.php(26): Laravel\\Lumen\\Application->run()
#42 {main}
"} 
[2019-08-13 13:59:57] local.ERROR: ErrorException: file_get_contents(http://utf8.api.smschinese.cn/?Uid=杨钧皓123&amp;Key=d41d8cd98f00b204e980&amp;smsMob=18125023620&amp;smsText=西里西里TV:请输入您的验证码完成手机绑定,验证码:59964,请记住我们的网址 https://faaci.cn/): failed to open stream: HTTP request failed! HTTP/1.1 400 Bad Request
 in /var/www/html/xapi/app/Services/Sms/Tasks/Phone.php:56
Stack trace:
#0 [internal function]: Laravel\Lumen\Application->Laravel\Lumen\Concerns\{closure}(2, 'file_get_conten...', '/var/www/html/x...', 56, Array)
#1 /var/www/html/xapi/app/Services/Sms/Tasks/Phone.php(56): file_get_contents('http://utf8.api...')
#2 /var/www/html/xapi/app/Services/Sms/Tasks/Phone.php(36): App\Services\Sms\Tasks\Phone->smschineseHandle()
#3 /var/www/html/xapi/app/Services/Sms/Tasks/Phone.php(30): App\Services\Sms\Tasks\Phone->send()
#4 /var/www/html/xapi/app/Services/ServiceCaller.php(39): App\Services\Sms\Tasks\Phone->run()
#5 /var/www/html/xapi/app/Services/ServiceCaller.php(25): App\Services\ServiceCaller::runTaskService(Object(App\Services\Sms\Tasks\Phone))
#6 /var/www/html/xapi/app/Services/ServiceCaller.php(16): App\Services\ServiceCaller::callTaskService(Object(App\Services\Sms\Tasks\Phone), Array)
#7 /var/www/html/xapi/app/Services/User/Tasks/BindPhoneToSms.php(24): App\Services\ServiceCaller::call('task', Object(App\Services\Sms\Tasks\Phone))
#8 /var/www/html/xapi/app/Services/ServiceCaller.php(39): App\Services\User\Tasks\BindPhoneToSms->run()
#9 /var/www/html/xapi/app/Services/ServiceCaller.php(25): App\Services\ServiceCaller::runTaskService(Object(App\Services\User\Tasks\BindPhoneToSms))
#10 /var/www/html/xapi/app/Services/ServiceCaller.php(16): App\Services\ServiceCaller::callTaskService(Object(App\Services\User\Tasks\BindPhoneToSms), Array)
#11 /var/www/html/xapi/app/Http/Controllers/UserController.php(81): App\Services\ServiceCaller::call('task', Object(App\Services\User\Tasks\BindPhoneToSms))
#12 [internal function]: App\Http\Controllers\UserController->bindPhoneToSms(Object(Laravel\Lumen\Http\Request))
#13 /var/www/html/xapi/vendor/illuminate/container/BoundMethod.php(32): call_user_func_array(Array, Array)
#14 /var/www/html/xapi/vendor/illuminate/container/BoundMethod.php(90): Illuminate\Container\BoundMethod::Illuminate\Container\{closure}()
#15 /var/www/html/xapi/vendor/illuminate/container/BoundMethod.php(34): Illuminate\Container\BoundMethod::callBoundMethod(Object(Laravel\Lumen\Application), Array, Object(Closure))
#16 /var/www/html/xapi/vendor/illuminate/container/Container.php(576): Illuminate\Container\BoundMethod::call(Object(Laravel\Lumen\Application), Array, Array, NULL)
#17 /var/www/html/xapi/vendor/laravel/lumen-framework/src/Concerns/RoutesRequests.php(376): Illuminate\Container\Container->call(Array, Array)
#18 /var/www/html/xapi/vendor/laravel/lumen-framework/src/Concerns/RoutesRequests.php(319): Laravel\Lumen\Application->callControllerCallable(Array, Array)
#19 /var/www/html/xapi/vendor/laravel/lumen-framework/src/Concerns/RoutesRequests.php(278): Laravel\Lumen\Application->callControllerAction(Array)
#20 /var/www/html/xapi/vendor/laravel/lumen-framework/src/Concerns/RoutesRequests.php(258): Laravel\Lumen\Application->callActionOnArrayBasedRoute(Array)
#21 [internal function]: Laravel\Lumen\Application->Laravel\Lumen\Concerns\{closure}(Object(Laravel\Lumen\Http\Request))
#22 /var/www/html/xapi/vendor/laravel/lumen-framework/src/Routing/Pipeline.php(52): call_user_func(Object(Closure), Object(Laravel\Lumen\Http\Request))
#23 /var/www/html/xapi/app/Http/Middleware/Authenticate.php(43): Laravel\Lumen\Routing\Pipeline->Laravel\Lumen\Routing\{closure}(Object(Laravel\Lumen\Http\Request))
#24 /var/www/html/xapi/vendor/illuminate/pipeline/Pipeline.php(163): App\Http\Middleware\Authenticate->handle(Object(Laravel\Lumen\Http\Request), Object(Closure))
#25 [internal function]: Illuminate\Pipeline\Pipeline->Illuminate\Pipeline\{closure}(Object(Laravel\Lumen\Http\Request))
#26 /var/www/html/xapi/vendor/laravel/lumen-framework/src/Routing/Pipeline.php(32): call_user_func(Object(Closure), Object(Laravel\Lumen\Http\Request))
#27 /var/www/html/xapi/vendor/illuminate/pipeline/Pipeline.php(104): Laravel\Lumen\Routing\Pipeline->Laravel\Lumen\Routing\{closure}(Object(Laravel\Lumen\Http\Request))
#28 /var/www/html/xapi/vendor/laravel/lumen-framework/src/Concerns/RoutesRequests.php(413): Illuminate\Pipeline\Pipeline->then(Object(Closure))
#29 /var/www/html/xapi/vendor/laravel/lumen-framework/src/Concerns/RoutesRequests.php(259): Laravel\Lumen\Application->sendThroughPipeline(Array, Object(Closure))
#30 /var/www/html/xapi/vendor/laravel/lumen-framework/src/Concerns/RoutesRequests.php(165): Laravel\Lumen\Application->handleFoundRoute(Array)
#31 [internal function]: Laravel\Lumen\Application->Laravel\Lumen\Concerns\{closure}(Object(Laravel\Lumen\Http\Request))
#32 /var/www/html/xapi/vendor/laravel/lumen-framework/src/Routing/Pipeline.php(52): call_user_func(Object(Closure), Object(Laravel\Lumen\Http\Request))
#33 /var/www/html/xapi/app/Http/Middleware/CorsMiddleware.php(26): Laravel\Lumen\Routing\Pipeline->Laravel\Lumen\Routing\{closure}(Object(Laravel\Lumen\Http\Request))
#34 /var/www/html/xapi/vendor/illuminate/pipeline/Pipeline.php(163): App\Http\Middleware\CorsMiddleware->handle(Object(Laravel\Lumen\Http\Request), Object(Closure))
#35 [internal function]: Illuminate\Pipeline\Pipeline->Illuminate\Pipeline\{closure}(Object(Laravel\Lumen\Http\Request))
#36 /var/www/html/xapi/vendor/laravel/lumen-framework/src/Routing/Pipeline.php(32): call_user_func(Object(Closure), Object(Laravel\Lumen\Http\Request))
#37 /var/www/html/xapi/vendor/illuminate/pipeline/Pipeline.php(104): Laravel\Lumen\Routing\Pipeline->Laravel\Lumen\Routing\{closure}(Object(Laravel\Lumen\Http\Request))
#38 /var/www/html/xapi/vendor/laravel/lumen-framework/src/Concerns/RoutesRequests.php(413): Illuminate\Pipeline\Pipeline->then(Object(Closure))
#39 /var/www/html/xapi/vendor/laravel/lumen-framework/src/Concerns/RoutesRequests.php(171): Laravel\Lumen\Application->sendThroughPipeline(Array, Object(Closure))
#40 /var/www/html/xapi/vendor/laravel/lumen-framework/src/Concerns/RoutesRequests.php(108): Laravel\Lumen\Application->dispatch(NULL)
#41 /var/www/html/xapi/public/index.php(26): Laravel\Lumen\Application->run()
#42 {main} {"exception":"[object] (ErrorException(code: 0): file_get_contents(http://utf8.api.smschinese.cn/?Uid=杨钧皓123&amp;Key=d41d8cd98f00b204e980&amp;smsMob=18125023620&amp;smsText=西里西里TV:请输入您的验证码完成手机绑定,验证码:59964,请记住我们的网址 https://faaci.cn/): failed to open stream: HTTP request failed! HTTP/1.1 400 Bad Request
 at /var/www/html/xapi/app/Services/Sms/Tasks/Phone.php:56)
[stacktrace]
#0 [internal function]: Laravel\\Lumen\\Application->Laravel\\Lumen\\Concerns\\{closure}(2, 'file_get_conten...', '/var/www/html/x...', 56, Array)
#1 /var/www/html/xapi/app/Services/Sms/Tasks/Phone.php(56): file_get_contents('http://utf8.api...')
#2 /var/www/html/xapi/app/Services/Sms/Tasks/Phone.php(36): App\\Services\\Sms\\Tasks\\Phone->smschineseHandle()
#3 /var/www/html/xapi/app/Services/Sms/Tasks/Phone.php(30): App\\Services\\Sms\\Tasks\\Phone->send()
#4 /var/www/html/xapi/app/Services/ServiceCaller.php(39): App\\Services\\Sms\\Tasks\\Phone->run()
#5 /var/www/html/xapi/app/Services/ServiceCaller.php(25): App\\Services\\ServiceCaller::runTaskService(Object(App\\Services\\Sms\\Tasks\\Phone))
#6 /var/www/html/xapi/app/Services/ServiceCaller.php(16): App\\Services\\ServiceCaller::callTaskService(Object(App\\Services\\Sms\\Tasks\\Phone), Array)
#7 /var/www/html/xapi/app/Services/User/Tasks/BindPhoneToSms.php(24): App\\Services\\ServiceCaller::call('task', Object(App\\Services\\Sms\\Tasks\\Phone))
#8 /var/www/html/xapi/app/Services/ServiceCaller.php(39): App\\Services\\User\\Tasks\\BindPhoneToSms->run()
#9 /var/www/html/xapi/app/Services/ServiceCaller.php(25): App\\Services\\ServiceCaller::runTaskService(Object(App\\Services\\User\\Tasks\\BindPhoneToSms))
#10 /var/www/html/xapi/app/Services/ServiceCaller.php(16): App\\Services\\ServiceCaller::callTaskService(Object(App\\Services\\User\\Tasks\\BindPhoneToSms), Array)
#11 /var/www/html/xapi/app/Http/Controllers/UserController.php(81): App\\Services\\ServiceCaller::call('task', Object(App\\Services\\User\\Tasks\\BindPhoneToSms))
#12 [internal function]: App\\Http\\Controllers\\UserController->bindPhoneToSms(Object(Laravel\\Lumen\\Http\\Request))
#13 /var/www/html/xapi/vendor/illuminate/container/BoundMethod.php(32): call_user_func_array(Array, Array)
#14 /var/www/html/xapi/vendor/illuminate/container/BoundMethod.php(90): Illuminate\\Container\\BoundMethod::Illuminate\\Container\\{closure}()
#15 /var/www/html/xapi/vendor/illuminate/container/BoundMethod.php(34): Illuminate\\Container\\BoundMethod::callBoundMethod(Object(Laravel\\Lumen\\Application), Array, Object(Closure))
#16 /var/www/html/xapi/vendor/illuminate/container/Container.php(576): Illuminate\\Container\\BoundMethod::call(Object(Laravel\\Lumen\\Application), Array, Array, NULL)
#17 /var/www/html/xapi/vendor/laravel/lumen-framework/src/Concerns/RoutesRequests.php(376): Illuminate\\Container\\Container->call(Array, Array)
#18 /var/www/html/xapi/vendor/laravel/lumen-framework/src/Concerns/RoutesRequests.php(319): Laravel\\Lumen\\Application->callControllerCallable(Array, Array)
#19 /var/www/html/xapi/vendor/laravel/lumen-framework/src/Concerns/RoutesRequests.php(278): Laravel\\Lumen\\Application->callControllerAction(Array)
#20 /var/www/html/xapi/vendor/laravel/lumen-framework/src/Concerns/RoutesRequests.php(258): Laravel\\Lumen\\Application->callActionOnArrayBasedRoute(Array)
#21 [internal function]: Laravel\\Lumen\\Application->Laravel\\Lumen\\Concerns\\{closure}(Object(Laravel\\Lumen\\Http\\Request))
#22 /var/www/html/xapi/vendor/laravel/lumen-framework/src/Routing/Pipeline.php(52): call_user_func(Object(Closure), Object(Laravel\\Lumen\\Http\\Request))
#23 /var/www/html/xapi/app/Http/Middleware/Authenticate.php(43): Laravel\\Lumen\\Routing\\Pipeline->Laravel\\Lumen\\Routing\\{closure}(Object(Laravel\\Lumen\\Http\\Request))
#24 /var/www/html/xapi/vendor/illuminate/pipeline/Pipeline.php(163): App\\Http\\Middleware\\Authenticate->handle(Object(Laravel\\Lumen\\Http\\Request), Object(Closure))
#25 [internal function]: Illuminate\\Pipeline\\Pipeline->Illuminate\\Pipeline\\{closure}(Object(Laravel\\Lumen\\Http\\Request))
#26 /var/www/html/xapi/vendor/laravel/lumen-framework/src/Routing/Pipeline.php(32): call_user_func(Object(Closure), Object(Laravel\\Lumen\\Http\\Request))
#27 /var/www/html/xapi/vendor/illuminate/pipeline/Pipeline.php(104): Laravel\\Lumen\\Routing\\Pipeline->Laravel\\Lumen\\Routing\\{closure}(Object(Laravel\\Lumen\\Http\\Request))
#28 /var/www/html/xapi/vendor/laravel/lumen-framework/src/Concerns/RoutesRequests.php(413): Illuminate\\Pipeline\\Pipeline->then(Object(Closure))
#29 /var/www/html/xapi/vendor/laravel/lumen-framework/src/Concerns/RoutesRequests.php(259): Laravel\\Lumen\\Application->sendThroughPipeline(Array, Object(Closure))
#30 /var/www/html/xapi/vendor/laravel/lumen-framework/src/Concerns/RoutesRequests.php(165): Laravel\\Lumen\\Application->handleFoundRoute(Array)
#31 [internal function]: Laravel\\Lumen\\Application->Laravel\\Lumen\\Concerns\\{closure}(Object(Laravel\\Lumen\\Http\\Request))
#32 /var/www/html/xapi/vendor/laravel/lumen-framework/src/Routing/Pipeline.php(52): call_user_func(Object(Closure), Object(Laravel\\Lumen\\Http\\Request))
#33 /var/www/html/xapi/app/Http/Middleware/CorsMiddleware.php(26): Laravel\\Lumen\\Routing\\Pipeline->Laravel\\Lumen\\Routing\\{closure}(Object(Laravel\\Lumen\\Http\\Request))
#34 /var/www/html/xapi/vendor/illuminate/pipeline/Pipeline.php(163): App\\Http\\Middleware\\CorsMiddleware->handle(Object(Laravel\\Lumen\\Http\\Request), Object(Closure))
#35 [internal function]: Illuminate\\Pipeline\\Pipeline->Illuminate\\Pipeline\\{closure}(Object(Laravel\\Lumen\\Http\\Request))
#36 /var/www/html/xapi/vendor/laravel/lumen-framework/src/Routing/Pipeline.php(32): call_user_func(Object(Closure), Object(Laravel\\Lumen\\Http\\Request))
#37 /var/www/html/xapi/vendor/illuminate/pipeline/Pipeline.php(104): Laravel\\Lumen\\Routing\\Pipeline->Laravel\\Lumen\\Routing\\{closure}(Object(Laravel\\Lumen\\Http\\Request))
#38 /var/www/html/xapi/vendor/laravel/lumen-framework/src/Concerns/RoutesRequests.php(413): Illuminate\\Pipeline\\Pipeline->then(Object(Closure))
#39 /var/www/html/xapi/vendor/laravel/lumen-framework/src/Concerns/RoutesRequests.php(171): Laravel\\Lumen\\Application->sendThroughPipeline(Array, Object(Closure))
#40 /var/www/html/xapi/vendor/laravel/lumen-framework/src/Concerns/RoutesRequests.php(108): Laravel\\Lumen\\Application->dispatch(NULL)
#41 /var/www/html/xapi/public/index.php(26): Laravel\\Lumen\\Application->run()
#42 {main}
"} 
[2019-08-13 14:00:44] local.ERROR: ErrorException: file_get_contents(http://utf8.api.smschinese.cn/?Uid=杨钧皓123&amp;Key=d41d8cd98f00b204e980&amp;smsMob=18125023620&amp;smsText=西里西里TV:请输入您的验证码完成手机绑定,验证码:95286,请记住我们的网址 http://dwz1.cc/W0DGegi): failed to open stream: HTTP request failed! HTTP/1.1 400 Bad Request
 in /var/www/html/xapi/app/Services/Sms/Tasks/Phone.php:56
Stack trace:
#0 [internal function]: Laravel\Lumen\Application->Laravel\Lumen\Concerns\{closure}(2, 'file_get_conten...', '/var/www/html/x...', 56, Array)
#1 /var/www/html/xapi/app/Services/Sms/Tasks/Phone.php(56): file_get_contents('http://utf8.api...')
#2 /var/www/html/xapi/app/Services/Sms/Tasks/Phone.php(36): App\Services\Sms\Tasks\Phone->smschineseHandle()
#3 /var/www/html/xapi/app/Services/Sms/Tasks/Phone.php(30): App\Services\Sms\Tasks\Phone->send()
#4 /var/www/html/xapi/app/Services/ServiceCaller.php(39): App\Services\Sms\Tasks\Phone->run()
#5 /var/www/html/xapi/app/Services/ServiceCaller.php(25): App\Services\ServiceCaller::runTaskService(Object(App\Services\Sms\Tasks\Phone))
#6 /var/www/html/xapi/app/Services/ServiceCaller.php(16): App\Services\ServiceCaller::callTaskService(Object(App\Services\Sms\Tasks\Phone), Array)
#7 /var/www/html/xapi/app/Services/User/Tasks/BindPhoneToSms.php(24): App\Services\ServiceCaller::call('task', Object(App\Services\Sms\Tasks\Phone))
#8 /var/www/html/xapi/app/Services/ServiceCaller.php(39): App\Services\User\Tasks\BindPhoneToSms->run()
#9 /var/www/html/xapi/app/Services/ServiceCaller.php(25): App\Services\ServiceCaller::runTaskService(Object(App\Services\User\Tasks\BindPhoneToSms))
#10 /var/www/html/xapi/app/Services/ServiceCaller.php(16): App\Services\ServiceCaller::callTaskService(Object(App\Services\User\Tasks\BindPhoneToSms), Array)
#11 /var/www/html/xapi/app/Http/Controllers/UserController.php(81): App\Services\ServiceCaller::call('task', Object(App\Services\User\Tasks\BindPhoneToSms))
#12 [internal function]: App\Http\Controllers\UserController->bindPhoneToSms(Object(Laravel\Lumen\Http\Request))
#13 /var/www/html/xapi/vendor/illuminate/container/BoundMethod.php(32): call_user_func_array(Array, Array)
#14 /var/www/html/xapi/vendor/illuminate/container/BoundMethod.php(90): Illuminate\Container\BoundMethod::Illuminate\Container\{closure}()
#15 /var/www/html/xapi/vendor/illuminate/container/BoundMethod.php(34): Illuminate\Container\BoundMethod::callBoundMethod(Object(Laravel\Lumen\Application), Array, Object(Closure))
#16 /var/www/html/xapi/vendor/illuminate/container/Container.php(576): Illuminate\Container\BoundMethod::call(Object(Laravel\Lumen\Application), Array, Array, NULL)
#17 /var/www/html/xapi/vendor/laravel/lumen-framework/src/Concerns/RoutesRequests.php(376): Illuminate\Container\Container->call(Array, Array)
#18 /var/www/html/xapi/vendor/laravel/lumen-framework/src/Concerns/RoutesRequests.php(319): Laravel\Lumen\Application->callControllerCallable(Array, Array)
#19 /var/www/html/xapi/vendor/laravel/lumen-framework/src/Concerns/RoutesRequests.php(278): Laravel\Lumen\Application->callControllerAction(Array)
#20 /var/www/html/xapi/vendor/laravel/lumen-framework/src/Concerns/RoutesRequests.php(258): Laravel\Lumen\Application->callActionOnArrayBasedRoute(Array)
#21 [internal function]: Laravel\Lumen\Application->Laravel\Lumen\Concerns\{closure}(Object(Laravel\Lumen\Http\Request))
#22 /var/www/html/xapi/vendor/laravel/lumen-framework/src/Routing/Pipeline.php(52): call_user_func(Object(Closure), Object(Laravel\Lumen\Http\Request))
#23 /var/www/html/xapi/app/Http/Middleware/Authenticate.php(43): Laravel\Lumen\Routing\Pipeline->Laravel\Lumen\Routing\{closure}(Object(Laravel\Lumen\Http\Request))
#24 /var/www/html/xapi/vendor/illuminate/pipeline/Pipeline.php(163): App\Http\Middleware\Authenticate->handle(Object(Laravel\Lumen\Http\Request), Object(Closure))
#25 [internal function]: Illuminate\Pipeline\Pipeline->Illuminate\Pipeline\{closure}(Object(Laravel\Lumen\Http\Request))
#26 /var/www/html/xapi/vendor/laravel/lumen-framework/src/Routing/Pipeline.php(32): call_user_func(Object(Closure), Object(Laravel\Lumen\Http\Request))
#27 /var/www/html/xapi/vendor/illuminate/pipeline/Pipeline.php(104): Laravel\Lumen\Routing\Pipeline->Laravel\Lumen\Routing\{closure}(Object(Laravel\Lumen\Http\Request))
#28 /var/www/html/xapi/vendor/laravel/lumen-framework/src/Concerns/RoutesRequests.php(413): Illuminate\Pipeline\Pipeline->then(Object(Closure))
#29 /var/www/html/xapi/vendor/laravel/lumen-framework/src/Concerns/RoutesRequests.php(259): Laravel\Lumen\Application->sendThroughPipeline(Array, Object(Closure))
#30 /var/www/html/xapi/vendor/laravel/lumen-framework/src/Concerns/RoutesRequests.php(165): Laravel\Lumen\Application->handleFoundRoute(Array)
#31 [internal function]: Laravel\Lumen\Application->Laravel\Lumen\Concerns\{closure}(Object(Laravel\Lumen\Http\Request))
#32 /var/www/html/xapi/vendor/laravel/lumen-framework/src/Routing/Pipeline.php(52): call_user_func(Object(Closure), Object(Laravel\Lumen\Http\Request))
#33 /var/www/html/xapi/app/Http/Middleware/CorsMiddleware.php(26): Laravel\Lumen\Routing\Pipeline->Laravel\Lumen\Routing\{closure}(Object(Laravel\Lumen\Http\Request))
#34 /var/www/html/xapi/vendor/illuminate/pipeline/Pipeline.php(163): App\Http\Middleware\CorsMiddleware->handle(Object(Laravel\Lumen\Http\Request), Object(Closure))
#35 [internal function]: Illuminate\Pipeline\Pipeline->Illuminate\Pipeline\{closure}(Object(Laravel\Lumen\Http\Request))
#36 /var/www/html/xapi/vendor/laravel/lumen-framework/src/Routing/Pipeline.php(32): call_user_func(Object(Closure), Object(Laravel\Lumen\Http\Request))
#37 /var/www/html/xapi/vendor/illuminate/pipeline/Pipeline.php(104): Laravel\Lumen\Routing\Pipeline->Laravel\Lumen\Routing\{closure}(Object(Laravel\Lumen\Http\Request))
#38 /var/www/html/xapi/vendor/laravel/lumen-framework/src/Concerns/RoutesRequests.php(413): Illuminate\Pipeline\Pipeline->then(Object(Closure))
#39 /var/www/html/xapi/vendor/laravel/lumen-framework/src/Concerns/RoutesRequests.php(171): Laravel\Lumen\Application->sendThroughPipeline(Array, Object(Closure))
#40 /var/www/html/xapi/vendor/laravel/lumen-framework/src/Concerns/RoutesRequests.php(108): Laravel\Lumen\Application->dispatch(NULL)
#41 /var/www/html/xapi/public/index.php(26): Laravel\Lumen\Application->run()
#42 {main} {"exception":"[object] (ErrorException(code: 0): file_get_contents(http://utf8.api.smschinese.cn/?Uid=杨钧皓123&amp;Key=d41d8cd98f00b204e980&amp;smsMob=18125023620&amp;smsText=西里西里TV:请输入您的验证码完成手机绑定,验证码:95286,请记住我们的网址 http://dwz1.cc/W0DGegi): failed to open stream: HTTP request failed! HTTP/1.1 400 Bad Request
 at /var/www/html/xapi/app/Services/Sms/Tasks/Phone.php:56)
[stacktrace]
#0 [internal function]: Laravel\\Lumen\\Application->Laravel\\Lumen\\Concerns\\{closure}(2, 'file_get_conten...', '/var/www/html/x...', 56, Array)
#1 /var/www/html/xapi/app/Services/Sms/Tasks/Phone.php(56): file_get_contents('http://utf8.api...')
#2 /var/www/html/xapi/app/Services/Sms/Tasks/Phone.php(36): App\\Services\\Sms\\Tasks\\Phone->smschineseHandle()
#3 /var/www/html/xapi/app/Services/Sms/Tasks/Phone.php(30): App\\Services\\Sms\\Tasks\\Phone->send()
#4 /var/www/html/xapi/app/Services/ServiceCaller.php(39): App\\Services\\Sms\\Tasks\\Phone->run()
#5 /var/www/html/xapi/app/Services/ServiceCaller.php(25): App\\Services\\ServiceCaller::runTaskService(Object(App\\Services\\Sms\\Tasks\\Phone))
#6 /var/www/html/xapi/app/Services/ServiceCaller.php(16): App\\Services\\ServiceCaller::callTaskService(Object(App\\Services\\Sms\\Tasks\\Phone), Array)
#7 /var/www/html/xapi/app/Services/User/Tasks/BindPhoneToSms.php(24): App\\Services\\ServiceCaller::call('task', Object(App\\Services\\Sms\\Tasks\\Phone))
#8 /var/www/html/xapi/app/Services/ServiceCaller.php(39): App\\Services\\User\\Tasks\\BindPhoneToSms->run()
#9 /var/www/html/xapi/app/Services/ServiceCaller.php(25): App\\Services\\ServiceCaller::runTaskService(Object(App\\Services\\User\\Tasks\\BindPhoneToSms))
#10 /var/www/html/xapi/app/Services/ServiceCaller.php(16): App\\Services\\ServiceCaller::callTaskService(Object(App\\Services\\User\\Tasks\\BindPhoneToSms), Array)
#11 /var/www/html/xapi/app/Http/Controllers/UserController.php(81): App\\Services\\ServiceCaller::call('task', Object(App\\Services\\User\\Tasks\\BindPhoneToSms))
#12 [internal function]: App\\Http\\Controllers\\UserController->bindPhoneToSms(Object(Laravel\\Lumen\\Http\\Request))
#13 /var/www/html/xapi/vendor/illuminate/container/BoundMethod.php(32): call_user_func_array(Array, Array)
#14 /var/www/html/xapi/vendor/illuminate/container/BoundMethod.php(90): Illuminate\\Container\\BoundMethod::Illuminate\\Container\\{closure}()
#15 /var/www/html/xapi/vendor/illuminate/container/BoundMethod.php(34): Illuminate\\Container\\BoundMethod::callBoundMethod(Object(Laravel\\Lumen\\Application), Array, Object(Closure))
#16 /var/www/html/xapi/vendor/illuminate/container/Container.php(576): Illuminate\\Container\\BoundMethod::call(Object(Laravel\\Lumen\\Application), Array, Array, NULL)
#17 /var/www/html/xapi/vendor/laravel/lumen-framework/src/Concerns/RoutesRequests.php(376): Illuminate\\Container\\Container->call(Array, Array)
#18 /var/www/html/xapi/vendor/laravel/lumen-framework/src/Concerns/RoutesRequests.php(319): Laravel\\Lumen\\Application->callControllerCallable(Array, Array)
#19 /var/www/html/xapi/vendor/laravel/lumen-framework/src/Concerns/RoutesRequests.php(278): Laravel\\Lumen\\Application->callControllerAction(Array)
#20 /var/www/html/xapi/vendor/laravel/lumen-framework/src/Concerns/RoutesRequests.php(258): Laravel\\Lumen\\Application->callActionOnArrayBasedRoute(Array)
#21 [internal function]: Laravel\\Lumen\\Application->Laravel\\Lumen\\Concerns\\{closure}(Object(Laravel\\Lumen\\Http\\Request))
#22 /var/www/html/xapi/vendor/laravel/lumen-framework/src/Routing/Pipeline.php(52): call_user_func(Object(Closure), Object(Laravel\\Lumen\\Http\\Request))
#23 /var/www/html/xapi/app/Http/Middleware/Authenticate.php(43): Laravel\\Lumen\\Routing\\Pipeline->Laravel\\Lumen\\Routing\\{closure}(Object(Laravel\\Lumen\\Http\\Request))
#24 /var/www/html/xapi/vendor/illuminate/pipeline/Pipeline.php(163): App\\Http\\Middleware\\Authenticate->handle(Object(Laravel\\Lumen\\Http\\Request), Object(Closure))
#25 [internal function]: Illuminate\\Pipeline\\Pipeline->Illuminate\\Pipeline\\{closure}(Object(Laravel\\Lumen\\Http\\Request))
#26 /var/www/html/xapi/vendor/laravel/lumen-framework/src/Routing/Pipeline.php(32): call_user_func(Object(Closure), Object(Laravel\\Lumen\\Http\\Request))
#27 /var/www/html/xapi/vendor/illuminate/pipeline/Pipeline.php(104): Laravel\\Lumen\\Routing\\Pipeline->Laravel\\Lumen\\Routing\\{closure}(Object(Laravel\\Lumen\\Http\\Request))
#28 /var/www/html/xapi/vendor/laravel/lumen-framework/src/Concerns/RoutesRequests.php(413): Illuminate\\Pipeline\\Pipeline->then(Object(Closure))
#29 /var/www/html/xapi/vendor/laravel/lumen-framework/src/Concerns/RoutesRequests.php(259): Laravel\\Lumen\\Application->sendThroughPipeline(Array, Object(Closure))
#30 /var/www/html/xapi/vendor/laravel/lumen-framework/src/Concerns/RoutesRequests.php(165): Laravel\\Lumen\\Application->handleFoundRoute(Array)
#31 [internal function]: Laravel\\Lumen\\Application->Laravel\\Lumen\\Concerns\\{closure}(Object(Laravel\\Lumen\\Http\\Request))
#32 /var/www/html/xapi/vendor/laravel/lumen-framework/src/Routing/Pipeline.php(52): call_user_func(Object(Closure), Object(Laravel\\Lumen\\Http\\Request))
#33 /var/www/html/xapi/app/Http/Middleware/CorsMiddleware.php(26): Laravel\\Lumen\\Routing\\Pipeline->Laravel\\Lumen\\Routing\\{closure}(Object(Laravel\\Lumen\\Http\\Request))
#34 /var/www/html/xapi/vendor/illuminate/pipeline/Pipeline.php(163): App\\Http\\Middleware\\CorsMiddleware->handle(Object(Laravel\\Lumen\\Http\\Request), Object(Closure))
#35 [internal function]: Illuminate\\Pipeline\\Pipeline->Illuminate\\Pipeline\\{closure}(Object(Laravel\\Lumen\\Http\\Request))
#36 /var/www/html/xapi/vendor/laravel/lumen-framework/src/Routing/Pipeline.php(32): call_user_func(Object(Closure), Object(Laravel\\Lumen\\Http\\Request))
#37 /var/www/html/xapi/vendor/illuminate/pipeline/Pipeline.php(104): Laravel\\Lumen\\Routing\\Pipeline->Laravel\\Lumen\\Routing\\{closure}(Object(Laravel\\Lumen\\Http\\Request))
#38 /var/www/html/xapi/vendor/laravel/lumen-framework/src/Concerns/RoutesRequests.php(413): Illuminate\\Pipeline\\Pipeline->then(Object(Closure))
#39 /var/www/html/xapi/vendor/laravel/lumen-framework/src/Concerns/RoutesRequests.php(171): Laravel\\Lumen\\Application->sendThroughPipeline(Array, Object(Closure))
#40 /var/www/html/xapi/vendor/laravel/lumen-framework/src/Concerns/RoutesRequests.php(108): Laravel\\Lumen\\Application->dispatch(NULL)
#41 /var/www/html/xapi/public/index.php(26): Laravel\\Lumen\\Application->run()
#42 {main}
"} 
[2019-08-13 14:01:45] local.ERROR: ErrorException: file_get_contents(http://utf8.api.smschinese.cn/?Uid=杨钧皓123&amp;Key=d41d8cd98f00b204e980&amp;smsMob=18125023620&amp;smsText=西里西里TV:请输入您的验证码完成手机绑定,验证码:97944,请记住我们的网址 faaci.cn): failed to open stream: HTTP request failed! HTTP/1.1 400 Bad Request
 in /var/www/html/xapi/app/Services/Sms/Tasks/Phone.php:56
Stack trace:
#0 [internal function]: Laravel\Lumen\Application->Laravel\Lumen\Concerns\{closure}(2, 'file_get_conten...', '/var/www/html/x...', 56, Array)
#1 /var/www/html/xapi/app/Services/Sms/Tasks/Phone.php(56): file_get_contents('http://utf8.api...')
#2 /var/www/html/xapi/app/Services/Sms/Tasks/Phone.php(36): App\Services\Sms\Tasks\Phone->smschineseHandle()
#3 /var/www/html/xapi/app/Services/Sms/Tasks/Phone.php(30): App\Services\Sms\Tasks\Phone->send()
#4 /var/www/html/xapi/app/Services/ServiceCaller.php(39): App\Services\Sms\Tasks\Phone->run()
#5 /var/www/html/xapi/app/Services/ServiceCaller.php(25): App\Services\ServiceCaller::runTaskService(Object(App\Services\Sms\Tasks\Phone))
#6 /var/www/html/xapi/app/Services/ServiceCaller.php(16): App\Services\ServiceCaller::callTaskService(Object(App\Services\Sms\Tasks\Phone), Array)
#7 /var/www/html/xapi/app/Services/User/Tasks/BindPhoneToSms.php(24): App\Services\ServiceCaller::call('task', Object(App\Services\Sms\Tasks\Phone))
#8 /var/www/html/xapi/app/Services/ServiceCaller.php(39): App\Services\User\Tasks\BindPhoneToSms->run()
#9 /var/www/html/xapi/app/Services/ServiceCaller.php(25): App\Services\ServiceCaller::runTaskService(Object(App\Services\User\Tasks\BindPhoneToSms))
#10 /var/www/html/xapi/app/Services/ServiceCaller.php(16): App\Services\ServiceCaller::callTaskService(Object(App\Services\User\Tasks\BindPhoneToSms), Array)
#11 /var/www/html/xapi/app/Http/Controllers/UserController.php(81): App\Services\ServiceCaller::call('task', Object(App\Services\User\Tasks\BindPhoneToSms))
#12 [internal function]: App\Http\Controllers\UserController->bindPhoneToSms(Object(Laravel\Lumen\Http\Request))
#13 /var/www/html/xapi/vendor/illuminate/container/BoundMethod.php(32): call_user_func_array(Array, Array)
#14 /var/www/html/xapi/vendor/illuminate/container/BoundMethod.php(90): Illuminate\Container\BoundMethod::Illuminate\Container\{closure}()
#15 /var/www/html/xapi/vendor/illuminate/container/BoundMethod.php(34): Illuminate\Container\BoundMethod::callBoundMethod(Object(Laravel\Lumen\Application), Array, Object(Closure))
#16 /var/www/html/xapi/vendor/illuminate/container/Container.php(576): Illuminate\Container\BoundMethod::call(Object(Laravel\Lumen\Application), Array, Array, NULL)
#17 /var/www/html/xapi/vendor/laravel/lumen-framework/src/Concerns/RoutesRequests.php(376): Illuminate\Container\Container->call(Array, Array)
#18 /var/www/html/xapi/vendor/laravel/lumen-framework/src/Concerns/RoutesRequests.php(319): Laravel\Lumen\Application->callControllerCallable(Array, Array)
#19 /var/www/html/xapi/vendor/laravel/lumen-framework/src/Concerns/RoutesRequests.php(278): Laravel\Lumen\Application->callControllerAction(Array)
#20 /var/www/html/xapi/vendor/laravel/lumen-framework/src/Concerns/RoutesRequests.php(258): Laravel\Lumen\Application->callActionOnArrayBasedRoute(Array)
#21 [internal function]: Laravel\Lumen\Application->Laravel\Lumen\Concerns\{closure}(Object(Laravel\Lumen\Http\Request))
#22 /var/www/html/xapi/vendor/laravel/lumen-framework/src/Routing/Pipeline.php(52): call_user_func(Object(Closure), Object(Laravel\Lumen\Http\Request))
#23 /var/www/html/xapi/app/Http/Middleware/Authenticate.php(43): Laravel\Lumen\Routing\Pipeline->Laravel\Lumen\Routing\{closure}(Object(Laravel\Lumen\Http\Request))
#24 /var/www/html/xapi/vendor/illuminate/pipeline/Pipeline.php(163): App\Http\Middleware\Authenticate->handle(Object(Laravel\Lumen\Http\Request), Object(Closure))
#25 [internal function]: Illuminate\Pipeline\Pipeline->Illuminate\Pipeline\{closure}(Object(Laravel\Lumen\Http\Request))
#26 /var/www/html/xapi/vendor/laravel/lumen-framework/src/Routing/Pipeline.php(32): call_user_func(Object(Closure), Object(Laravel\Lumen\Http\Request))
#27 /var/www/html/xapi/vendor/illuminate/pipeline/Pipeline.php(104): Laravel\Lumen\Routing\Pipeline->Laravel\Lumen\Routing\{closure}(Object(Laravel\Lumen\Http\Request))
#28 /var/www/html/xapi/vendor/laravel/lumen-framework/src/Concerns/RoutesRequests.php(413): Illuminate\Pipeline\Pipeline->then(Object(Closure))
#29 /var/www/html/xapi/vendor/laravel/lumen-framework/src/Concerns/RoutesRequests.php(259): Laravel\Lumen\Application->sendThroughPipeline(Array, Object(Closure))
#30 /var/www/html/xapi/vendor/laravel/lumen-framework/src/Concerns/RoutesRequests.php(165): Laravel\Lumen\Application->handleFoundRoute(Array)
#31 [internal function]: Laravel\Lumen\Application->Laravel\Lumen\Concerns\{closure}(Object(Laravel\Lumen\Http\Request))
#32 /var/www/html/xapi/vendor/laravel/lumen-framework/src/Routing/Pipeline.php(52): call_user_func(Object(Closure), Object(Laravel\Lumen\Http\Request))
#33 /var/www/html/xapi/app/Http/Middleware/CorsMiddleware.php(26): Laravel\Lumen\Routing\Pipeline->Laravel\Lumen\Routing\{closure}(Object(Laravel\Lumen\Http\Request))
#34 /var/www/html/xapi/vendor/illuminate/pipeline/Pipeline.php(163): App\Http\Middleware\CorsMiddleware->handle(Object(Laravel\Lumen\Http\Request), Object(Closure))
#35 [internal function]: Illuminate\Pipeline\Pipeline->Illuminate\Pipeline\{closure}(Object(Laravel\Lumen\Http\Request))
#36 /var/www/html/xapi/vendor/laravel/lumen-framework/src/Routing/Pipeline.php(32): call_user_func(Object(Closure), Object(Laravel\Lumen\Http\Request))
#37 /var/www/html/xapi/vendor/illuminate/pipeline/Pipeline.php(104): Laravel\Lumen\Routing\Pipeline->Laravel\Lumen\Routing\{closure}(Object(Laravel\Lumen\Http\Request))
#38 /var/www/html/xapi/vendor/laravel/lumen-framework/src/Concerns/RoutesRequests.php(413): Illuminate\Pipeline\Pipeline->then(Object(Closure))
#39 /var/www/html/xapi/vendor/laravel/lumen-framework/src/Concerns/RoutesRequests.php(171): Laravel\Lumen\Application->sendThroughPipeline(Array, Object(Closure))
#40 /var/www/html/xapi/vendor/laravel/lumen-framework/src/Concerns/RoutesRequests.php(108): Laravel\Lumen\Application->dispatch(NULL)
#41 /var/www/html/xapi/public/index.php(26): Laravel\Lumen\Application->run()
#42 {main} {"exception":"[object] (ErrorException(code: 0): file_get_contents(http://utf8.api.smschinese.cn/?Uid=杨钧皓123&amp;Key=d41d8cd98f00b204e980&amp;smsMob=18125023620&amp;smsText=西里西里TV:请输入您的验证码完成手机绑定,验证码:97944,请记住我们的网址 faaci.cn): failed to open stream: HTTP request failed! HTTP/1.1 400 Bad Request
 at /var/www/html/xapi/app/Services/Sms/Tasks/Phone.php:56)
[stacktrace]
#0 [internal function]: Laravel\\Lumen\\Application->Laravel\\Lumen\\Concerns\\{closure}(2, 'file_get_conten...', '/var/www/html/x...', 56, Array)
#1 /var/www/html/xapi/app/Services/Sms/Tasks/Phone.php(56): file_get_contents('http://utf8.api...')
#2 /var/www/html/xapi/app/Services/Sms/Tasks/Phone.php(36): App\\Services\\Sms\\Tasks\\Phone->smschineseHandle()
#3 /var/www/html/xapi/app/Services/Sms/Tasks/Phone.php(30): App\\Services\\Sms\\Tasks\\Phone->send()
#4 /var/www/html/xapi/app/Services/ServiceCaller.php(39): App\\Services\\Sms\\Tasks\\Phone->run()
#5 /var/www/html/xapi/app/Services/ServiceCaller.php(25): App\\Services\\ServiceCaller::runTaskService(Object(App\\Services\\Sms\\Tasks\\Phone))
#6 /var/www/html/xapi/app/Services/ServiceCaller.php(16): App\\Services\\ServiceCaller::callTaskService(Object(App\\Services\\Sms\\Tasks\\Phone), Array)
#7 /var/www/html/xapi/app/Services/User/Tasks/BindPhoneToSms.php(24): App\\Services\\ServiceCaller::call('task', Object(App\\Services\\Sms\\Tasks\\Phone))
#8 /var/www/html/xapi/app/Services/ServiceCaller.php(39): App\\Services\\User\\Tasks\\BindPhoneToSms->run()
#9 /var/www/html/xapi/app/Services/ServiceCaller.php(25): App\\Services\\ServiceCaller::runTaskService(Object(App\\Services\\User\\Tasks\\BindPhoneToSms))
#10 /var/www/html/xapi/app/Services/ServiceCaller.php(16): App\\Services\\ServiceCaller::callTaskService(Object(App\\Services\\User\\Tasks\\BindPhoneToSms), Array)
#11 /var/www/html/xapi/app/Http/Controllers/UserController.php(81): App\\Services\\ServiceCaller::call('task', Object(App\\Services\\User\\Tasks\\BindPhoneToSms))
#12 [internal function]: App\\Http\\Controllers\\UserController->bindPhoneToSms(Object(Laravel\\Lumen\\Http\\Request))
#13 /var/www/html/xapi/vendor/illuminate/container/BoundMethod.php(32): call_user_func_array(Array, Array)
#14 /var/www/html/xapi/vendor/illuminate/container/BoundMethod.php(90): Illuminate\\Container\\BoundMethod::Illuminate\\Container\\{closure}()
#15 /var/www/html/xapi/vendor/illuminate/container/BoundMethod.php(34): Illuminate\\Container\\BoundMethod::callBoundMethod(Object(Laravel\\Lumen\\Application), Array, Object(Closure))
#16 /var/www/html/xapi/vendor/illuminate/container/Container.php(576): Illuminate\\Container\\BoundMethod::call(Object(Laravel\\Lumen\\Application), Array, Array, NULL)
#17 /var/www/html/xapi/vendor/laravel/lumen-framework/src/Concerns/RoutesRequests.php(376): Illuminate\\Container\\Container->call(Array, Array)
#18 /var/www/html/xapi/vendor/laravel/lumen-framework/src/Concerns/RoutesRequests.php(319): Laravel\\Lumen\\Application->callControllerCallable(Array, Array)
#19 /var/www/html/xapi/vendor/laravel/lumen-framework/src/Concerns/RoutesRequests.php(278): Laravel\\Lumen\\Application->callControllerAction(Array)
#20 /var/www/html/xapi/vendor/laravel/lumen-framework/src/Concerns/RoutesRequests.php(258): Laravel\\Lumen\\Application->callActionOnArrayBasedRoute(Array)
#21 [internal function]: Laravel\\Lumen\\Application->Laravel\\Lumen\\Concerns\\{closure}(Object(Laravel\\Lumen\\Http\\Request))
#22 /var/www/html/xapi/vendor/laravel/lumen-framework/src/Routing/Pipeline.php(52): call_user_func(Object(Closure), Object(Laravel\\Lumen\\Http\\Request))
#23 /var/www/html/xapi/app/Http/Middleware/Authenticate.php(43): Laravel\\Lumen\\Routing\\Pipeline->Laravel\\Lumen\\Routing\\{closure}(Object(Laravel\\Lumen\\Http\\Request))
#24 /var/www/html/xapi/vendor/illuminate/pipeline/Pipeline.php(163): App\\Http\\Middleware\\Authenticate->handle(Object(Laravel\\Lumen\\Http\\Request), Object(Closure))
#25 [internal function]: Illuminate\\Pipeline\\Pipeline->Illuminate\\Pipeline\\{closure}(Object(Laravel\\Lumen\\Http\\Request))
#26 /var/www/html/xapi/vendor/laravel/lumen-framework/src/Routing/Pipeline.php(32): call_user_func(Object(Closure), Object(Laravel\\Lumen\\Http\\Request))
#27 /var/www/html/xapi/vendor/illuminate/pipeline/Pipeline.php(104): Laravel\\Lumen\\Routing\\Pipeline->Laravel\\Lumen\\Routing\\{closure}(Object(Laravel\\Lumen\\Http\\Request))
#28 /var/www/html/xapi/vendor/laravel/lumen-framework/src/Concerns/RoutesRequests.php(413): Illuminate\\Pipeline\\Pipeline->then(Object(Closure))
#29 /var/www/html/xapi/vendor/laravel/lumen-framework/src/Concerns/RoutesRequests.php(259): Laravel\\Lumen\\Application->sendThroughPipeline(Array, Object(Closure))
#30 /var/www/html/xapi/vendor/laravel/lumen-framework/src/Concerns/RoutesRequests.php(165): Laravel\\Lumen\\Application->handleFoundRoute(Array)
#31 [internal function]: Laravel\\Lumen\\Application->Laravel\\Lumen\\Concerns\\{closure}(Object(Laravel\\Lumen\\Http\\Request))
#32 /var/www/html/xapi/vendor/laravel/lumen-framework/src/Routing/Pipeline.php(52): call_user_func(Object(Closure), Object(Laravel\\Lumen\\Http\\Request))
#33 /var/www/html/xapi/app/Http/Middleware/CorsMiddleware.php(26): Laravel\\Lumen\\Routing\\Pipeline->Laravel\\Lumen\\Routing\\{closure}(Object(Laravel\\Lumen\\Http\\Request))
#34 /var/www/html/xapi/vendor/illuminate/pipeline/Pipeline.php(163): App\\Http\\Middleware\\CorsMiddleware->handle(Object(Laravel\\Lumen\\Http\\Request), Object(Closure))
#35 [internal function]: Illuminate\\Pipeline\\Pipeline->Illuminate\\Pipeline\\{closure}(Object(Laravel\\Lumen\\Http\\Request))
#36 /var/www/html/xapi/vendor/laravel/lumen-framework/src/Routing/Pipeline.php(32): call_user_func(Object(Closure), Object(Laravel\\Lumen\\Http\\Request))
#37 /var/www/html/xapi/vendor/illuminate/pipeline/Pipeline.php(104): Laravel\\Lumen\\Routing\\Pipeline->Laravel\\Lumen\\Routing\\{closure}(Object(Laravel\\Lumen\\Http\\Request))
#38 /var/www/html/xapi/vendor/laravel/lumen-framework/src/Concerns/RoutesRequests.php(413): Illuminate\\Pipeline\\Pipeline->then(Object(Closure))
#39 /var/www/html/xapi/vendor/laravel/lumen-framework/src/Concerns/RoutesRequests.php(171): Laravel\\Lumen\\Application->sendThroughPipeline(Array, Object(Closure))
#40 /var/www/html/xapi/vendor/laravel/lumen-framework/src/Concerns/RoutesRequests.php(108): Laravel\\Lumen\\Application->dispatch(NULL)
#41 /var/www/html/xapi/public/index.php(26): Laravel\\Lumen\\Application->run()
#42 {main}
"} 
