[2019-08-28 10:42:47] local.ERROR: Predis\Connection\ConnectionException: Connection refused [tcp://127.0.0.1:6379] in /var/www/html/xapi/vendor/predis/predis/src/Connection/AbstractConnection.php:155
Stack trace:
#0 /var/www/html/xapi/vendor/predis/predis/src/Connection/StreamConnection.php(128): Predis\Connection\AbstractConnection->onConnectionError('Connection refu...', 111)
#1 /var/www/html/xapi/vendor/predis/predis/src/Connection/StreamConnection.php(178): Predis\Connection\StreamConnection->createStreamSocket(Object(Predis\Connection\Parameters), 'tcp://127.0.0.1...', 4)
#2 /var/www/html/xapi/vendor/predis/predis/src/Connection/StreamConnection.php(100): Predis\Connection\StreamConnection->tcpStreamInitializer(Object(Predis\Connection\Parameters))
#3 /var/www/html/xapi/vendor/predis/predis/src/Connection/AbstractConnection.php(81): Predis\Connection\StreamConnection->createResource()
#4 /var/www/html/xapi/vendor/predis/predis/src/Connection/StreamConnection.php(258): Predis\Connection\AbstractConnection->connect()
#5 /var/www/html/xapi/vendor/predis/predis/src/Connection/AbstractConnection.php(180): Predis\Connection\StreamConnection->connect()
#6 /var/www/html/xapi/vendor/predis/predis/src/Connection/StreamConnection.php(288): Predis\Connection\AbstractConnection->getResource()
#7 /var/www/html/xapi/vendor/predis/predis/src/Connection/StreamConnection.php(394): Predis\Connection\StreamConnection->write('*2\r\n$3\r\nGET\r\n$2...')
#8 /var/www/html/xapi/vendor/predis/predis/src/Connection/AbstractConnection.php(110): Predis\Connection\StreamConnection->writeRequest(Object(Predis\Command\StringGet))
#9 /var/www/html/xapi/vendor/predis/predis/src/Client.php(331): Predis\Connection\AbstractConnection->executeCommand(Object(Predis\Command\StringGet))
#10 /var/www/html/xapi/vendor/predis/predis/src/Client.php(314): Predis\Client->executeCommand(Object(Predis\Command\StringGet))
#11 /var/www/html/xapi/vendor/illuminate/redis/Connections/Connection.php(114): Predis\Client->__call('get', Array)
#12 /var/www/html/xapi/vendor/illuminate/redis/Connections/Connection.php(214): Illuminate\Redis\Connections\Connection->command('get', Array)
#13 /var/www/html/xapi/vendor/illuminate/cache/RedisStore.php(54): Illuminate\Redis\Connections\Connection->__call('get', Array)
#14 /var/www/html/xapi/vendor/illuminate/cache/Repository.php(97): Illuminate\Cache\RedisStore->get('site_bottom')
#15 /var/www/html/xapi/vendor/illuminate/cache/CacheManager.php(357): Illuminate\Cache\Repository->get('site_bottom')
#16 /var/www/html/xapi/vendor/illuminate/support/Facades/Facade.php(237): Illuminate\Cache\CacheManager->__call('get', Array)
#17 /var/www/html/xapi/app/Repositories/SettingRepository.php(15): Illuminate\Support\Facades\Facade::__callStatic('get', Array)
#18 /var/www/html/xapi/routes/web.php(1449): App\Repositories\SettingRepository::getBottom()
#19 [internal function]: Closure->{closure}()
#20 /var/www/html/xapi/vendor/illuminate/container/BoundMethod.php(32): call_user_func_array(Object(Closure), Array)
#21 /var/www/html/xapi/vendor/illuminate/container/BoundMethod.php(78): Illuminate\Container\BoundMethod::Illuminate\Container\{closure}()
#22 /var/www/html/xapi/vendor/illuminate/container/BoundMethod.php(34): Illuminate\Container\BoundMethod::callBoundMethod(Object(Laravel\Lumen\Application), Object(Closure), Object(Closure))
#23 /var/www/html/xapi/vendor/illuminate/container/Container.php(576): Illuminate\Container\BoundMethod::call(Object(Laravel\Lumen\Application), Object(Closure), Array, NULL)
#24 /var/www/html/xapi/vendor/laravel/lumen-framework/src/Concerns/RoutesRequests.php(289): Illuminate\Container\Container->call(Object(Closure), Array)
#25 /var/www/html/xapi/vendor/laravel/lumen-framework/src/Concerns/RoutesRequests.php(263): Laravel\Lumen\Application->callActionOnArrayBasedRoute(Array)
#26 /var/www/html/xapi/vendor/laravel/lumen-framework/src/Concerns/RoutesRequests.php(165): Laravel\Lumen\Application->handleFoundRoute(Array)
#27 [internal function]: Laravel\Lumen\Application->Laravel\Lumen\Concerns\{closure}(Object(Laravel\Lumen\Http\Request))
#28 /var/www/html/xapi/vendor/laravel/lumen-framework/src/Routing/Pipeline.php(52): call_user_func(Object(Closure), Object(Laravel\Lumen\Http\Request))
#29 /var/www/html/xapi/app/Http/Middleware/CorsMiddleware.php(26): Laravel\Lumen\Routing\Pipeline->Laravel\Lumen\Routing\{closure}(Object(Laravel\Lumen\Http\Request))
#30 /var/www/html/xapi/vendor/illuminate/pipeline/Pipeline.php(163): App\Http\Middleware\CorsMiddleware->handle(Object(Laravel\Lumen\Http\Request), Object(Closure))
#31 [internal function]: Illuminate\Pipeline\Pipeline->Illuminate\Pipeline\{closure}(Object(Laravel\Lumen\Http\Request))
#32 /var/www/html/xapi/vendor/laravel/lumen-framework/src/Routing/Pipeline.php(32): call_user_func(Object(Closure), Object(Laravel\Lumen\Http\Request))
#33 /var/www/html/xapi/vendor/illuminate/pipeline/Pipeline.php(104): Laravel\Lumen\Routing\Pipeline->Laravel\Lumen\Routing\{closure}(Object(Laravel\Lumen\Http\Request))
#34 /var/www/html/xapi/vendor/laravel/lumen-framework/src/Concerns/RoutesRequests.php(413): Illuminate\Pipeline\Pipeline->then(Object(Closure))
#35 /var/www/html/xapi/vendor/laravel/lumen-framework/src/Concerns/RoutesRequests.php(171): Laravel\Lumen\Application->sendThroughPipeline(Array, Object(Closure))
#36 /var/www/html/xapi/vendor/laravel/lumen-framework/src/Concerns/RoutesRequests.php(108): Laravel\Lumen\Application->dispatch(NULL)
#37 /var/www/html/xapi/public/index.php(26): Laravel\Lumen\Application->run()
#38 {main} {"exception":"[object] (Predis\\Connection\\ConnectionException(code: 111): Connection refused [tcp://127.0.0.1:6379] at /var/www/html/xapi/vendor/predis/predis/src/Connection/AbstractConnection.php:155)
[stacktrace]
#0 /var/www/html/xapi/vendor/predis/predis/src/Connection/StreamConnection.php(128): Predis\\Connection\\AbstractConnection->onConnectionError('Connection refu...', 111)
#1 /var/www/html/xapi/vendor/predis/predis/src/Connection/StreamConnection.php(178): Predis\\Connection\\StreamConnection->createStreamSocket(Object(Predis\\Connection\\Parameters), 'tcp://127.0.0.1...', 4)
#2 /var/www/html/xapi/vendor/predis/predis/src/Connection/StreamConnection.php(100): Predis\\Connection\\StreamConnection->tcpStreamInitializer(Object(Predis\\Connection\\Parameters))
#3 /var/www/html/xapi/vendor/predis/predis/src/Connection/AbstractConnection.php(81): Predis\\Connection\\StreamConnection->createResource()
#4 /var/www/html/xapi/vendor/predis/predis/src/Connection/StreamConnection.php(258): Predis\\Connection\\AbstractConnection->connect()
#5 /var/www/html/xapi/vendor/predis/predis/src/Connection/AbstractConnection.php(180): Predis\\Connection\\StreamConnection->connect()
#6 /var/www/html/xapi/vendor/predis/predis/src/Connection/StreamConnection.php(288): Predis\\Connection\\AbstractConnection->getResource()
#7 /var/www/html/xapi/vendor/predis/predis/src/Connection/StreamConnection.php(394): Predis\\Connection\\StreamConnection->write('*2\\
$3\\
GET\\
$2...')
#8 /var/www/html/xapi/vendor/predis/predis/src/Connection/AbstractConnection.php(110): Predis\\Connection\\StreamConnection->writeRequest(Object(Predis\\Command\\StringGet))
#9 /var/www/html/xapi/vendor/predis/predis/src/Client.php(331): Predis\\Connection\\AbstractConnection->executeCommand(Object(Predis\\Command\\StringGet))
#10 /var/www/html/xapi/vendor/predis/predis/src/Client.php(314): Predis\\Client->executeCommand(Object(Predis\\Command\\StringGet))
#11 /var/www/html/xapi/vendor/illuminate/redis/Connections/Connection.php(114): Predis\\Client->__call('get', Array)
#12 /var/www/html/xapi/vendor/illuminate/redis/Connections/Connection.php(214): Illuminate\\Redis\\Connections\\Connection->command('get', Array)
#13 /var/www/html/xapi/vendor/illuminate/cache/RedisStore.php(54): Illuminate\\Redis\\Connections\\Connection->__call('get', Array)
#14 /var/www/html/xapi/vendor/illuminate/cache/Repository.php(97): Illuminate\\Cache\\RedisStore->get('site_bottom')
#15 /var/www/html/xapi/vendor/illuminate/cache/CacheManager.php(357): Illuminate\\Cache\\Repository->get('site_bottom')
#16 /var/www/html/xapi/vendor/illuminate/support/Facades/Facade.php(237): Illuminate\\Cache\\CacheManager->__call('get', Array)
#17 /var/www/html/xapi/app/Repositories/SettingRepository.php(15): Illuminate\\Support\\Facades\\Facade::__callStatic('get', Array)
#18 /var/www/html/xapi/routes/web.php(1449): App\\Repositories\\SettingRepository::getBottom()
#19 [internal function]: Closure->{closure}()
#20 /var/www/html/xapi/vendor/illuminate/container/BoundMethod.php(32): call_user_func_array(Object(Closure), Array)
#21 /var/www/html/xapi/vendor/illuminate/container/BoundMethod.php(78): Illuminate\\Container\\BoundMethod::Illuminate\\Container\\{closure}()
#22 /var/www/html/xapi/vendor/illuminate/container/BoundMethod.php(34): Illuminate\\Container\\BoundMethod::callBoundMethod(Object(Laravel\\Lumen\\Application), Object(Closure), Object(Closure))
#23 /var/www/html/xapi/vendor/illuminate/container/Container.php(576): Illuminate\\Container\\BoundMethod::call(Object(Laravel\\Lumen\\Application), Object(Closure), Array, NULL)
#24 /var/www/html/xapi/vendor/laravel/lumen-framework/src/Concerns/RoutesRequests.php(289): Illuminate\\Container\\Container->call(Object(Closure), Array)
#25 /var/www/html/xapi/vendor/laravel/lumen-framework/src/Concerns/RoutesRequests.php(263): Laravel\\Lumen\\Application->callActionOnArrayBasedRoute(Array)
#26 /var/www/html/xapi/vendor/laravel/lumen-framework/src/Concerns/RoutesRequests.php(165): Laravel\\Lumen\\Application->handleFoundRoute(Array)
#27 [internal function]: Laravel\\Lumen\\Application->Laravel\\Lumen\\Concerns\\{closure}(Object(Laravel\\Lumen\\Http\\Request))
#28 /var/www/html/xapi/vendor/laravel/lumen-framework/src/Routing/Pipeline.php(52): call_user_func(Object(Closure), Object(Laravel\\Lumen\\Http\\Request))
#29 /var/www/html/xapi/app/Http/Middleware/CorsMiddleware.php(26): Laravel\\Lumen\\Routing\\Pipeline->Laravel\\Lumen\\Routing\\{closure}(Object(Laravel\\Lumen\\Http\\Request))
#30 /var/www/html/xapi/vendor/illuminate/pipeline/Pipeline.php(163): App\\Http\\Middleware\\CorsMiddleware->handle(Object(Laravel\\Lumen\\Http\\Request), Object(Closure))
#31 [internal function]: Illuminate\\Pipeline\\Pipeline->Illuminate\\Pipeline\\{closure}(Object(Laravel\\Lumen\\Http\\Request))
#32 /var/www/html/xapi/vendor/laravel/lumen-framework/src/Routing/Pipeline.php(32): call_user_func(Object(Closure), Object(Laravel\\Lumen\\Http\\Request))
#33 /var/www/html/xapi/vendor/illuminate/pipeline/Pipeline.php(104): Laravel\\Lumen\\Routing\\Pipeline->Laravel\\Lumen\\Routing\\{closure}(Object(Laravel\\Lumen\\Http\\Request))
#34 /var/www/html/xapi/vendor/laravel/lumen-framework/src/Concerns/RoutesRequests.php(413): Illuminate\\Pipeline\\Pipeline->then(Object(Closure))
#35 /var/www/html/xapi/vendor/laravel/lumen-framework/src/Concerns/RoutesRequests.php(171): Laravel\\Lumen\\Application->sendThroughPipeline(Array, Object(Closure))
#36 /var/www/html/xapi/vendor/laravel/lumen-framework/src/Concerns/RoutesRequests.php(108): Laravel\\Lumen\\Application->dispatch(NULL)
#37 /var/www/html/xapi/public/index.php(26): Laravel\\Lumen\\Application->run()
#38 {main}
"} 
